backup service is running
On branch main
Your branch is ahead of 'origin/main' by 1 commit.
  (use "git push" to publish your local commits)

Changes not staged for commit:
  (use "git add/rm <file>..." to update what will be committed)
  (use "git checkout -- <file>..." to discard changes in working directory)

	modified:   dionaea/dionaea-errors.log
	deleted:    elk/data/nodes/0/_state/_7ut.cfe
	deleted:    elk/data/nodes/0/_state/_7ut.cfs
	deleted:    elk/data/nodes/0/_state/_7ut.si
	deleted:    elk/data/nodes/0/_state/_7ut_3.liv
	deleted:    elk/data/nodes/0/_state/_7uu.cfe
	deleted:    elk/data/nodes/0/_state/_7uu.cfs
	deleted:    elk/data/nodes/0/_state/_7uu.si
	deleted:    elk/data/nodes/0/_state/_7uw.cfe
	deleted:    elk/data/nodes/0/_state/_7uw.cfs
	deleted:    elk/data/nodes/0/_state/_7uw.si
	deleted:    elk/data/nodes/0/_state/_7v1.cfe
	deleted:    elk/data/nodes/0/_state/_7v1.cfs
	deleted:    elk/data/nodes/0/_state/_7v1.si
	deleted:    elk/data/nodes/0/_state/_7wl.cfe
	deleted:    elk/data/nodes/0/_state/_7wl.cfs
	deleted:    elk/data/nodes/0/_state/_7wl.si
	deleted:    elk/data/nodes/0/_state/manifest-218.st
	deleted:    elk/data/nodes/0/_state/node-218.st
	deleted:    elk/data/nodes/0/_state/segments_87e
	deleted:    elk/data/nodes/0/indices/2jchCQaGRwmkA3wgGNpNNQ/0/_state/state-9.st
	deleted:    elk/data/nodes/0/indices/2jchCQaGRwmkA3wgGNpNNQ/0/translog/translog-14.tlog
	modified:   elk/data/nodes/0/indices/2jchCQaGRwmkA3wgGNpNNQ/0/translog/translog.ckp
	deleted:    elk/data/nodes/0/indices/2jchCQaGRwmkA3wgGNpNNQ/_state/state-79.st
	deleted:    elk/data/nodes/0/indices/768VpBTdRaq7sY8TL1VTBA/0/_state/state-6.st
	deleted:    elk/data/nodes/0/indices/768VpBTdRaq7sY8TL1VTBA/0/translog/translog-12.tlog
	modified:   elk/data/nodes/0/indices/768VpBTdRaq7sY8TL1VTBA/0/translog/translog.ckp
	deleted:    elk/data/nodes/0/indices/768VpBTdRaq7sY8TL1VTBA/_state/state-14.st
	deleted:    elk/data/nodes/0/indices/AtyuaIs2QvWDGICCX0r1vg/0/_state/state-154.st
	deleted:    elk/data/nodes/0/indices/AtyuaIs2QvWDGICCX0r1vg/0/translog/translog-307.tlog
	modified:   elk/data/nodes/0/indices/AtyuaIs2QvWDGICCX0r1vg/0/translog/translog.ckp
	deleted:    elk/data/nodes/0/indices/AtyuaIs2QvWDGICCX0r1vg/_state/state-309.st
	deleted:    elk/data/nodes/0/indices/IVvzj9-6Q6uYfPXL98joHg/0/_state/state-123.st
	deleted:    elk/data/nodes/0/indices/IVvzj9-6Q6uYfPXL98joHg/0/translog/translog-229.tlog
	modified:   elk/data/nodes/0/indices/IVvzj9-6Q6uYfPXL98joHg/0/translog/translog.ckp
	deleted:    elk/data/nodes/0/indices/IVvzj9-6Q6uYfPXL98joHg/_state/state-246.st
	deleted:    elk/data/nodes/0/indices/Nk1KcHqvRYuyh3Unq0RySw/0/_state/state-165.st
	deleted:    elk/data/nodes/0/indices/Nk1KcHqvRYuyh3Unq0RySw/0/translog/translog-165.tlog
	modified:   elk/data/nodes/0/indices/Nk1KcHqvRYuyh3Unq0RySw/0/translog/translog.ckp
	deleted:    elk/data/nodes/0/indices/Nk1KcHqvRYuyh3Unq0RySw/_state/state-322.st
	deleted:    elk/data/nodes/0/indices/S38yI0ugTymquZSvwBDT_A/0/_state/state-161.st
	deleted:    elk/data/nodes/0/indices/S38yI0ugTymquZSvwBDT_A/0/translog/translog-163.tlog
	modified:   elk/data/nodes/0/indices/S38yI0ugTymquZSvwBDT_A/0/translog/translog.ckp
	deleted:    elk/data/nodes/0/indices/S38yI0ugTymquZSvwBDT_A/_state/state-318.st
	deleted:    elk/data/nodes/0/indices/T4pJTC-aTRqr7QhD00OLNg/0/_state/state-0.st
	deleted:    elk/data/nodes/0/indices/T4pJTC-aTRqr7QhD00OLNg/0/index/_eh.fdm
	deleted:    elk/data/nodes/0/indices/T4pJTC-aTRqr7QhD00OLNg/0/index/_eh.fdt
	deleted:    elk/data/nodes/0/indices/T4pJTC-aTRqr7QhD00OLNg/0/index/_eh.fdx
	deleted:    elk/data/nodes/0/indices/T4pJTC-aTRqr7QhD00OLNg/0/index/_eh.fnm
	deleted:    elk/data/nodes/0/indices/T4pJTC-aTRqr7QhD00OLNg/0/index/_eh.kdd
	deleted:    elk/data/nodes/0/indices/T4pJTC-aTRqr7QhD00OLNg/0/index/_eh.kdi
	deleted:    elk/data/nodes/0/indices/T4pJTC-aTRqr7QhD00OLNg/0/index/_eh.kdm
	deleted:    elk/data/nodes/0/indices/T4pJTC-aTRqr7QhD00OLNg/0/index/_eh.si
	deleted:    elk/data/nodes/0/indices/T4pJTC-aTRqr7QhD00OLNg/0/index/_eh_Lucene80_0.dvd
	deleted:    elk/data/nodes/0/indices/T4pJTC-aTRqr7QhD00OLNg/0/index/_eh_Lucene80_0.dvm
	deleted:    elk/data/nodes/0/indices/T4pJTC-aTRqr7QhD00OLNg/0/index/_eh_Lucene84_0.doc
	deleted:    elk/data/nodes/0/indices/T4pJTC-aTRqr7QhD00OLNg/0/index/_eh_Lucene84_0.pos
	deleted:    elk/data/nodes/0/indices/T4pJTC-aTRqr7QhD00OLNg/0/index/_eh_Lucene84_0.tim
	deleted:    elk/data/nodes/0/indices/T4pJTC-aTRqr7QhD00OLNg/0/index/_eh_Lucene84_0.tip
	deleted:    elk/data/nodes/0/indices/T4pJTC-aTRqr7QhD00OLNg/0/index/_eh_Lucene84_0.tmd
	deleted:    elk/data/nodes/0/indices/T4pJTC-aTRqr7QhD00OLNg/0/index/_jh.fdm
	deleted:    elk/data/nodes/0/indices/T4pJTC-aTRqr7QhD00OLNg/0/index/_jh.fdt
	deleted:    elk/data/nodes/0/indices/T4pJTC-aTRqr7QhD00OLNg/0/index/_jh.fdx
	deleted:    elk/data/nodes/0/indices/T4pJTC-aTRqr7QhD00OLNg/0/index/_jh.fnm
	deleted:    elk/data/nodes/0/indices/T4pJTC-aTRqr7QhD00OLNg/0/index/_jh.kdd
	deleted:    elk/data/nodes/0/indices/T4pJTC-aTRqr7QhD00OLNg/0/index/_jh.kdi
	deleted:    elk/data/nodes/0/indices/T4pJTC-aTRqr7QhD00OLNg/0/index/_jh.kdm
	deleted:    elk/data/nodes/0/indices/T4pJTC-aTRqr7QhD00OLNg/0/index/_jh.si
	deleted:    elk/data/nodes/0/indices/T4pJTC-aTRqr7QhD00OLNg/0/index/_jh_Lucene80_0.dvd
	deleted:    elk/data/nodes/0/indices/T4pJTC-aTRqr7QhD00OLNg/0/index/_jh_Lucene80_0.dvm
	deleted:    elk/data/nodes/0/indices/T4pJTC-aTRqr7QhD00OLNg/0/index/_jh_Lucene84_0.doc
	deleted:    elk/data/nodes/0/indices/T4pJTC-aTRqr7QhD00OLNg/0/index/_jh_Lucene84_0.pos
	deleted:    elk/data/nodes/0/indices/T4pJTC-aTRqr7QhD00OLNg/0/index/_jh_Lucene84_0.tim
	deleted:    elk/data/nodes/0/indices/T4pJTC-aTRqr7QhD00OLNg/0/index/_jh_Lucene84_0.tip
	deleted:    elk/data/nodes/0/indices/T4pJTC-aTRqr7QhD00OLNg/0/index/_jh_Lucene84_0.tmd
	deleted:    elk/data/nodes/0/indices/T4pJTC-aTRqr7QhD00OLNg/0/index/_js.cfe
	deleted:    elk/data/nodes/0/indices/T4pJTC-aTRqr7QhD00OLNg/0/index/_js.cfs
	deleted:    elk/data/nodes/0/indices/T4pJTC-aTRqr7QhD00OLNg/0/index/_js.si
	deleted:    elk/data/nodes/0/indices/T4pJTC-aTRqr7QhD00OLNg/0/index/_jt.fdm
	deleted:    elk/data/nodes/0/indices/T4pJTC-aTRqr7QhD00OLNg/0/index/_jt.fdt
	deleted:    elk/data/nodes/0/indices/T4pJTC-aTRqr7QhD00OLNg/0/index/_jt_Lucene85FieldsIndex-doc_ids_13m.tmp
	deleted:    elk/data/nodes/0/indices/T4pJTC-aTRqr7QhD00OLNg/0/index/_jt_Lucene85FieldsIndexfile_pointers_13p.tmp
	deleted:    elk/data/nodes/0/indices/T4pJTC-aTRqr7QhD00OLNg/0/index/_ju.fdm
	deleted:    elk/data/nodes/0/indices/T4pJTC-aTRqr7QhD00OLNg/0/index/_ju.fdt
	deleted:    elk/data/nodes/0/indices/T4pJTC-aTRqr7QhD00OLNg/0/index/_ju.kdd
	deleted:    elk/data/nodes/0/indices/T4pJTC-aTRqr7QhD00OLNg/0/index/_ju_Lucene80_0.dvd
	deleted:    elk/data/nodes/0/indices/T4pJTC-aTRqr7QhD00OLNg/0/index/_ju_Lucene80_0.dvm
	deleted:    elk/data/nodes/0/indices/T4pJTC-aTRqr7QhD00OLNg/0/index/_ju_Lucene85FieldsIndex-doc_ids_13n.tmp
	deleted:    elk/data/nodes/0/indices/T4pJTC-aTRqr7QhD00OLNg/0/index/_ju_Lucene85FieldsIndexfile_pointers_13o.tmp
	deleted:    elk/data/nodes/0/indices/T4pJTC-aTRqr7QhD00OLNg/0/index/_jv.fdm
	deleted:    elk/data/nodes/0/indices/T4pJTC-aTRqr7QhD00OLNg/0/index/_jv.fdt
	deleted:    elk/data/nodes/0/indices/T4pJTC-aTRqr7QhD00OLNg/0/index/_jv_Lucene85FieldsIndex-doc_ids_13r.tmp
	deleted:    elk/data/nodes/0/indices/T4pJTC-aTRqr7QhD00OLNg/0/index/_jv_Lucene85FieldsIndexfile_pointers_13s.tmp
	deleted:    elk/data/nodes/0/indices/T4pJTC-aTRqr7QhD00OLNg/0/index/_jw.fdm
	deleted:    elk/data/nodes/0/indices/T4pJTC-aTRqr7QhD00OLNg/0/index/_jw.fdt
	deleted:    elk/data/nodes/0/indices/T4pJTC-aTRqr7QhD00OLNg/0/index/_jw_Lucene85FieldsIndex-doc_ids_13q.tmp
	deleted:    elk/data/nodes/0/indices/T4pJTC-aTRqr7QhD00OLNg/0/index/_jw_Lucene85FieldsIndexfile_pointers_13t.tmp
	modified:   elk/data/nodes/0/indices/T4pJTC-aTRqr7QhD00OLNg/0/translog/translog.ckp
	deleted:    elk/data/nodes/0/indices/T4pJTC-aTRqr7QhD00OLNg/_state/state-55.st
	deleted:    elk/data/nodes/0/indices/fMh7Lhp8SPK4gQ_jHl0pFQ/0/_state/state-7.st
	deleted:    elk/data/nodes/0/indices/fMh7Lhp8SPK4gQ_jHl0pFQ/0/translog/translog-10.tlog
	modified:   elk/data/nodes/0/indices/fMh7Lhp8SPK4gQ_jHl0pFQ/0/translog/translog.ckp
	deleted:    elk/data/nodes/0/indices/fMh7Lhp8SPK4gQ_jHl0pFQ/_state/state-63.st
	deleted:    elk/data/nodes/0/indices/nqRL0KmTRKaeoYjjO8TK1w/0/_state/state-155.st
	deleted:    elk/data/nodes/0/indices/nqRL0KmTRKaeoYjjO8TK1w/0/translog/translog-169.tlog
	modified:   elk/data/nodes/0/indices/nqRL0KmTRKaeoYjjO8TK1w/0/translog/translog.ckp
	deleted:    elk/data/nodes/0/indices/nqRL0KmTRKaeoYjjO8TK1w/_state/state-302.st
	deleted:    elk/data/nodes/0/indices/qxvtljvZRN6l2pvop3mB7Q/0/_state/state-178.st
	deleted:    elk/data/nodes/0/indices/qxvtljvZRN6l2pvop3mB7Q/0/translog/translog-227.tlog
	modified:   elk/data/nodes/0/indices/qxvtljvZRN6l2pvop3mB7Q/0/translog/translog.ckp
	deleted:    elk/data/nodes/0/indices/qxvtljvZRN6l2pvop3mB7Q/_state/state-354.st
	deleted:    elk/data/nodes/0/indices/v-Uz2SH7QdSZNhi67jbUEw/0/_state/state-178.st
	deleted:    elk/data/nodes/0/indices/v-Uz2SH7QdSZNhi67jbUEw/0/translog/translog-232.tlog
	modified:   elk/data/nodes/0/indices/v-Uz2SH7QdSZNhi67jbUEw/0/translog/translog.ckp
	deleted:    elk/data/nodes/0/indices/v-Uz2SH7QdSZNhi67jbUEw/_state/state-354.st
	deleted:    elk/data/nodes/0/indices/wB7dhNWZRN-l0aVlm7ztBQ/0/_state/state-6.st
	deleted:    elk/data/nodes/0/indices/wB7dhNWZRN-l0aVlm7ztBQ/0/translog/translog-14.tlog
	modified:   elk/data/nodes/0/indices/wB7dhNWZRN-l0aVlm7ztBQ/0/translog/translog.ckp
	deleted:    elk/data/nodes/0/indices/wB7dhNWZRN-l0aVlm7ztBQ/_state/state-70.st
	deleted:    elk/data/nodes/0/indices/wi6GZ7veSuG1Ssj80JDlZw/0/_state/state-210.st
	deleted:    elk/data/nodes/0/indices/wi6GZ7veSuG1Ssj80JDlZw/0/translog/translog-824.tlog
	modified:   elk/data/nodes/0/indices/wi6GZ7veSuG1Ssj80JDlZw/0/translog/translog.ckp
	deleted:    elk/data/nodes/0/indices/wi6GZ7veSuG1Ssj80JDlZw/_state/state-425.st
	deleted:    elk/data/nodes/0/indices/xgFQjYLmSTqGe8WdOqw9UQ/0/_state/state-123.st
	deleted:    elk/data/nodes/0/indices/xgFQjYLmSTqGe8WdOqw9UQ/0/index/_29yx.fdm
	deleted:    elk/data/nodes/0/indices/xgFQjYLmSTqGe8WdOqw9UQ/0/index/_29yx.fdt
	deleted:    elk/data/nodes/0/indices/xgFQjYLmSTqGe8WdOqw9UQ/0/index/_29yx.fdx
	deleted:    elk/data/nodes/0/indices/xgFQjYLmSTqGe8WdOqw9UQ/0/index/_29yx.fnm
	deleted:    elk/data/nodes/0/indices/xgFQjYLmSTqGe8WdOqw9UQ/0/index/_29yx.kdd
	deleted:    elk/data/nodes/0/indices/xgFQjYLmSTqGe8WdOqw9UQ/0/index/_29yx.kdi
	deleted:    elk/data/nodes/0/indices/xgFQjYLmSTqGe8WdOqw9UQ/0/index/_29yx.kdm
	deleted:    elk/data/nodes/0/indices/xgFQjYLmSTqGe8WdOqw9UQ/0/index/_29yx.nvd
	deleted:    elk/data/nodes/0/indices/xgFQjYLmSTqGe8WdOqw9UQ/0/index/_29yx.nvm
	deleted:    elk/data/nodes/0/indices/xgFQjYLmSTqGe8WdOqw9UQ/0/index/_29yx.si
	deleted:    elk/data/nodes/0/indices/xgFQjYLmSTqGe8WdOqw9UQ/0/index/_29yx_3.fnm
	deleted:    elk/data/nodes/0/indices/xgFQjYLmSTqGe8WdOqw9UQ/0/index/_29yx_3_Lucene80_0.dvd
	deleted:    elk/data/nodes/0/indices/xgFQjYLmSTqGe8WdOqw9UQ/0/index/_29yx_3_Lucene80_0.dvm
	deleted:    elk/data/nodes/0/indices/xgFQjYLmSTqGe8WdOqw9UQ/0/index/_29yx_Lucene80_0.dvd
	deleted:    elk/data/nodes/0/indices/xgFQjYLmSTqGe8WdOqw9UQ/0/index/_29yx_Lucene80_0.dvm
	deleted:    elk/data/nodes/0/indices/xgFQjYLmSTqGe8WdOqw9UQ/0/index/_29yx_Lucene84_0.doc
	deleted:    elk/data/nodes/0/indices/xgFQjYLmSTqGe8WdOqw9UQ/0/index/_29yx_Lucene84_0.pos
	deleted:    elk/data/nodes/0/indices/xgFQjYLmSTqGe8WdOqw9UQ/0/index/_29yx_Lucene84_0.tim
	deleted:    elk/data/nodes/0/indices/xgFQjYLmSTqGe8WdOqw9UQ/0/index/_29yx_Lucene84_0.tip
	deleted:    elk/data/nodes/0/indices/xgFQjYLmSTqGe8WdOqw9UQ/0/index/_29yx_Lucene84_0.tmd
	deleted:    elk/data/nodes/0/indices/xgFQjYLmSTqGe8WdOqw9UQ/0/index/_29zh.fdm
	deleted:    elk/data/nodes/0/indices/xgFQjYLmSTqGe8WdOqw9UQ/0/index/_29zh.fdt
	deleted:    elk/data/nodes/0/indices/xgFQjYLmSTqGe8WdOqw9UQ/0/index/_29zh.fdx
	deleted:    elk/data/nodes/0/indices/xgFQjYLmSTqGe8WdOqw9UQ/0/index/_29zh.fnm
	deleted:    elk/data/nodes/0/indices/xgFQjYLmSTqGe8WdOqw9UQ/0/index/_29zh.kdd
	deleted:    elk/data/nodes/0/indices/xgFQjYLmSTqGe8WdOqw9UQ/0/index/_29zh.kdi
	deleted:    elk/data/nodes/0/indices/xgFQjYLmSTqGe8WdOqw9UQ/0/index/_29zh.kdm
	deleted:    elk/data/nodes/0/indices/xgFQjYLmSTqGe8WdOqw9UQ/0/index/_29zh.nvd
	deleted:    elk/data/nodes/0/indices/xgFQjYLmSTqGe8WdOqw9UQ/0/index/_29zh.nvm
	deleted:    elk/data/nodes/0/indices/xgFQjYLmSTqGe8WdOqw9UQ/0/index/_29zh.si
	deleted:    elk/data/nodes/0/indices/xgFQjYLmSTqGe8WdOqw9UQ/0/index/_29zh_2.fnm
	deleted:    elk/data/nodes/0/indices/xgFQjYLmSTqGe8WdOqw9UQ/0/index/_29zh_2_Lucene80_0.dvd
	deleted:    elk/data/nodes/0/indices/xgFQjYLmSTqGe8WdOqw9UQ/0/index/_29zh_2_Lucene80_0.dvm
	deleted:    elk/data/nodes/0/indices/xgFQjYLmSTqGe8WdOqw9UQ/0/index/_29zh_Lucene80_0.dvd
	deleted:    elk/data/nodes/0/indices/xgFQjYLmSTqGe8WdOqw9UQ/0/index/_29zh_Lucene80_0.dvm
	deleted:    elk/data/nodes/0/indices/xgFQjYLmSTqGe8WdOqw9UQ/0/index/_29zh_Lucene84_0.doc
	deleted:    elk/data/nodes/0/indices/xgFQjYLmSTqGe8WdOqw9UQ/0/index/_29zh_Lucene84_0.pos
	deleted:    elk/data/nodes/0/indices/xgFQjYLmSTqGe8WdOqw9UQ/0/index/_29zh_Lucene84_0.tim
	deleted:    elk/data/nodes/0/indices/xgFQjYLmSTqGe8WdOqw9UQ/0/index/_29zh_Lucene84_0.tip
	deleted:    elk/data/nodes/0/indices/xgFQjYLmSTqGe8WdOqw9UQ/0/index/_29zh_Lucene84_0.tmd
	deleted:    elk/data/nodes/0/indices/xgFQjYLmSTqGe8WdOqw9UQ/0/index/_29zi.cfe
	deleted:    elk/data/nodes/0/indices/xgFQjYLmSTqGe8WdOqw9UQ/0/index/_29zi.cfs
	deleted:    elk/data/nodes/0/indices/xgFQjYLmSTqGe8WdOqw9UQ/0/index/_29zi.si
	deleted:    elk/data/nodes/0/indices/xgFQjYLmSTqGe8WdOqw9UQ/0/index/_29zi_2.fnm
	deleted:    elk/data/nodes/0/indices/xgFQjYLmSTqGe8WdOqw9UQ/0/index/_29zi_2_Lucene80_0.dvd
	deleted:    elk/data/nodes/0/indices/xgFQjYLmSTqGe8WdOqw9UQ/0/index/_29zi_2_Lucene80_0.dvm
	deleted:    elk/data/nodes/0/indices/xgFQjYLmSTqGe8WdOqw9UQ/0/index/_29zj.cfe
	deleted:    elk/data/nodes/0/indices/xgFQjYLmSTqGe8WdOqw9UQ/0/index/_29zj.cfs
	deleted:    elk/data/nodes/0/indices/xgFQjYLmSTqGe8WdOqw9UQ/0/index/_29zj.si
	deleted:    elk/data/nodes/0/indices/xgFQjYLmSTqGe8WdOqw9UQ/0/index/_29zj_1.fnm
	deleted:    elk/data/nodes/0/indices/xgFQjYLmSTqGe8WdOqw9UQ/0/index/_29zj_1_Lucene80_0.dvd
	deleted:    elk/data/nodes/0/indices/xgFQjYLmSTqGe8WdOqw9UQ/0/index/_29zj_1_Lucene80_0.dvm
	deleted:    elk/data/nodes/0/indices/xgFQjYLmSTqGe8WdOqw9UQ/0/index/_29zk.cfe
	deleted:    elk/data/nodes/0/indices/xgFQjYLmSTqGe8WdOqw9UQ/0/index/_29zk.cfs
	deleted:    elk/data/nodes/0/indices/xgFQjYLmSTqGe8WdOqw9UQ/0/index/_29zk.si
	deleted:    elk/data/nodes/0/indices/xgFQjYLmSTqGe8WdOqw9UQ/0/index/_29zk_2.fnm
	deleted:    elk/data/nodes/0/indices/xgFQjYLmSTqGe8WdOqw9UQ/0/index/_29zk_2_Lucene80_0.dvd
	deleted:    elk/data/nodes/0/indices/xgFQjYLmSTqGe8WdOqw9UQ/0/index/_29zk_2_Lucene80_0.dvm
	deleted:    elk/data/nodes/0/indices/xgFQjYLmSTqGe8WdOqw9UQ/0/index/_29zl.cfe
	deleted:    elk/data/nodes/0/indices/xgFQjYLmSTqGe8WdOqw9UQ/0/index/_29zl.cfs
	deleted:    elk/data/nodes/0/indices/xgFQjYLmSTqGe8WdOqw9UQ/0/index/_29zl.si
	deleted:    elk/data/nodes/0/indices/xgFQjYLmSTqGe8WdOqw9UQ/0/index/pending_segments_3k
	modified:   elk/data/nodes/0/indices/xgFQjYLmSTqGe8WdOqw9UQ/0/translog/translog.ckp
	deleted:    elk/data/nodes/0/indices/xgFQjYLmSTqGe8WdOqw9UQ/_state/state-241.st
	deleted:    elk/data/nodes/0/snapshot_cache/segments_6k
	modified:   elk/log/tpotcluster.log
	modified:   elk/log/tpotcluster_server.json
	modified:   git_backup.log
	modified:   heralding/log/heralding.log
	modified:   p0f/log/p0f.json
	modified:   suricata/log/eve.json

Untracked files:
  (use "git add <file>..." to include in what will be committed)

	elk/data/nodes/0/_state/_7wn.cfe
	elk/data/nodes/0/_state/_7wn.cfs
	elk/data/nodes/0/_state/_7wn.si
	elk/data/nodes/0/_state/_7wn_6.liv
	elk/data/nodes/0/_state/_7wo.cfe
	elk/data/nodes/0/_state/_7wo.cfs
	elk/data/nodes/0/_state/_7wo.si
	elk/data/nodes/0/_state/_7wo_2.liv
	elk/data/nodes/0/_state/_7wp.cfe
	elk/data/nodes/0/_state/_7wp.cfs
	elk/data/nodes/0/_state/_7wp.si
	elk/data/nodes/0/_state/_7wq.cfe
	elk/data/nodes/0/_state/_7wq.cfs
	elk/data/nodes/0/_state/_7wq.si
	elk/data/nodes/0/_state/_7wr.cfe
	elk/data/nodes/0/_state/_7wr.cfs
	elk/data/nodes/0/_state/_7wr.si
	elk/data/nodes/0/_state/_7wt.cfe
	elk/data/nodes/0/_state/_7wt.cfs
	elk/data/nodes/0/_state/_7wt.si
	elk/data/nodes/0/_state/_7wu.cfe
	elk/data/nodes/0/_state/_7wu.cfs
	elk/data/nodes/0/_state/_7wu.si
	elk/data/nodes/0/_state/_7wu_1.liv
	elk/data/nodes/0/_state/_7wv.cfe
	elk/data/nodes/0/_state/_7wv.cfs
	elk/data/nodes/0/_state/_7wv.si
	elk/data/nodes/0/_state/_7wx.cfe
	elk/data/nodes/0/_state/_7wx.cfs
	elk/data/nodes/0/_state/_7wx.si
	elk/data/nodes/0/_state/_7wy.cfe
	elk/data/nodes/0/_state/_7wy.cfs
	elk/data/nodes/0/_state/_7wy.si
	elk/data/nodes/0/_state/_7x0.cfe
	elk/data/nodes/0/_state/_7x0.cfs
	elk/data/nodes/0/_state/_7x0.si
	elk/data/nodes/0/_state/_7x1.cfe
	elk/data/nodes/0/_state/_7x1.cfs
	elk/data/nodes/0/_state/_7x1.si
	elk/data/nodes/0/_state/_7x2.fdm
	elk/data/nodes/0/_state/_7x2.fdt
	elk/data/nodes/0/_state/_7x2.fdx
	elk/data/nodes/0/_state/_7x2.fnm
	elk/data/nodes/0/_state/_7x2_Lucene84_0.doc
	elk/data/nodes/0/_state/_7x2_Lucene84_0.tim
	elk/data/nodes/0/_state/_7x2_Lucene84_0.tip
	elk/data/nodes/0/_state/_7x2_Lucene84_0.tmd
	elk/data/nodes/0/_state/manifest-219.st
	elk/data/nodes/0/_state/node-219.st
	elk/data/nodes/0/_state/segments_87w
	elk/data/nodes/0/indices/2jchCQaGRwmkA3wgGNpNNQ/0/_state/state-10.st
	elk/data/nodes/0/indices/2jchCQaGRwmkA3wgGNpNNQ/0/translog/translog-15.tlog
	elk/data/nodes/0/indices/2jchCQaGRwmkA3wgGNpNNQ/_state/state-81.st
	elk/data/nodes/0/indices/768VpBTdRaq7sY8TL1VTBA/0/_state/state-7.st
	elk/data/nodes/0/indices/768VpBTdRaq7sY8TL1VTBA/0/translog/translog-13.tlog
	elk/data/nodes/0/indices/768VpBTdRaq7sY8TL1VTBA/_state/state-16.st
	elk/data/nodes/0/indices/AtyuaIs2QvWDGICCX0r1vg/0/_state/state-155.st
	elk/data/nodes/0/indices/AtyuaIs2QvWDGICCX0r1vg/0/translog/translog-308.tlog
	elk/data/nodes/0/indices/AtyuaIs2QvWDGICCX0r1vg/_state/state-311.st
	elk/data/nodes/0/indices/IVvzj9-6Q6uYfPXL98joHg/0/_state/state-124.st
	elk/data/nodes/0/indices/IVvzj9-6Q6uYfPXL98joHg/0/translog/translog-230.tlog
	elk/data/nodes/0/indices/IVvzj9-6Q6uYfPXL98joHg/_state/state-248.st
	elk/data/nodes/0/indices/Nk1KcHqvRYuyh3Unq0RySw/0/_state/state-166.st
	elk/data/nodes/0/indices/Nk1KcHqvRYuyh3Unq0RySw/0/translog/translog-166.tlog
	elk/data/nodes/0/indices/Nk1KcHqvRYuyh3Unq0RySw/_state/state-324.st
	elk/data/nodes/0/indices/S38yI0ugTymquZSvwBDT_A/0/_state/state-162.st
	elk/data/nodes/0/indices/S38yI0ugTymquZSvwBDT_A/0/translog/translog-164.tlog
	elk/data/nodes/0/indices/S38yI0ugTymquZSvwBDT_A/_state/state-320.st
	elk/data/nodes/0/indices/T4pJTC-aTRqr7QhD00OLNg/0/_state/state-1.st
	elk/data/nodes/0/indices/T4pJTC-aTRqr7QhD00OLNg/0/index/_jx.fdm
	elk/data/nodes/0/indices/T4pJTC-aTRqr7QhD00OLNg/0/index/_jx.fdt
	elk/data/nodes/0/indices/T4pJTC-aTRqr7QhD00OLNg/0/index/_jx_Lucene85FieldsIndex-doc_ids_0.tmp
	elk/data/nodes/0/indices/T4pJTC-aTRqr7QhD00OLNg/0/index/_jx_Lucene85FieldsIndexfile_pointers_1.tmp
	elk/data/nodes/0/indices/T4pJTC-aTRqr7QhD00OLNg/0/translog/translog-3.ckp
	elk/data/nodes/0/indices/T4pJTC-aTRqr7QhD00OLNg/0/translog/translog-4.tlog
	elk/data/nodes/0/indices/T4pJTC-aTRqr7QhD00OLNg/_state/state-56.st
	elk/data/nodes/0/indices/fMh7Lhp8SPK4gQ_jHl0pFQ/0/_state/state-8.st
	elk/data/nodes/0/indices/fMh7Lhp8SPK4gQ_jHl0pFQ/0/translog/translog-11.tlog
	elk/data/nodes/0/indices/fMh7Lhp8SPK4gQ_jHl0pFQ/_state/state-65.st
	elk/data/nodes/0/indices/nqRL0KmTRKaeoYjjO8TK1w/0/_state/state-156.st
	elk/data/nodes/0/indices/nqRL0KmTRKaeoYjjO8TK1w/0/translog/translog-170.tlog
	elk/data/nodes/0/indices/nqRL0KmTRKaeoYjjO8TK1w/_state/state-304.st
	elk/data/nodes/0/indices/qxvtljvZRN6l2pvop3mB7Q/0/_state/state-179.st
	elk/data/nodes/0/indices/qxvtljvZRN6l2pvop3mB7Q/0/translog/translog-228.tlog
	elk/data/nodes/0/indices/qxvtljvZRN6l2pvop3mB7Q/_state/state-356.st
	elk/data/nodes/0/indices/v-Uz2SH7QdSZNhi67jbUEw/0/_state/state-179.st
	elk/data/nodes/0/indices/v-Uz2SH7QdSZNhi67jbUEw/0/translog/translog-233.tlog
	elk/data/nodes/0/indices/v-Uz2SH7QdSZNhi67jbUEw/_state/state-356.st
	elk/data/nodes/0/indices/wB7dhNWZRN-l0aVlm7ztBQ/0/_state/state-7.st
	elk/data/nodes/0/indices/wB7dhNWZRN-l0aVlm7ztBQ/0/translog/translog-15.tlog
	elk/data/nodes/0/indices/wB7dhNWZRN-l0aVlm7ztBQ/_state/state-72.st
	elk/data/nodes/0/indices/wi6GZ7veSuG1Ssj80JDlZw/0/_state/state-211.st
	elk/data/nodes/0/indices/wi6GZ7veSuG1Ssj80JDlZw/0/translog/translog-825.tlog
	elk/data/nodes/0/indices/wi6GZ7veSuG1Ssj80JDlZw/_state/state-427.st
	elk/data/nodes/0/indices/xgFQjYLmSTqGe8WdOqw9UQ/0/_state/state-124.st
	elk/data/nodes/0/indices/xgFQjYLmSTqGe8WdOqw9UQ/0/index/_29zm.fdm
	elk/data/nodes/0/indices/xgFQjYLmSTqGe8WdOqw9UQ/0/index/_29zm.fdt
	elk/data/nodes/0/indices/xgFQjYLmSTqGe8WdOqw9UQ/0/index/_29zm.nvd
	elk/data/nodes/0/indices/xgFQjYLmSTqGe8WdOqw9UQ/0/index/_29zm.nvm
	elk/data/nodes/0/indices/xgFQjYLmSTqGe8WdOqw9UQ/0/index/_29zm_Lucene80_0.dvd
	elk/data/nodes/0/indices/xgFQjYLmSTqGe8WdOqw9UQ/0/index/_29zm_Lucene80_0.dvm
	elk/data/nodes/0/indices/xgFQjYLmSTqGe8WdOqw9UQ/0/index/_29zm_Lucene85FieldsIndex-doc_ids_0.tmp
	elk/data/nodes/0/indices/xgFQjYLmSTqGe8WdOqw9UQ/0/index/_29zm_Lucene85FieldsIndexfile_pointers_1.tmp
	elk/data/nodes/0/indices/xgFQjYLmSTqGe8WdOqw9UQ/0/translog/translog-200.ckp
	elk/data/nodes/0/indices/xgFQjYLmSTqGe8WdOqw9UQ/0/translog/translog-201.tlog
	elk/data/nodes/0/indices/xgFQjYLmSTqGe8WdOqw9UQ/_state/state-242.st
	elk/data/nodes/0/snapshot_cache/segments_6l

no changes added to commit (use "git add" and/or "git commit -a")
