2022-05-19 17:34:00,253 (root) Initializing Heralding version 1.0.7
2022-05-19 17:34:00,598 (heralding.honeypot) Using default wordlist file: "/usr/lib/python3.9/site-packages/heralding/wordlist.txt", if you want to customize values please copy this file to the current working directory
2022-05-19 17:34:00,607 (heralding.reporting.file_logger) File logger: Using /var/log/heralding/auth.csv to log authentication attempts in CSV format.
2022-05-19 17:34:00,624 (heralding.reporting.file_logger) File logger: Using /var/log/heralding/session.csv to log unified session data in CSV format.
2022-05-19 17:34:00,624 (heralding.reporting.file_logger) File logger: Using /var/log/heralding/log_session.json to log complete session data in JSON format.
2022-05-19 17:34:05,238 (heralding.honeypot) Found public ip: 34.121.180.85
2022-05-19 17:34:05,239 (heralding.honeypot) Started RDP capability listening on port 3389
2022-05-19 17:34:05,240 (heralding.honeypot) Started Telnet capability listening on port 23
2022-05-19 17:34:05,241 (heralding.honeypot) Started Pop3 capability listening on port 110
2022-05-19 17:34:06,804 (heralding.honeypot) Started Pop3S capability listening on port 995
2022-05-19 17:34:06,805 (heralding.honeypot) Started Http capability listening on port 80
2022-05-19 17:34:06,805 (heralding.honeypot) Started Imap capability listening on port 143
2022-05-19 17:34:06,806 (heralding.honeypot) Started MySQL capability listening on port 3306
2022-05-19 17:34:06,807 (heralding.honeypot) Started Vnc capability listening on port 5900
2022-05-19 17:34:06,807 (heralding.honeypot) Started PostgreSQL capability listening on port 5432
2022-05-19 17:34:06,808 (heralding.honeypot) Started smtp capability listening on port 25
2022-05-19 17:34:07,556 (heralding.honeypot) Started https capability listening on port 443
2022-05-19 17:34:07,557 (heralding.honeypot) Started Socks5 capability listening on port 1080
2022-05-19 17:34:10,525 (heralding.honeypot) Started Imaps capability listening on port 993
2022-05-19 17:34:11,770 (heralding.honeypot) Started SSH capability listening on port 22
2022-05-19 17:34:12,967 (heralding.honeypot) Started smtps capability listening on port 465
2022-05-19 17:34:12,968 (heralding.honeypot) Started ftp capability listening on port 21
2022-05-19 18:34:05,381 (heralding.honeypot) Found public ip: 34.121.180.85
2022-05-19 19:34:05,620 (heralding.honeypot) Found public ip: 34.121.180.85
