2022-05-26 19:49:23,103 [DEBUG] correlation.py:80 : Parsing rule outlier_hostname...
2022-05-26 19:49:23,130 [DEBUG] correlation.py:80 : Parsing rule name_only_from_pasteleak_site...
2022-05-26 19:49:23,185 [DEBUG] correlation.py:80 : Parsing rule remote_desktop_exposed...
2022-05-26 19:49:23,207 [DEBUG] correlation.py:80 : Parsing rule host_only_from_certificatetransparency...
2022-05-26 19:49:23,272 [DEBUG] correlation.py:80 : Parsing rule internal_host...
2022-05-26 19:49:23,297 [DEBUG] correlation.py:80 : Parsing rule multiple_malicious_affiliate...
2022-05-26 19:49:23,352 [DEBUG] correlation.py:80 : Parsing rule vulnerability_mediumlow...
2022-05-26 19:49:23,393 [DEBUG] correlation.py:80 : Parsing rule database_exposed...
2022-05-26 19:49:23,425 [DEBUG] correlation.py:80 : Parsing rule open_port_version...
2022-05-26 19:49:23,483 [DEBUG] correlation.py:80 : Parsing rule strong_similardomain_crossref...
2022-05-26 19:49:23,515 [DEBUG] correlation.py:80 : Parsing rule vulnerability_high...
2022-05-26 19:49:23,545 [DEBUG] correlation.py:80 : Parsing rule outlier_email...
2022-05-26 19:49:23,566 [DEBUG] correlation.py:80 : Parsing rule cloud_bucket_open...
2022-05-26 19:49:23,607 [DEBUG] correlation.py:80 : Parsing rule root_path_needs_auth...
2022-05-26 19:49:23,637 [DEBUG] correlation.py:80 : Parsing rule http_errors...
2022-05-26 19:49:23,673 [DEBUG] correlation.py:80 : Parsing rule multiple_malicious_cohost...
2022-05-26 19:49:23,743 [DEBUG] correlation.py:80 : Parsing rule outlier_registrar...
2022-05-26 19:49:23,752 [DEBUG] correlation.py:80 : Parsing rule email_only_from_pasteleak_site...
2022-05-26 19:49:23,799 [DEBUG] correlation.py:80 : Parsing rule cloud_bucket_open_related...
2022-05-26 19:49:23,856 [DEBUG] correlation.py:80 : Parsing rule outlier_cloud...
2022-05-26 19:49:23,879 [DEBUG] correlation.py:80 : Parsing rule outlier_webserver...
2022-05-26 19:49:23,903 [DEBUG] correlation.py:80 : Parsing rule multiple_malicious...
2022-05-26 19:49:23,958 [DEBUG] correlation.py:80 : Parsing rule human_name_in_whois...
2022-05-26 19:49:23,992 [DEBUG] correlation.py:80 : Parsing rule outlier_ipaddress...
2022-05-26 19:49:24,026 [DEBUG] correlation.py:80 : Parsing rule outlier_country...
2022-05-26 19:49:24,053 [DEBUG] correlation.py:80 : Parsing rule egress_ip_from_wikipedia...
2022-05-26 19:49:24,103 [DEBUG] correlation.py:80 : Parsing rule vulnerability_critical...
2022-05-26 19:49:24,127 [DEBUG] correlation.py:80 : Parsing rule dns_zone_transfer_possible...
2022-05-26 19:49:24,154 [DEBUG] correlation.py:80 : Parsing rule email_in_multiple_breaches...
2022-05-26 19:49:24,185 [DEBUG] correlation.py:80 : Parsing rule cert_expired...
2022-05-26 19:49:24,197 [DEBUG] correlation.py:80 : Parsing rule email_in_whois...
2022-05-26 19:49:24,212 [DEBUG] correlation.py:80 : Parsing rule stale_host...
2022-05-26 19:49:24,260 [DEBUG] correlation.py:80 : Parsing rule data_from_docmeta...
2022-05-26 19:49:24,284 [DEBUG] correlation.py:80 : Parsing rule data_from_base64...
2022-05-26 19:49:24,312 [DEBUG] correlation.py:80 : Parsing rule dev_or_test_system...
2022-05-26 19:49:24,340 [DEBUG] correlation.py:80 : Parsing rule host_only_from_bruteforce...
2022-05-26 19:49:24,372 [DEBUG] correlation.py:80 : Parsing rule strong_affiliate_certs...
2022-05-26 19:49:24,431 [INFO] sf.py:493 : Starting web server at 0.0.0.0:8080 ...
2022-05-26 19:49:24,590 [WARNING] sf.py:550 : 
********************************************************************
Warning: passwd file contains no passwords. Authentication disabled.
Please consider adding authentication to protect this instance!
Refer to https://www.spiderfoot.net/documentation/#security.
********************************************************************

2022-05-26 19:50:19,220 [DEBUG] correlation.py:80 : Parsing rule outlier_hostname...
2022-05-26 19:50:19,257 [DEBUG] correlation.py:80 : Parsing rule name_only_from_pasteleak_site...
2022-05-26 19:50:19,307 [DEBUG] correlation.py:80 : Parsing rule remote_desktop_exposed...
2022-05-26 19:50:19,320 [DEBUG] correlation.py:80 : Parsing rule host_only_from_certificatetransparency...
2022-05-26 19:50:19,364 [DEBUG] correlation.py:80 : Parsing rule internal_host...
2022-05-26 19:50:19,385 [DEBUG] correlation.py:80 : Parsing rule multiple_malicious_affiliate...
2022-05-26 19:50:19,415 [DEBUG] correlation.py:80 : Parsing rule vulnerability_mediumlow...
2022-05-26 19:50:19,447 [DEBUG] correlation.py:80 : Parsing rule database_exposed...
2022-05-26 19:50:19,471 [DEBUG] correlation.py:80 : Parsing rule open_port_version...
2022-05-26 19:50:19,485 [DEBUG] correlation.py:80 : Parsing rule strong_similardomain_crossref...
2022-05-26 19:50:19,505 [DEBUG] correlation.py:80 : Parsing rule vulnerability_high...
2022-05-26 19:50:19,518 [DEBUG] correlation.py:80 : Parsing rule outlier_email...
2022-05-26 19:50:19,527 [DEBUG] correlation.py:80 : Parsing rule cloud_bucket_open...
2022-05-26 19:50:19,543 [DEBUG] correlation.py:80 : Parsing rule root_path_needs_auth...
2022-05-26 19:50:19,576 [DEBUG] correlation.py:80 : Parsing rule http_errors...
2022-05-26 19:50:19,597 [DEBUG] correlation.py:80 : Parsing rule multiple_malicious_cohost...
2022-05-26 19:50:19,612 [DEBUG] correlation.py:80 : Parsing rule outlier_registrar...
2022-05-26 19:50:19,626 [DEBUG] correlation.py:80 : Parsing rule email_only_from_pasteleak_site...
2022-05-26 19:50:19,658 [DEBUG] correlation.py:80 : Parsing rule cloud_bucket_open_related...
2022-05-26 19:50:19,677 [DEBUG] correlation.py:80 : Parsing rule outlier_cloud...
2022-05-26 19:50:19,694 [DEBUG] correlation.py:80 : Parsing rule outlier_webserver...
2022-05-26 19:50:19,722 [DEBUG] correlation.py:80 : Parsing rule multiple_malicious...
2022-05-26 19:50:19,745 [DEBUG] correlation.py:80 : Parsing rule human_name_in_whois...
2022-05-26 19:50:19,756 [DEBUG] correlation.py:80 : Parsing rule outlier_ipaddress...
2022-05-26 19:50:19,776 [DEBUG] correlation.py:80 : Parsing rule outlier_country...
2022-05-26 19:50:19,794 [DEBUG] correlation.py:80 : Parsing rule egress_ip_from_wikipedia...
2022-05-26 19:50:19,822 [DEBUG] correlation.py:80 : Parsing rule vulnerability_critical...
2022-05-26 19:50:19,830 [DEBUG] correlation.py:80 : Parsing rule dns_zone_transfer_possible...
2022-05-26 19:50:19,858 [DEBUG] correlation.py:80 : Parsing rule email_in_multiple_breaches...
2022-05-26 19:50:19,872 [DEBUG] correlation.py:80 : Parsing rule cert_expired...
2022-05-26 19:50:19,889 [DEBUG] correlation.py:80 : Parsing rule email_in_whois...
2022-05-26 19:50:19,917 [DEBUG] correlation.py:80 : Parsing rule stale_host...
2022-05-26 19:50:19,943 [DEBUG] correlation.py:80 : Parsing rule data_from_docmeta...
2022-05-26 19:50:19,967 [DEBUG] correlation.py:80 : Parsing rule data_from_base64...
2022-05-26 19:50:19,991 [DEBUG] correlation.py:80 : Parsing rule dev_or_test_system...
2022-05-26 19:50:20,016 [DEBUG] correlation.py:80 : Parsing rule host_only_from_bruteforce...
2022-05-26 19:50:20,032 [DEBUG] correlation.py:80 : Parsing rule strong_affiliate_certs...
2022-05-26 19:50:20,049 [INFO] sf.py:493 : Starting web server at 0.0.0.0:8080 ...
2022-05-26 19:50:20,153 [WARNING] sf.py:550 : 
********************************************************************
Warning: passwd file contains no passwords. Authentication disabled.
Please consider adding authentication to protect this instance!
Refer to https://www.spiderfoot.net/documentation/#security.
********************************************************************

