26/5/2022 -- 19:49:33 - <Info> - Rule with ID 2026440 is bidirectional, but source and destination are the same, treating the rule as unidirectional
26/5/2022 -- 19:50:22 - <Notice> - This is Suricata version 6.0.4 RELEASE running in SYSTEM mode
26/5/2022 -- 19:50:22 - <Info> - CPUs/cores online: 4
26/5/2022 -- 19:50:22 - <Info> - Found an MTU of 1460 for 'eth0'
26/5/2022 -- 19:50:22 - <Info> - Found an MTU of 1460 for 'eth0'
26/5/2022 -- 19:50:22 - <Info> - dropped the caps for main thread
26/5/2022 -- 19:50:22 - <Info> - eve-log output device (regular) initialized: eve.json
26/5/2022 -- 19:50:22 - <Info> - Going to log the md5 sum of email body
26/5/2022 -- 19:50:22 - <Info> - Going to log the md5 sum of email subject
26/5/2022 -- 19:50:22 - <Info> - DNP3 log sub-module initialized.
26/5/2022 -- 19:50:22 - <Info> - DNP3 log sub-module initialized.
26/5/2022 -- 19:50:30 - <Info> - Rule with ID 2026440 is bidirectional, but source and destination are the same, treating the rule as unidirectional
26/5/2022 -- 19:50:50 - <Info> - 1 rule files processed. 33505 rules successfully loaded, 0 rules failed
26/5/2022 -- 19:50:50 - <Info> - Threshold config parsed: 0 rule(s) found
26/5/2022 -- 19:50:51 - <Info> - 33520 signatures processed. 1311 are IP-only rules, 7576 are inspecting packet payload, 24234 inspect application layer, 113 are decoder event only
26/5/2022 -- 19:50:51 - <Warning> - [ERRCODE: SC_WARN_FLOWBIT(306)] - flowbit 'ET.ButterflyJoin' is checked but not set. Checked in 2011296 and 0 other sigs
26/5/2022 -- 19:50:51 - <Warning> - [ERRCODE: SC_WARN_FLOWBIT(306)] - flowbit 'ET.Netwire.HB.1' is checked but not set. Checked in 2018282 and 0 other sigs
26/5/2022 -- 19:50:51 - <Warning> - [ERRCODE: SC_WARN_FLOWBIT(306)] - flowbit 'ET.GenericPhish_Adobe' is checked but not set. Checked in 2023048 and 0 other sigs
26/5/2022 -- 19:50:51 - <Warning> - [ERRCODE: SC_WARN_FLOWBIT(306)] - flowbit 'is_ssh_client_kex' is checked but not set. Checked in 2001977 and 1 other sigs
26/5/2022 -- 19:50:51 - <Warning> - [ERRCODE: SC_WARN_FLOWBIT(306)] - flowbit 'is_ssh_server_banner' is checked but not set. Checked in 2001980 and 0 other sigs
26/5/2022 -- 19:52:35 - <Info> - Going to use 4 thread(s)
26/5/2022 -- 19:52:35 - <Info> - Using unix socket file '/var/run/suricata/suricata-command.socket'
26/5/2022 -- 19:52:35 - <Notice> - all 4 packet processing threads, 2 management threads initialized, engine started.
26/5/2022 -- 19:52:35 - <Info> - Using BPF 'not (host sicherheitstacho.eu or community.sicherheitstacho.eu or listbot.sicherheitstacho.eu) and not (host rules.emergingthreats.net or rules.emergingthreatspro.com) and not (host deb.debian.org) and not (host ghcr.io) and not (host index.docker.io or docker.io) and not (tcp port 64305)' on iface 'eth0'
26/5/2022 -- 19:52:36 - <Info> - Using BPF 'not (host sicherheitstacho.eu or community.sicherheitstacho.eu or listbot.sicherheitstacho.eu) and not (host rules.emergingthreats.net or rules.emergingthreatspro.com) and not (host deb.debian.org) and not (host ghcr.io) and not (host index.docker.io or docker.io) and not (tcp port 64305)' on iface 'eth0'
26/5/2022 -- 19:52:36 - <Info> - Using BPF 'not (host sicherheitstacho.eu or community.sicherheitstacho.eu or listbot.sicherheitstacho.eu) and not (host rules.emergingthreats.net or rules.emergingthreatspro.com) and not (host deb.debian.org) and not (host ghcr.io) and not (host index.docker.io or docker.io) and not (tcp port 64305)' on iface 'eth0'
26/5/2022 -- 19:52:36 - <Info> - Using BPF 'not (host sicherheitstacho.eu or community.sicherheitstacho.eu or listbot.sicherheitstacho.eu) and not (host rules.emergingthreats.net or rules.emergingthreatspro.com) and not (host deb.debian.org) and not (host ghcr.io) and not (host index.docker.io or docker.io) and not (tcp port 64305)' on iface 'eth0'
26/5/2022 -- 19:52:36 - <Info> - All AFP capture threads are running.
