[2022-04-10T21:33:00,641][INFO ][o.e.n.Node               ] [tpotcluster-node-01] version[7.17.0], pid[1], build[default/tar/bee86328705acaa9a6daede7140defd4d9ec56bd/2022-01-28T08:36:04.875279988Z], OS[Linux/4.19.0-20-cloud-amd64/amd64], JVM[Alpine/OpenJDK 64-Bit Server VM/16.0.2/16.0.2+7-alpine-r1]
[2022-04-10T21:33:00,662][INFO ][o.e.n.Node               ] [tpotcluster-node-01] JVM home [/usr/lib/jvm/java-16-openjdk], using bundled JDK [false]
[2022-04-10T21:33:00,663][INFO ][o.e.n.Node               ] [tpotcluster-node-01] JVM arguments [-Xshare:auto, -Des.networkaddress.cache.ttl=60, -Des.networkaddress.cache.negative.ttl=10, -XX:+AlwaysPreTouch, -Xss1m, -Djava.awt.headless=true, -Dfile.encoding=UTF-8, -Djna.nosys=true, -XX:-OmitStackTraceInFastThrow, -XX:+ShowCodeDetailsInExceptionMessages, -Dio.netty.noUnsafe=true, -Dio.netty.noKeySetOptimization=true, -Dio.netty.recycler.maxCapacityPerThread=0, -Dio.netty.allocator.numDirectArenas=0, -Dlog4j.shutdownHookEnabled=false, -Dlog4j2.disable.jmx=true, -Dlog4j2.formatMsgNoLookups=true, -Djava.locale.providers=SPI,COMPAT, --add-opens=java.base/java.io=ALL-UNNAMED, -XX:+UseG1GC, -Djava.io.tmpdir=/tmp, -XX:+HeapDumpOnOutOfMemoryError, -XX:+ExitOnOutOfMemoryError, -XX:HeapDumpPath=data, -XX:ErrorFile=logs/hs_err_pid%p.log, -Xlog:gc*,gc+age=trace,safepoint:file=logs/gc.log:utctime,pid,tags:filecount=32,filesize=64m, -Xms2048m, -Xmx2048m, -XX:MaxDirectMemorySize=1073741824, -XX:G1HeapRegionSize=4m, -XX:InitiatingHeapOccupancyPercent=30, -XX:G1ReservePercent=15, -Des.path.home=/usr/share/elasticsearch, -Des.path.conf=/usr/share/elasticsearch/config, -Des.distribution.flavor=default, -Des.distribution.type=tar, -Des.bundled_jdk=true]
[2022-04-10T21:33:07,628][INFO ][o.e.p.PluginsService     ] [tpotcluster-node-01] loaded module [aggs-matrix-stats]
[2022-04-10T21:33:07,629][INFO ][o.e.p.PluginsService     ] [tpotcluster-node-01] loaded module [analysis-common]
[2022-04-10T21:33:07,630][INFO ][o.e.p.PluginsService     ] [tpotcluster-node-01] loaded module [constant-keyword]
[2022-04-10T21:33:07,630][INFO ][o.e.p.PluginsService     ] [tpotcluster-node-01] loaded module [frozen-indices]
[2022-04-10T21:33:07,630][INFO ][o.e.p.PluginsService     ] [tpotcluster-node-01] loaded module [ingest-common]
[2022-04-10T21:33:07,631][INFO ][o.e.p.PluginsService     ] [tpotcluster-node-01] loaded module [ingest-geoip]
[2022-04-10T21:33:07,631][INFO ][o.e.p.PluginsService     ] [tpotcluster-node-01] loaded module [ingest-user-agent]
[2022-04-10T21:33:07,632][INFO ][o.e.p.PluginsService     ] [tpotcluster-node-01] loaded module [kibana]
[2022-04-10T21:33:07,632][INFO ][o.e.p.PluginsService     ] [tpotcluster-node-01] loaded module [lang-expression]
[2022-04-10T21:33:07,632][INFO ][o.e.p.PluginsService     ] [tpotcluster-node-01] loaded module [lang-mustache]
[2022-04-10T21:33:07,633][INFO ][o.e.p.PluginsService     ] [tpotcluster-node-01] loaded module [lang-painless]
[2022-04-10T21:33:07,634][INFO ][o.e.p.PluginsService     ] [tpotcluster-node-01] loaded module [legacy-geo]
[2022-04-10T21:33:07,635][INFO ][o.e.p.PluginsService     ] [tpotcluster-node-01] loaded module [mapper-extras]
[2022-04-10T21:33:07,635][INFO ][o.e.p.PluginsService     ] [tpotcluster-node-01] loaded module [mapper-version]
[2022-04-10T21:33:07,636][INFO ][o.e.p.PluginsService     ] [tpotcluster-node-01] loaded module [parent-join]
[2022-04-10T21:33:07,636][INFO ][o.e.p.PluginsService     ] [tpotcluster-node-01] loaded module [percolator]
[2022-04-10T21:33:07,636][INFO ][o.e.p.PluginsService     ] [tpotcluster-node-01] loaded module [rank-eval]
[2022-04-10T21:33:07,637][INFO ][o.e.p.PluginsService     ] [tpotcluster-node-01] loaded module [reindex]
[2022-04-10T21:33:07,637][INFO ][o.e.p.PluginsService     ] [tpotcluster-node-01] loaded module [repositories-metering-api]
[2022-04-10T21:33:07,638][INFO ][o.e.p.PluginsService     ] [tpotcluster-node-01] loaded module [repository-encrypted]
[2022-04-10T21:33:07,638][INFO ][o.e.p.PluginsService     ] [tpotcluster-node-01] loaded module [repository-url]
[2022-04-10T21:33:07,638][INFO ][o.e.p.PluginsService     ] [tpotcluster-node-01] loaded module [runtime-fields-common]
[2022-04-10T21:33:07,639][INFO ][o.e.p.PluginsService     ] [tpotcluster-node-01] loaded module [search-business-rules]
[2022-04-10T21:33:07,639][INFO ][o.e.p.PluginsService     ] [tpotcluster-node-01] loaded module [searchable-snapshots]
[2022-04-10T21:33:07,640][INFO ][o.e.p.PluginsService     ] [tpotcluster-node-01] loaded module [snapshot-repo-test-kit]
[2022-04-10T21:33:07,640][INFO ][o.e.p.PluginsService     ] [tpotcluster-node-01] loaded module [spatial]
[2022-04-10T21:33:07,640][INFO ][o.e.p.PluginsService     ] [tpotcluster-node-01] loaded module [transform]
[2022-04-10T21:33:07,641][INFO ][o.e.p.PluginsService     ] [tpotcluster-node-01] loaded module [transport-netty4]
[2022-04-10T21:33:07,641][INFO ][o.e.p.PluginsService     ] [tpotcluster-node-01] loaded module [unsigned-long]
[2022-04-10T21:33:07,641][INFO ][o.e.p.PluginsService     ] [tpotcluster-node-01] loaded module [vector-tile]
[2022-04-10T21:33:07,642][INFO ][o.e.p.PluginsService     ] [tpotcluster-node-01] loaded module [vectors]
[2022-04-10T21:33:07,642][INFO ][o.e.p.PluginsService     ] [tpotcluster-node-01] loaded module [wildcard]
[2022-04-10T21:33:07,642][INFO ][o.e.p.PluginsService     ] [tpotcluster-node-01] loaded module [x-pack-aggregate-metric]
[2022-04-10T21:33:07,643][INFO ][o.e.p.PluginsService     ] [tpotcluster-node-01] loaded module [x-pack-analytics]
[2022-04-10T21:33:07,643][INFO ][o.e.p.PluginsService     ] [tpotcluster-node-01] loaded module [x-pack-async]
[2022-04-10T21:33:07,643][INFO ][o.e.p.PluginsService     ] [tpotcluster-node-01] loaded module [x-pack-async-search]
[2022-04-10T21:33:07,643][INFO ][o.e.p.PluginsService     ] [tpotcluster-node-01] loaded module [x-pack-autoscaling]
[2022-04-10T21:33:07,644][INFO ][o.e.p.PluginsService     ] [tpotcluster-node-01] loaded module [x-pack-ccr]
[2022-04-10T21:33:07,644][INFO ][o.e.p.PluginsService     ] [tpotcluster-node-01] loaded module [x-pack-core]
[2022-04-10T21:33:07,645][INFO ][o.e.p.PluginsService     ] [tpotcluster-node-01] loaded module [x-pack-data-streams]
[2022-04-10T21:33:07,645][INFO ][o.e.p.PluginsService     ] [tpotcluster-node-01] loaded module [x-pack-deprecation]
[2022-04-10T21:33:07,645][INFO ][o.e.p.PluginsService     ] [tpotcluster-node-01] loaded module [x-pack-enrich]
[2022-04-10T21:33:07,646][INFO ][o.e.p.PluginsService     ] [tpotcluster-node-01] loaded module [x-pack-eql]
[2022-04-10T21:33:07,646][INFO ][o.e.p.PluginsService     ] [tpotcluster-node-01] loaded module [x-pack-fleet]
[2022-04-10T21:33:07,646][INFO ][o.e.p.PluginsService     ] [tpotcluster-node-01] loaded module [x-pack-graph]
[2022-04-10T21:33:07,646][INFO ][o.e.p.PluginsService     ] [tpotcluster-node-01] loaded module [x-pack-identity-provider]
[2022-04-10T21:33:07,647][INFO ][o.e.p.PluginsService     ] [tpotcluster-node-01] loaded module [x-pack-ilm]
[2022-04-10T21:33:07,647][INFO ][o.e.p.PluginsService     ] [tpotcluster-node-01] loaded module [x-pack-logstash]
[2022-04-10T21:33:07,647][INFO ][o.e.p.PluginsService     ] [tpotcluster-node-01] loaded module [x-pack-monitoring]
[2022-04-10T21:33:07,648][INFO ][o.e.p.PluginsService     ] [tpotcluster-node-01] loaded module [x-pack-ql]
[2022-04-10T21:33:07,648][INFO ][o.e.p.PluginsService     ] [tpotcluster-node-01] loaded module [x-pack-rollup]
[2022-04-10T21:33:07,648][INFO ][o.e.p.PluginsService     ] [tpotcluster-node-01] loaded module [x-pack-security]
[2022-04-10T21:33:07,649][INFO ][o.e.p.PluginsService     ] [tpotcluster-node-01] loaded module [x-pack-shutdown]
[2022-04-10T21:33:07,649][INFO ][o.e.p.PluginsService     ] [tpotcluster-node-01] loaded module [x-pack-sql]
[2022-04-10T21:33:07,649][INFO ][o.e.p.PluginsService     ] [tpotcluster-node-01] loaded module [x-pack-stack]
[2022-04-10T21:33:07,650][INFO ][o.e.p.PluginsService     ] [tpotcluster-node-01] loaded module [x-pack-text-structure]
[2022-04-10T21:33:07,650][INFO ][o.e.p.PluginsService     ] [tpotcluster-node-01] loaded module [x-pack-voting-only-node]
[2022-04-10T21:33:07,650][INFO ][o.e.p.PluginsService     ] [tpotcluster-node-01] loaded module [x-pack-watcher]
[2022-04-10T21:33:07,651][INFO ][o.e.p.PluginsService     ] [tpotcluster-node-01] no plugins loaded
[2022-04-10T21:33:07,729][INFO ][o.e.e.NodeEnvironment    ] [tpotcluster-node-01] using [1] data paths, mounts [[/data (/dev/sda1)]], net usable_space [106.5gb], net total_space [125.8gb], types [ext4]
[2022-04-10T21:33:07,730][INFO ][o.e.e.NodeEnvironment    ] [tpotcluster-node-01] heap size [2gb], compressed ordinary object pointers [true]
[2022-04-10T21:33:08,147][INFO ][o.e.n.Node               ] [tpotcluster-node-01] node name [tpotcluster-node-01], node ID [t9hfPgy_RyC9LOJUxQUrSQ], cluster name [tpotcluster], roles [transform, data_frozen, master, remote_cluster_client, data, data_content, data_hot, data_warm, data_cold, ingest]
[2022-04-10T21:33:19,698][INFO ][o.e.i.g.ConfigDatabases  ] [tpotcluster-node-01] initialized default databases [[GeoLite2-Country.mmdb, GeoLite2-City.mmdb, GeoLite2-ASN.mmdb]], config databases [[]] and watching [/usr/share/elasticsearch/config/ingest-geoip] for changes
[2022-04-10T21:33:19,701][INFO ][o.e.i.g.DatabaseNodeService] [tpotcluster-node-01] initialized database registry, using geoip-databases directory [/tmp/geoip-databases/t9hfPgy_RyC9LOJUxQUrSQ]
[2022-04-10T21:33:20,731][INFO ][o.e.t.NettyAllocator     ] [tpotcluster-node-01] creating NettyAllocator with the following configs: [name=elasticsearch_configured, chunk_size=1mb, suggested_max_allocation_size=1mb, factors={es.unsafe.use_netty_default_chunk_and_page_size=false, g1gc_enabled=true, g1gc_region_size=4mb}]
[2022-04-10T21:33:20,845][INFO ][o.e.d.DiscoveryModule    ] [tpotcluster-node-01] using discovery type [single-node] and seed hosts providers [settings]
[2022-04-10T21:33:21,641][INFO ][o.e.g.DanglingIndicesState] [tpotcluster-node-01] gateway.auto_import_dangling_indices is disabled, dangling indices will not be automatically detected or imported and must be managed manually
[2022-04-10T21:33:22,548][INFO ][o.e.n.Node               ] [tpotcluster-node-01] initialized
[2022-04-10T21:33:22,548][INFO ][o.e.n.Node               ] [tpotcluster-node-01] starting ...
[2022-04-10T21:33:22,581][INFO ][o.e.x.s.c.f.PersistentCache] [tpotcluster-node-01] persistent cache index loaded
[2022-04-10T21:33:22,583][INFO ][o.e.x.d.l.DeprecationIndexingComponent] [tpotcluster-node-01] deprecation component started
[2022-04-10T21:33:22,766][INFO ][o.e.t.TransportService   ] [tpotcluster-node-01] publish_address {127.0.0.1:9300}, bound_addresses {127.0.0.1:9300}
[2022-04-10T21:33:25,259][INFO ][o.e.c.c.Coordinator      ] [tpotcluster-node-01] cluster UUID [Qbw2pof0QzSXC1OvK0aFSw]
[2022-04-10T21:33:25,390][INFO ][o.e.c.s.MasterService    ] [tpotcluster-node-01] elected-as-master ([1] nodes joined)[{tpotcluster-node-01}{t9hfPgy_RyC9LOJUxQUrSQ}{FTa4p83MQYuWMJ1B3qEN1w}{127.0.0.1}{127.0.0.1:9300}{cdfhimrstw} elect leader, _BECOME_MASTER_TASK_, _FINISH_ELECTION_], term: 226, version: 8659, delta: master node changed {previous [], current [{tpotcluster-node-01}{t9hfPgy_RyC9LOJUxQUrSQ}{FTa4p83MQYuWMJ1B3qEN1w}{127.0.0.1}{127.0.0.1:9300}{cdfhimrstw}]}
[2022-04-10T21:33:25,576][INFO ][o.e.c.s.ClusterApplierService] [tpotcluster-node-01] master node changed {previous [], current [{tpotcluster-node-01}{t9hfPgy_RyC9LOJUxQUrSQ}{FTa4p83MQYuWMJ1B3qEN1w}{127.0.0.1}{127.0.0.1:9300}{cdfhimrstw}]}, term: 226, version: 8659, reason: Publication{term=226, version=8659}
[2022-04-10T21:33:25,687][INFO ][o.e.h.AbstractHttpServerTransport] [tpotcluster-node-01] publish_address {192.168.48.2:9200}, bound_addresses {0.0.0.0:9200}
[2022-04-10T21:33:25,688][INFO ][o.e.n.Node               ] [tpotcluster-node-01] started
[2022-04-10T21:33:26,434][INFO ][o.e.l.LicenseService     ] [tpotcluster-node-01] license [06f03395-4097-4495-8e63-b3dc92f4de14] mode [basic] - valid
[2022-04-10T21:33:26,441][INFO ][o.e.g.GatewayService     ] [tpotcluster-node-01] recovered [45] indices into cluster_state
[2022-04-10T21:33:27,120][INFO ][o.e.i.g.GeoIpDownloader  ] [tpotcluster-node-01] updating geoip databases
[2022-04-10T21:33:27,121][INFO ][o.e.i.g.GeoIpDownloader  ] [tpotcluster-node-01] fetching geoip databases overview from [https://geoip.elastic.co/v1/database?elastic_geoip_service_tos=agree]
[2022-04-10T21:33:27,733][INFO ][o.e.i.g.GeoIpDownloader  ] [tpotcluster-node-01] geoip database [GeoLite2-ASN.mmdb] is up to date, updated timestamp
[2022-04-10T21:33:27,855][INFO ][o.e.i.g.GeoIpDownloader  ] [tpotcluster-node-01] geoip database [GeoLite2-City.mmdb] is up to date, updated timestamp
[2022-04-10T21:33:28,169][INFO ][o.e.i.g.GeoIpDownloader  ] [tpotcluster-node-01] geoip database [GeoLite2-Country.mmdb] is up to date, updated timestamp
[2022-04-10T21:33:28,215][INFO ][o.e.i.g.DatabaseNodeService] [tpotcluster-node-01] downloading geoip database [GeoLite2-Country.mmdb] to [/tmp/geoip-databases/t9hfPgy_RyC9LOJUxQUrSQ/GeoLite2-Country.mmdb.tmp.gz]
[2022-04-10T21:33:28,218][INFO ][o.e.i.g.DatabaseNodeService] [tpotcluster-node-01] downloading geoip database [GeoLite2-ASN.mmdb] to [/tmp/geoip-databases/t9hfPgy_RyC9LOJUxQUrSQ/GeoLite2-ASN.mmdb.tmp.gz]
[2022-04-10T21:33:28,219][INFO ][o.e.i.g.DatabaseNodeService] [tpotcluster-node-01] downloading geoip database [GeoLite2-City.mmdb] to [/tmp/geoip-databases/t9hfPgy_RyC9LOJUxQUrSQ/GeoLite2-City.mmdb.tmp.gz]
[2022-04-10T21:33:28,729][INFO ][o.e.i.g.DatabaseNodeService] [tpotcluster-node-01] successfully reloaded changed geoip database file [/tmp/geoip-databases/t9hfPgy_RyC9LOJUxQUrSQ/GeoLite2-Country.mmdb]
[2022-04-10T21:33:28,872][INFO ][o.e.i.g.DatabaseNodeService] [tpotcluster-node-01] successfully reloaded changed geoip database file [/tmp/geoip-databases/t9hfPgy_RyC9LOJUxQUrSQ/GeoLite2-ASN.mmdb]
[2022-04-10T21:33:31,321][INFO ][o.e.i.g.DatabaseNodeService] [tpotcluster-node-01] successfully reloaded changed geoip database file [/tmp/geoip-databases/t9hfPgy_RyC9LOJUxQUrSQ/GeoLite2-City.mmdb]
[2022-04-10T21:33:34,097][INFO ][o.e.c.r.a.AllocationService] [tpotcluster-node-01] Cluster health status changed from [RED] to [GREEN] (reason: [shards started [[.ds-.logs-deprecation.elasticsearch-default-2022.03.12-000001][0]]]).
[2022-04-10T21:33:45,738][INFO ][o.e.c.m.MetadataIndexTemplateService] [tpotcluster-node-01] removing template [logstash]
[2022-04-10T21:33:45,886][INFO ][o.e.c.m.MetadataIndexTemplateService] [tpotcluster-node-01] adding template [logstash] for index patterns [logstash-*]
[2022-04-10T21:34:30,206][INFO ][o.e.t.LoggingTaskListener] [tpotcluster-node-01] 620 finished with response BulkByScrollResponse[took=466.8ms,timed_out=false,sliceId=null,updated=17,created=0,deleted=0,batches=1,versionConflicts=0,noops=0,retries=0,throttledUntil=0s,bulk_failures=[],search_failures=[]]
[2022-04-10T21:34:32,491][INFO ][o.e.t.LoggingTaskListener] [tpotcluster-node-01] 642 finished with response BulkByScrollResponse[took=2.4s,timed_out=false,sliceId=null,updated=1021,created=0,deleted=0,batches=2,versionConflicts=0,noops=0,retries=0,throttledUntil=0s,bulk_failures=[],search_failures=[]]
[2022-04-10T21:34:40,393][INFO ][o.e.x.i.a.TransportPutLifecycleAction] [tpotcluster-node-01] updating index lifecycle policy [.alerts-ilm-policy]
[2022-04-10T21:35:09,204][INFO ][o.e.c.m.MetadataMappingService] [tpotcluster-node-01] [logstash-2022.04.10/rVYd29SrQtOIx322WnLIUA] update_mapping [_doc]
[2022-04-10T21:35:09,669][INFO ][o.e.c.m.MetadataMappingService] [tpotcluster-node-01] [logstash-2022.04.10/rVYd29SrQtOIx322WnLIUA] update_mapping [_doc]
[2022-04-10T21:35:09,901][INFO ][o.e.c.m.MetadataMappingService] [tpotcluster-node-01] [logstash-2022.04.10/rVYd29SrQtOIx322WnLIUA] update_mapping [_doc]
[2022-04-10T21:35:48,033][INFO ][o.e.c.m.MetadataMappingService] [tpotcluster-node-01] [logstash-2022.04.10/rVYd29SrQtOIx322WnLIUA] update_mapping [_doc]
[2022-04-10T21:35:48,093][INFO ][o.e.c.m.MetadataMappingService] [tpotcluster-node-01] [logstash-2022.04.10/rVYd29SrQtOIx322WnLIUA] update_mapping [_doc]
[2022-04-10T21:35:48,492][INFO ][o.e.c.m.MetadataMappingService] [tpotcluster-node-01] [logstash-2022.04.10/rVYd29SrQtOIx322WnLIUA] update_mapping [_doc]
[2022-04-10T21:36:18,023][INFO ][o.e.c.m.MetadataMappingService] [tpotcluster-node-01] [logstash-2022.04.10/rVYd29SrQtOIx322WnLIUA] update_mapping [_doc]
[2022-04-10T21:38:37,986][INFO ][o.e.c.m.MetadataMappingService] [tpotcluster-node-01] [logstash-2022.04.10/rVYd29SrQtOIx322WnLIUA] update_mapping [_doc]
[2022-04-10T21:40:09,273][INFO ][o.e.c.m.MetadataMappingService] [tpotcluster-node-01] [logstash-2022.04.10/rVYd29SrQtOIx322WnLIUA] update_mapping [_doc]
[2022-04-10T21:40:10,121][INFO ][o.e.c.m.MetadataMappingService] [tpotcluster-node-01] [logstash-2022.04.10/rVYd29SrQtOIx322WnLIUA] update_mapping [_doc]
[2022-04-10T21:40:10,257][INFO ][o.e.c.m.MetadataMappingService] [tpotcluster-node-01] [logstash-2022.04.10/rVYd29SrQtOIx322WnLIUA] update_mapping [_doc]
[2022-04-10T21:40:55,221][INFO ][o.e.c.m.MetadataMappingService] [tpotcluster-node-01] [logstash-2022.04.10/rVYd29SrQtOIx322WnLIUA] update_mapping [_doc]
[2022-04-10T21:40:56,325][INFO ][o.e.c.m.MetadataMappingService] [tpotcluster-node-01] [logstash-2022.04.10/rVYd29SrQtOIx322WnLIUA] update_mapping [_doc]
[2022-04-10T21:43:05,472][INFO ][o.e.c.m.MetadataMappingService] [tpotcluster-node-01] [logstash-2022.04.10/rVYd29SrQtOIx322WnLIUA] update_mapping [_doc]
[2022-04-10T21:53:37,592][INFO ][o.e.c.m.MetadataMappingService] [tpotcluster-node-01] [logstash-2022.04.10/rVYd29SrQtOIx322WnLIUA] update_mapping [_doc]
[2022-04-10T21:53:38,852][INFO ][o.e.c.m.MetadataMappingService] [tpotcluster-node-01] [logstash-2022.04.10/rVYd29SrQtOIx322WnLIUA] update_mapping [_doc]
[2022-04-10T21:55:49,119][INFO ][o.e.c.m.MetadataMappingService] [tpotcluster-node-01] [logstash-2022.04.10/rVYd29SrQtOIx322WnLIUA] update_mapping [_doc]
[2022-04-10T22:03:20,484][INFO ][o.e.c.m.MetadataMappingService] [tpotcluster-node-01] [logstash-2022.04.10/rVYd29SrQtOIx322WnLIUA] update_mapping [_doc]
[2022-04-10T22:09:19,122][INFO ][o.e.c.m.MetadataMappingService] [tpotcluster-node-01] [logstash-2022.04.10/rVYd29SrQtOIx322WnLIUA] update_mapping [_doc]
[2022-04-10T22:20:50,594][INFO ][o.e.c.m.MetadataMappingService] [tpotcluster-node-01] [logstash-2022.04.10/rVYd29SrQtOIx322WnLIUA] update_mapping [_doc]
[2022-04-10T22:22:18,650][INFO ][o.e.c.m.MetadataMappingService] [tpotcluster-node-01] [logstash-2022.04.10/rVYd29SrQtOIx322WnLIUA] update_mapping [_doc]
[2022-04-10T22:35:14,457][INFO ][o.e.m.j.JvmGcMonitorService] [tpotcluster-node-01] [gc][3707] overhead, spent [372ms] collecting in the last [1.2s]
[2022-04-10T22:51:14,161][INFO ][o.e.c.m.MetadataMappingService] [tpotcluster-node-01] [logstash-2022.04.10/rVYd29SrQtOIx322WnLIUA] update_mapping [_doc]
[2022-04-10T22:56:52,969][INFO ][o.e.c.m.MetadataMappingService] [tpotcluster-node-01] [logstash-2022.04.10/rVYd29SrQtOIx322WnLIUA] update_mapping [_doc]
[2022-04-10T22:56:56,208][INFO ][o.e.c.m.MetadataMappingService] [tpotcluster-node-01] [logstash-2022.04.10/rVYd29SrQtOIx322WnLIUA] update_mapping [_doc]
[2022-04-10T22:56:59,213][INFO ][o.e.c.m.MetadataMappingService] [tpotcluster-node-01] [logstash-2022.04.10/rVYd29SrQtOIx322WnLIUA] update_mapping [_doc]
[2022-04-10T23:03:30,494][INFO ][o.e.c.m.MetadataMappingService] [tpotcluster-node-01] [logstash-2022.04.10/rVYd29SrQtOIx322WnLIUA] update_mapping [_doc]
[2022-04-10T23:03:30,641][INFO ][o.e.c.m.MetadataMappingService] [tpotcluster-node-01] [logstash-2022.04.10/rVYd29SrQtOIx322WnLIUA] update_mapping [_doc]
[2022-04-10T23:03:31,232][INFO ][o.e.c.m.MetadataMappingService] [tpotcluster-node-01] [logstash-2022.04.10/rVYd29SrQtOIx322WnLIUA] update_mapping [_doc]
[2022-04-10T23:04:17,572][INFO ][o.e.c.m.MetadataMappingService] [tpotcluster-node-01] [logstash-2022.04.10/rVYd29SrQtOIx322WnLIUA] update_mapping [_doc]
[2022-04-10T23:09:49,255][INFO ][o.e.c.m.MetadataMappingService] [tpotcluster-node-01] [logstash-2022.04.10/rVYd29SrQtOIx322WnLIUA] update_mapping [_doc]
[2022-04-10T23:13:15,543][INFO ][o.e.c.m.MetadataMappingService] [tpotcluster-node-01] [logstash-2022.04.10/rVYd29SrQtOIx322WnLIUA] update_mapping [_doc]
[2022-04-10T23:15:28,808][INFO ][o.e.m.j.JvmGcMonitorService] [tpotcluster-node-01] [gc][6102] overhead, spent [258ms] collecting in the last [1s]
[2022-04-10T23:16:54,838][WARN ][o.e.t.ThreadPool         ] [tpotcluster-node-01] execution of [ReschedulingRunnable{runnable=org.elasticsearch.monitor.jvm.JvmGcMonitorService$1@2b965293, interval=1s}] took [8655ms] which is above the warn threshold of [5000ms]
[2022-04-10T23:20:39,849][WARN ][o.e.h.AbstractHttpServerTransport] [tpotcluster-node-01] handling request [null][POST][/.kibana_task_manager/_search?ignore_unavailable=true&track_total_hits=true][Netty4HttpChannel{localAddress=/192.168.48.2:9200, remoteAddress=/192.168.48.3:46796}] took [18008ms] which is above the warn threshold of [5000ms]
[2022-04-10T23:20:39,849][WARN ][o.e.h.AbstractHttpServerTransport] [tpotcluster-node-01] handling request [null][GET][/_xpack?accept_enterprise=true][Netty4HttpChannel{localAddress=/192.168.48.2:9200, remoteAddress=/192.168.48.3:46802}] took [50129ms] which is above the warn threshold of [5000ms]
[2022-04-10T23:26:00,440][WARN ][o.e.t.ThreadPool         ] [tpotcluster-node-01] timer thread slept for [5s/5069938738ns] on relative clock which is above the warn threshold of [5000ms]
[2022-04-10T23:37:20,196][WARN ][o.e.t.ThreadPool         ] [tpotcluster-node-01] timer thread slept for [19.5m/1175050ms] on absolute clock which is above the warn threshold of [5000ms]
[2022-04-10T23:40:27,569][WARN ][o.e.t.ThreadPool         ] [tpotcluster-node-01] timer thread slept for [19.5m/1174944730414ns] on relative clock which is above the warn threshold of [5000ms]
[2022-04-10T23:43:44,000][WARN ][o.e.t.ThreadPool         ] [tpotcluster-node-01] timer thread slept for [6.4m/384518ms] on absolute clock which is above the warn threshold of [5000ms]
[2022-04-10T23:41:06,618][WARN ][o.e.c.s.MasterService    ] [tpotcluster-node-01] took [22.4s/22496ms] to compute cluster state update for [ilm-set-step-info {policy [ilm-history-ilm-policy], index [.ds-ilm-history-5-2022.03.12-000001], currentStep [{"phase":"hot","action":"rollover","name":"check-rollover-ready"}]}[org.elasticsearch.xpack.ilm.SetStepInfoUpdateTask@eb42271a]], which exceeds the warn threshold of [10s]
[2022-04-10T23:45:51,918][WARN ][o.e.t.ThreadPool         ] [tpotcluster-node-01] timer thread slept for [6.4m/384924769122ns] on relative clock which is above the warn threshold of [5000ms]
[2022-04-10T23:48:59,583][WARN ][o.e.t.ThreadPool         ] [tpotcluster-node-01] timer thread slept for [4.8m/293067ms] on absolute clock which is above the warn threshold of [5000ms]
[2022-04-10T23:48:57,757][WARN ][o.e.t.ThreadPool         ] [tpotcluster-node-01] execution of [ReschedulingRunnable{runnable=org.elasticsearch.indices.IndexingMemoryController$ShardsIndicesStatusChecker@67de3e67, interval=5s}] took [677425ms] which is above the warn threshold of [5000ms]
[2022-04-10T23:49:44,701][WARN ][o.e.c.s.MasterService    ] [tpotcluster-node-01] took [2.5m/152083ms] to notify listeners on unchanged cluster state for [ilm-set-step-info {policy [ilm-history-ilm-policy], index [.ds-ilm-history-5-2022.03.12-000001], currentStep [{"phase":"hot","action":"rollover","name":"check-rollover-ready"}]}[org.elasticsearch.xpack.ilm.SetStepInfoUpdateTask@eb42271a]], which exceeds the warn threshold of [10s]
[2022-04-10T23:50:36,279][WARN ][o.e.t.ThreadPool         ] [tpotcluster-node-01] timer thread slept for [4.8m/292500490139ns] on relative clock which is above the warn threshold of [5000ms]
[2022-04-10T23:53:21,855][WARN ][o.e.t.ThreadPool         ] [tpotcluster-node-01] timer thread slept for [4.7m/284446ms] on absolute clock which is above the warn threshold of [5000ms]
[2022-04-10T23:53:20,356][WARN ][o.e.c.s.MasterService    ] [tpotcluster-node-01] took [10.6s/10621ms] to compute cluster state update for [ilm-set-step-info {policy [kibana-event-log-policy], index [.kibana-event-log-7.16.2-000001], currentStep [{"phase":"hot","action":"rollover","name":"check-rollover-ready"}]}[org.elasticsearch.xpack.ilm.SetStepInfoUpdateTask@6fc6f678], ilm-set-step-info {policy [.deprecation-indexing-ilm-policy], index [.ds-.logs-deprecation.elasticsearch-default-2022.04.09-000003], currentStep [{"phase":"hot","action":"rollover","name":"check-rollover-ready"}]}[org.elasticsearch.xpack.ilm.SetStepInfoUpdateTask@eee6046d], ilm-set-step-info {policy [kibana-event-log-policy], index [.kibana-event-log-7.17.0-000001], currentStep [{"phase":"hot","action":"rollover","name":"check-rollover-ready"}]}[org.elasticsearch.xpack.ilm.SetStepInfoUpdateTask@a88209d1]], which exceeds the warn threshold of [10s]
[2022-04-10T23:55:22,333][WARN ][o.e.t.ThreadPool         ] [tpotcluster-node-01] timer thread slept for [4.7m/285012463898ns] on relative clock which is above the warn threshold of [5000ms]
[2022-04-10T23:57:54,335][WARN ][o.e.t.ThreadPool         ] [tpotcluster-node-01] timer thread slept for [4.5m/272082ms] on absolute clock which is above the warn threshold of [5000ms]
[2022-04-10T23:54:06,286][WARN ][o.e.m.f.FsHealthService  ] [tpotcluster-node-01] health check of [/data/elk/data/nodes/0] took [677426ms] which is above the warn threshold of [5s]
