[09052022 02:51:08] dionaea /root/dionaea/src/dionaea.c:756-warning: Setgroups dropping groups failed
[09052022 02:51:08] sip /opt/dionaea/lib/dionaea/python/dionaea/sip/__init__.py:78-warning: Starting cleanup loop
[09052022 02:51:48] connection /root/dionaea/src/connection.c:137-warning: getpeername failed (Transport endpoint is not connected)
[09052022 02:51:48] connection /root/dionaea/src/connection_tcp.c:97-warning: accepting connection failed, closing connection
[09052022 02:52:13] sip /opt/dionaea/lib/dionaea/python/dionaea/sip/__init__.py:45-warning: Cleanup
[09052022 02:53:10] sip /opt/dionaea/lib/dionaea/python/dionaea/sip/__init__.py:45-warning: Cleanup
[09052022 02:53:21] connection /root/dionaea/src/connection.c:137-warning: getpeername failed (Transport endpoint is not connected)
[09052022 02:53:21] connection /root/dionaea/src/connection_tcp.c:97-warning: accepting connection failed, closing connection
[09052022 02:54:13] sip /opt/dionaea/lib/dionaea/python/dionaea/sip/__init__.py:45-warning: Cleanup
[09052022 02:54:43] connection /root/dionaea/src/connection.c:137-warning: getpeername failed (Transport endpoint is not connected)
[09052022 02:54:43] connection /root/dionaea/src/connection_tcp.c:97-warning: accepting connection failed, closing connection
[09052022 02:54:43] connection /root/dionaea/src/connection_tcp.c:271-warning: recv failed size -1 recv_size 1 (Connection reset by peer)
[09052022 02:55:13] sip /opt/dionaea/lib/dionaea/python/dionaea/sip/__init__.py:45-warning: Cleanup
[09052022 02:56:13] sip /opt/dionaea/lib/dionaea/python/dionaea/sip/__init__.py:45-warning: Cleanup
[09052022 02:57:13] sip /opt/dionaea/lib/dionaea/python/dionaea/sip/__init__.py:45-warning: Cleanup
[09052022 02:58:13] sip /opt/dionaea/lib/dionaea/python/dionaea/sip/__init__.py:45-warning: Cleanup
[09052022 02:59:13] sip /opt/dionaea/lib/dionaea/python/dionaea/sip/__init__.py:45-warning: Cleanup
[09052022 03:00:13] sip /opt/dionaea/lib/dionaea/python/dionaea/sip/__init__.py:45-warning: Cleanup
[09052022 03:01:13] sip /opt/dionaea/lib/dionaea/python/dionaea/sip/__init__.py:45-warning: Cleanup
[09052022 03:02:13] sip /opt/dionaea/lib/dionaea/python/dionaea/sip/__init__.py:45-warning: Cleanup
[09052022 03:03:13] sip /opt/dionaea/lib/dionaea/python/dionaea/sip/__init__.py:45-warning: Cleanup
[09052022 03:04:13] sip /opt/dionaea/lib/dionaea/python/dionaea/sip/__init__.py:45-warning: Cleanup
[09052022 03:05:13] sip /opt/dionaea/lib/dionaea/python/dionaea/sip/__init__.py:45-warning: Cleanup
[09052022 03:06:13] sip /opt/dionaea/lib/dionaea/python/dionaea/sip/__init__.py:45-warning: Cleanup
[09052022 03:07:13] sip /opt/dionaea/lib/dionaea/python/dionaea/sip/__init__.py:45-warning: Cleanup
[09052022 03:08:13] sip /opt/dionaea/lib/dionaea/python/dionaea/sip/__init__.py:45-warning: Cleanup
[09052022 03:09:13] sip /opt/dionaea/lib/dionaea/python/dionaea/sip/__init__.py:45-warning: Cleanup
[09052022 03:10:13] sip /opt/dionaea/lib/dionaea/python/dionaea/sip/__init__.py:45-warning: Cleanup
[09052022 03:11:13] sip /opt/dionaea/lib/dionaea/python/dionaea/sip/__init__.py:45-warning: Cleanup
[09052022 03:11:21] SMB /opt/dionaea/lib/dionaea/python/dionaea/smb/smb.py:127-warning: p.haslayer(Raw): b'\x00'
[09052022 03:11:21] SMB /opt/dionaea/lib/dionaea/python/dionaea/smb/smb.py:157-warning: p.haslayer(Raw): b'\x00'
[09052022 03:12:13] sip /opt/dionaea/lib/dionaea/python/dionaea/sip/__init__.py:45-warning: Cleanup
[09052022 03:13:13] sip /opt/dionaea/lib/dionaea/python/dionaea/sip/__init__.py:45-warning: Cleanup
[09052022 03:14:13] sip /opt/dionaea/lib/dionaea/python/dionaea/sip/__init__.py:45-warning: Cleanup
[09052022 03:15:13] sip /opt/dionaea/lib/dionaea/python/dionaea/sip/__init__.py:45-warning: Cleanup
[09052022 03:16:13] sip /opt/dionaea/lib/dionaea/python/dionaea/sip/__init__.py:45-warning: Cleanup
[09052022 03:17:13] sip /opt/dionaea/lib/dionaea/python/dionaea/sip/__init__.py:45-warning: Cleanup
[09052022 03:18:13] sip /opt/dionaea/lib/dionaea/python/dionaea/sip/__init__.py:45-warning: Cleanup
[09052022 03:18:37] mysqld /opt/dionaea/lib/dionaea/python/dionaea/mysql/mysql.py:83-warning: DATABASE opening information_schema
[09052022 03:18:37] mysqld /opt/dionaea/lib/dionaea/python/dionaea/mysql/mysql.py:86-warning: open db information_schema -> :memory:
[09052022 03:18:37] connection /root/dionaea/src/connection_tcp.c:271-warning: recv failed size -1 recv_size 1 (Connection reset by peer)
[09052022 03:18:37] mysqld /opt/dionaea/lib/dionaea/python/dionaea/mysql/mysql.py:83-warning: DATABASE opening information_schema
[09052022 03:18:37] mysqld /opt/dionaea/lib/dionaea/python/dionaea/mysql/mysql.py:86-warning: open db information_schema -> :memory:
[09052022 03:18:42] connection /root/dionaea/src/connection_tcp.c:271-warning: recv failed size -1 recv_size 1 (Connection reset by peer)
[09052022 03:19:13] sip /opt/dionaea/lib/dionaea/python/dionaea/sip/__init__.py:45-warning: Cleanup
[09052022 03:20:13] sip /opt/dionaea/lib/dionaea/python/dionaea/sip/__init__.py:45-warning: Cleanup
[09052022 03:21:13] sip /opt/dionaea/lib/dionaea/python/dionaea/sip/__init__.py:45-warning: Cleanup
[09052022 03:22:13] sip /opt/dionaea/lib/dionaea/python/dionaea/sip/__init__.py:45-warning: Cleanup
[09052022 03:23:13] sip /opt/dionaea/lib/dionaea/python/dionaea/sip/__init__.py:45-warning: Cleanup
[09052022 03:24:13] sip /opt/dionaea/lib/dionaea/python/dionaea/sip/__init__.py:45-warning: Cleanup
[09052022 03:25:13] sip /opt/dionaea/lib/dionaea/python/dionaea/sip/__init__.py:45-warning: Cleanup
[09052022 03:26:13] sip /opt/dionaea/lib/dionaea/python/dionaea/sip/__init__.py:45-warning: Cleanup
[09052022 03:27:13] sip /opt/dionaea/lib/dionaea/python/dionaea/sip/__init__.py:45-warning: Cleanup
[09052022 03:28:13] sip /opt/dionaea/lib/dionaea/python/dionaea/sip/__init__.py:45-warning: Cleanup
[09052022 03:28:28] ftp /opt/dionaea/lib/dionaea/python/dionaea/ftp.py:235-warning: cmd 'b'USER''
[09052022 03:28:28] ftp /opt/dionaea/lib/dionaea/python/dionaea/ftp.py:235-warning: cmd 'b'PASS''
[09052022 03:28:28] ftp /opt/dionaea/lib/dionaea/python/dionaea/ftp.py:235-warning: cmd 'b'OPTS''
[09052022 03:28:28] ftp /opt/dionaea/lib/dionaea/python/dionaea/ftp.py:235-warning: cmd 'b'PWD''
[09052022 03:28:28] ftp /opt/dionaea/lib/dionaea/python/dionaea/ftp.py:235-warning: cmd 'b'TYPE''
[09052022 03:29:13] sip /opt/dionaea/lib/dionaea/python/dionaea/sip/__init__.py:45-warning: Cleanup
[09052022 03:30:13] sip /opt/dionaea/lib/dionaea/python/dionaea/sip/__init__.py:45-warning: Cleanup
[09052022 03:31:13] sip /opt/dionaea/lib/dionaea/python/dionaea/sip/__init__.py:45-warning: Cleanup
[09052022 03:32:13] sip /opt/dionaea/lib/dionaea/python/dionaea/sip/__init__.py:45-warning: Cleanup
[09052022 03:33:13] sip /opt/dionaea/lib/dionaea/python/dionaea/sip/__init__.py:45-warning: Cleanup
[09052022 03:34:13] sip /opt/dionaea/lib/dionaea/python/dionaea/sip/__init__.py:45-warning: Cleanup
[09052022 03:35:13] sip /opt/dionaea/lib/dionaea/python/dionaea/sip/__init__.py:45-warning: Cleanup
[09052022 03:36:13] sip /opt/dionaea/lib/dionaea/python/dionaea/sip/__init__.py:45-warning: Cleanup
[09052022 03:37:13] sip /opt/dionaea/lib/dionaea/python/dionaea/sip/__init__.py:45-warning: Cleanup
[09052022 03:38:13] sip /opt/dionaea/lib/dionaea/python/dionaea/sip/__init__.py:45-warning: Cleanup
[09052022 03:39:13] sip /opt/dionaea/lib/dionaea/python/dionaea/sip/__init__.py:45-warning: Cleanup
[09052022 03:40:13] sip /opt/dionaea/lib/dionaea/python/dionaea/sip/__init__.py:45-warning: Cleanup
[09052022 03:41:13] sip /opt/dionaea/lib/dionaea/python/dionaea/sip/__init__.py:45-warning: Cleanup
[09052022 03:42:13] sip /opt/dionaea/lib/dionaea/python/dionaea/sip/__init__.py:45-warning: Cleanup
[09052022 03:43:13] sip /opt/dionaea/lib/dionaea/python/dionaea/sip/__init__.py:45-warning: Cleanup
[09052022 03:44:13] sip /opt/dionaea/lib/dionaea/python/dionaea/sip/__init__.py:45-warning: Cleanup
[09052022 03:45:13] sip /opt/dionaea/lib/dionaea/python/dionaea/sip/__init__.py:45-warning: Cleanup
[09052022 03:46:13] sip /opt/dionaea/lib/dionaea/python/dionaea/sip/__init__.py:45-warning: Cleanup
[09052022 03:47:13] sip /opt/dionaea/lib/dionae