Full blacklist written: 0 scanners/attackers detected
Weekly blacklist written: 0 scanners/attackers detected
Daily blacklist written: 0 scanners/attackers detected
Restored previous DB state - 0 unique IPs loaded
SSDPot started at 0.0.0.0:1900
163.172.80.40:55482 - Invalid command specified: None
{"time": "2022-05-07 23:45:09.316336", "src_ip": "185.246.128.26", "src_port": 45107, "st": "upnp:rootdevice", "mx": "1", "req_size": 97, "resp_size": 235, "req_pkt": "TS1TRUFSQ0ggKiBIVFRQLzEuMQ0KSG9zdDoyMzkuMjU1LjI1NS4yNTA6MTkwMA0KU1Q6dXBucDpyb290ZGV2aWNlDQpNYW46InNzZHA6ZGlzY292ZXIiDQpNWDoxDQoNCg=="}
{"time": "2022-05-08 00:49:07.547181", "src_ip": "185.94.111.1", "src_port": 41958, "st": "ssdp:all", "mx": "3", "req_size": 94, "resp_size": 712, "req_pkt": "TS1TRUFSQ0ggKiBIVFRQLzEuMQ0KSG9zdDogMjM5LjI1NS4yNTUuMjUwOjE5MDANCk1hbjogInNzZHA6ZGlzY292ZXIiDQpNWDogMw0KU1Q6IHNzZHA6YWxsDQoNCg=="}
{"time": "2022-05-08 05:12:21.386827", "src_ip": "146.88.240.4", "src_port": 1901, "st": "upnp:rootdevice", "mx": "3", "req_size": 99, "resp_size": 235, "req_pkt": "TS1TRUFSQ0ggKiBIVFRQLzEuMQ0KSG9zdDoyMzkuMjU1LjI1NS4yNTA6MTkwMA0KU1Q6dXBucDpyb290ZGV2aWNlDQpNYW46InNzZHA6ZGlzY292ZXIiDQpNWDozDQoNCg0K"}
{"time": "2022-05-08 05:14:50.091101", "src_ip": "104.206.128.6", "src_port": 63579, "st": "upnp:rootdevice", "mx": "3", "req_size": 97, "resp_size": 235, "req_pkt": "TS1TRUFSQ0ggKiBIVFRQLzEuMQ0KSG9zdDoyMzkuMjU1LjI1NS4yNTA6MTkwMA0KU1Q6dXBucDpyb290ZGV2aWNlDQpNYW46InNzZHA6ZGlzY292ZXIiDQpNWDozDQoNCg=="}
{"time": "2022-05-08 05:20:39.632201", "src_ip": "146.88.240.4", "src_port": 1901, "st": "upnp:rootdevice", "mx": "3", "req_size": 99, "resp_size": 235, "req_pkt": "TS1TRUFSQ0ggKiBIVFRQLzEuMQ0KSG9zdDoyMzkuMjU1LjI1NS4yNTA6MTkwMA0KU1Q6dXBucDpyb290ZGV2aWNlDQpNYW46InNzZHA6ZGlzY292ZXIiDQpNWDozDQoNCg0K"}
Full blacklist written: 4 scanners/attackers detected
Weekly blacklist written: 4 scanners/attackers detected
Daily blacklist written: 4 scanners/attackers detected
Full blacklist written: 4 scanners/attackers detected
Weekly blacklist written: 4 scanners/attackers detected
Daily blacklist written: 4 scanners/attackers detected
Full blacklist written: 4 scanners/attackers detected
Weekly blacklist written: 4 scanners/attackers detected
Daily blacklist written: 4 scanners/attackers detected
Full blacklist written: 4 scanners/attackers detected
Weekly blacklist written: 4 scanners/attackers detected
Daily blacklist written: 4 scanners/attackers detected
Full blacklist written: 4 scanners/attackers detected
Weekly blacklist written: 4 scanners/attackers detected
Daily blacklist written: 4 scanners/attackers detected
Full blacklist written: 4 scanners/attackers detected
Weekly blacklist written: 4 scanners/attackers detected
Daily blacklist written: 4 scanners/attackers detected
Full blacklist written: 4 scanners/attackers detected
Weekly blacklist written: 4 scanners/attackers detected
Daily blacklist written: 4 scanners/attackers detected
Full blacklist written: 4 scanners/attackers detected
Weekly blacklist written: 4 scanners/attackers detected
Daily blacklist written: 4 scanners/attackers detected
Full blacklist written: 4 scanners/attackers detected
Weekly blacklist written: 4 scanners/attackers detected
Daily blacklist written: 4 scanners/attackers detected
Full blacklist written: 4 scanners/attackers detected
Weekly blacklist written: 4 scanners/attackers detected
Daily blacklist written: 4 scanners/attackers detected
