2022-05-26 19:49:21,971 Config file found!
2022-05-26 19:49:21,978 Starting Conpot using template: /usr/lib/python3.9/site-packages/conpot/templates/IEC104
2022-05-26 19:49:21,979 Starting Conpot using configuration found in: /etc/conpot/conpot.cfg
2022-05-26 19:49:22,158 Serving tar:///usr/lib/python3.9/site-packages/conpot/data.tar as file system. File uploads will be kept at : /tmp/conpot
2022-05-26 19:49:22,158 Opening path /tmp/conpot for persistent storage of files.
2022-05-26 19:49:22,166 Initializing Virtual File System at /tmp/conpot/__conpot__lz_4xn5f. Source specified : tar:///usr/lib/python3.9/site-packages/conpot/data.tar
 Please wait while the system copies all specified files
2022-05-26 19:49:22,315 Fetched 35.188.24.85 as external ip.
2022-05-26 19:49:22,327 IEC 104 Server up
2022-05-26 19:49:22,335 Found and enabled IEC104 protocol.
2022-05-26 19:49:22,356 Found and enabled snmp protocol.
2022-05-26 19:49:22,359 No proxy template found. Service will remain unconfigured/stopped.
2022-05-26 19:49:22,372 IEC 60870-5-104 protocol server started on: ('0.0.0.0', 2404)
2022-05-26 19:49:25,902 Skipped: OID for symbol ifOutUNcastPkts not found in MIB IF-MIB
2022-05-26 19:49:32,558 SNMP server started on: ('0.0.0.0', 161)
2022-05-26 19:49:41,083 Stopping Conpot
2022-05-26 19:49:42,429 Shutting down File System. Cleaning directories at /tmp/conpot/__conpot__lz_4xn5f
2022-05-26 19:50:19,620 Config file found!
2022-05-26 19:50:19,632 Starting Conpot using template: /usr/lib/python3.9/site-packages/conpot/templates/IEC104
2022-05-26 19:50:19,633 Starting Conpot using configuration found in: /etc/conpot/conpot.cfg
2022-05-26 19:50:19,756 Serving tar:///usr/lib/python3.9/site-packages/conpot/data.tar as file system. File uploads will be kept at : /tmp/conpot
2022-05-26 19:50:19,766 Opening path /tmp/conpot for persistent storage of files.
2022-05-26 19:50:19,769 Initializing Virtual File System at /tmp/conpot/__conpot__xbiib9ld. Source specified : tar:///usr/lib/python3.9/site-packages/conpot/data.tar
 Please wait while the system copies all specified files
2022-05-26 19:50:19,941 Fetched 35.188.24.85 as external ip.
2022-05-26 19:50:19,951 IEC 104 Server up
2022-05-26 19:50:19,983 Found and enabled IEC104 protocol.
2022-05-26 19:50:19,988 Found and enabled snmp protocol.
2022-05-26 19:50:19,994 No proxy template found. Service will remain unconfigured/stopped.
2022-05-26 19:50:19,995 IEC 60870-5-104 protocol server started on: ('0.0.0.0', 2404)
2022-05-26 19:50:21,877 Skipped: OID for symbol ifOutUNcastPkts not found in MIB IF-MIB
2022-05-26 19:50:25,142 SNMP server started on: ('0.0.0.0', 161)
2022-05-26 20:26:07,951 SNMP Exception: This class is not converted to new architecture
2022-05-26 21:42:25,757 SNMP Exception: This class is not converted to new architecture
2022-05-26 23:24:43,990 SNMP Exception: This class is not converted to new architecture
2022-05-26 23:30:42,935 SNMP Exception: This class is not converted to new architecture
