2022-05-26 19:49:21,712 Config file found!
2022-05-26 19:49:21,718 Starting Conpot using template: /usr/lib/python3.9/site-packages/conpot/templates/guardian_ast
2022-05-26 19:49:21,718 Starting Conpot using configuration found in: /etc/conpot/conpot.cfg
2022-05-26 19:49:21,737 Serving tar:///usr/lib/python3.9/site-packages/conpot/data.tar as file system. File uploads will be kept at : /tmp/conpot
2022-05-26 19:49:21,737 Opening path /tmp/conpot for persistent storage of files.
2022-05-26 19:49:21,740 Initializing Virtual File System at /tmp/conpot/__conpot__hmitwygh. Source specified : tar:///usr/lib/python3.9/site-packages/conpot/data.tar
 Please wait while the system copies all specified files
2022-05-26 19:49:21,904 Fetched 35.188.24.85 as external ip.
2022-05-26 19:49:21,923 Conpot GuardianAST initialized
2022-05-26 19:49:21,923 Found and enabled guardian_ast protocol.
2022-05-26 19:49:21,931 No proxy template found. Service will remain unconfigured/stopped.
2022-05-26 19:49:21,936 GuardianAST server started on: ('0.0.0.0', 10001)
2022-05-26 19:49:40,729 Stopping Conpot
2022-05-26 19:49:41,969 Shutting down File System. Cleaning directories at /tmp/conpot/__conpot__hmitwygh
2022-05-26 19:50:17,318 Config file found!
2022-05-26 19:50:17,320 Starting Conpot using template: /usr/lib/python3.9/site-packages/conpot/templates/guardian_ast
2022-05-26 19:50:17,322 Starting Conpot using configuration found in: /etc/conpot/conpot.cfg
2022-05-26 19:50:17,337 Serving tar:///usr/lib/python3.9/site-packages/conpot/data.tar as file system. File uploads will be kept at : /tmp/conpot
2022-05-26 19:50:17,338 Opening path /tmp/conpot for persistent storage of files.
2022-05-26 19:50:17,340 Initializing Virtual File System at /tmp/conpot/__conpot__v9sye3ch. Source specified : tar:///usr/lib/python3.9/site-packages/conpot/data.tar
 Please wait while the system copies all specified files
2022-05-26 19:50:17,583 Fetched 35.188.24.85 as external ip.
2022-05-26 19:50:17,586 Conpot GuardianAST initialized
2022-05-26 19:50:17,587 Found and enabled guardian_ast protocol.
2022-05-26 19:50:17,588 No proxy template found. Service will remain unconfigured/stopped.
2022-05-26 19:50:17,589 GuardianAST server started on: ('0.0.0.0', 10001)
