2022-04-20 16:41:29,218 Config file found!
2022-04-20 16:41:29,225 Starting Conpot using template: /usr/lib/python3.9/site-packages/conpot/templates/kamstrup_382
2022-04-20 16:41:29,226 Starting Conpot using configuration found in: /etc/conpot/conpot.cfg
2022-04-20 16:41:29,281 Serving tar:///usr/lib/python3.9/site-packages/conpot/data.tar as file system. File uploads will be kept at : /tmp/conpot
2022-04-20 16:41:29,281 Opening path /tmp/conpot for persistent storage of files.
2022-04-20 16:41:29,306 Initializing Virtual File System at /tmp/conpot/__conpot__1m0bxmbi. Source specified : tar:///usr/lib/python3.9/site-packages/conpot/data.tar
 Please wait while the system copies all specified files
2022-04-20 16:41:29,556 Fetched 34.121.180.85 as external ip.
2022-04-20 16:41:29,559 Kamstrup management protocol server initialized.
2022-04-20 16:41:29,560 Found and enabled kamstrup_management protocol.
2022-04-20 16:41:29,572 Kamstrup protocol server initialized.
2022-04-20 16:41:29,577 Found and enabled kamstrup_meter protocol.
2022-04-20 16:41:29,587 No proxy template found. Service will remain unconfigured/stopped.
2022-04-20 16:41:29,588 Kamstrup management protocol server started on: ('0.0.0.0', 50100)
2022-04-20 16:41:29,589 Kamstrup protocol server started on: ('0.0.0.0', 1025)
2022-04-20 18:58:57,229 New kamstrup_protocol session from 198.235.24.3 (68cda411-1d4b-4d16-8c3d-8ca44407f4ee)
2022-04-20 18:59:26,325 New Kamstrup connection from 198.235.24.3:53999. (68cda411-1d4b-4d16-8c3d-8ca44407f4ee)
2022-04-20 19:04:28,825 Session timed out: 68cda411-1d4b-4d16-8c3d-8ca44407f4ee
2022-04-20 19:49:54,252 New kamstrup_protocol session from 162.142.125.10 (62a9a867-216f-4598-ac43-9e2ada16a5da)
2022-04-20 20:00:07,105 New Kamstrup connection from 162.142.125.10:47200. (62a9a867-216f-4598-ac43-9e2ada16a5da)
2022-04-20 20:17:20,124 New Kamstrup connection from 162.142.125.10:56328. (62a9a867-216f-4598-ac43-9e2ada16a5da)
2022-04-20 20:17:20,201 Kamstrup skipping byte, expected kamstrup_meter request magic but got: 0x16
2022-04-20 20:17:20,201 Kamstrup skipping byte, expected kamstrup_meter request magic but got: 0x3
2022-04-20 20:17:20,201 Kamstrup skipping byte, expected kamstrup_meter request magic but got: 0x1
2022-04-20 20:17:20,201 Kamstrup skipping byte, expected kamstrup_meter request magic but got: 0x0
2022-04-20 20:17:20,201 Kamstrup skipping byte, expected kamstrup_meter request magic but got: 0xee
2022-04-20 20:17:20,202 Kamstrup skipping byte, expected kamstrup_meter request magic but got: 0x1
2022-04-20 20:17:20,202 Kamstrup skipping byte, expected kamstrup_meter request magic but got: 0x0
2022-04-20 20:17:20,202 Kamstrup skipping byte, expected kamstrup_meter request magic but got: 0x0
2022-04-20 20:17:20,202 Kamstrup skipping byte, expected kamstrup_meter request magic but got: 0xea
2022-04-20 20:17:20,202 Kamstrup skipping byte, expected kamstrup_meter request magic but got: 0x3
2022-04-20 20:17:20,202 Kamstrup skipping byte, expected kamstrup_meter request magic but got: 0x3
2022-04-20 20:17:20,203 Kamstrup skipping byte, expected kamstrup_meter request magic but got: 0xa7
2022-04-20 20:17:20,203 Kamstrup skipping byte, expected kamstrup_meter request magic but got: 0x87
2022-04-20 20:17:20,203 Kamstrup skipping byte, expected kamstrup_meter request magic but got: 0x6
2022-04-20 20:17:20,203 Kamstrup skipping byte, expected kamstrup_meter request magic but got: 0xe3
2022-04-20 20:17:20,203 Kamstrup skipping byte, expected kamstrup_meter request magic but got: 0x91
2022-04-20 20:17:20,203 Kamstrup skipping byte, expected kamstrup_meter request magic but got: 0x19
2022-04-20 20:17:20,203 Kamstrup skipping byte, expected kamstrup_meter request magic but got: 0xf7
2022-04-20 20:17:20,204 Kamstrup skipping byte, expected kamstrup_meter request magic but got: 0x24
2022-04-20 20:17:20,204 Kamstrup skipping byte, expected kamstrup_meter request magic but got: 0xe1
2022-04-20 20:17:20,204 Kamstrup skipping byte, expected kamstrup_meter request magic but got: 0x85
2022-04-20 20:17:20,204 Kamstrup skipping byte, expected kamstrup_meter request magic but got: 0xe
2022-04-20 20:17:20,205 Kamstrup skipping byte, expected kamstrup_meter request magic but got: 0x84
2022-04-20 20:17:20,205 Kamstrup skipping byte, expected kamstrup_meter request magic but got: 0xf2
2022-04-20 20:17:20,205 Kamstrup skipping byte, expected kamstrup_meter request magic but got: 0x55
2022-04-20 20:17:20,205 Kamstrup skipping byte, expected kamstrup_meter request magic but got: 0x1d
2022-04-20 20:17:20,205 Kamstrup skipping byte, expected kamstrup_meter request magic but got: 0xe0
2022-04-20 20:17:20,205 Kamstrup skipping byte, expected kamstrup_meter request magic but got: 0x67
2022-04-20 20:17:20,206 Kamstrup skipping byte, expected kamstrup_meter request magic but got: 0xae
2022-04-20 20:17:20,206 Kamstrup skipping byte, expected kamstrup_meter request magic but got: 0xe8
2022-04-20 20:17:20,206 Kamstrup skipping byte, expected kamstrup_meter request magic but got: 0x58
2022-04-20 20:17:20,206 Kamstrup skipping byte, expected kamstrup_meter request magic but got: 0x6b
2022-04-20 20:17:20,206 Kamstrup skipping byte, expected kamstrup_meter request magic but got: 0x54
2022-04-20 20:17:20,206 Kamstrup skipping byte, expected kamstrup_meter request magic but got: 0x4a
2022-04-20 20:17:20,207 Kamstrup skipping byte, expected kamstrup_meter request magic but got: 0xc5
2022-04-20 20:17:20,207 Kamstrup skipping byte, expected kamstrup_meter request magic but got: 0x1d
2022-04-20 20:17:20,207 Kamstrup skipping byte, expected kamstrup_meter request magic but got: 0xb2
2022-04-20 20:17:20,207 Kamstrup skipping byte, expected kamstrup_meter request magic but got: 0x50
2022-04-20 20:17:20,207 Kamstrup skipping byte, expected kamstrup_meter request magic but got: 0x7f
2022-04-20 20:17:20,207 Kamstrup skipping byte, expected kamstrup_meter request magic but got: 0xa3
2022-04-20 20:17:20,208 Kamstrup skipping byte, expected kamstrup_meter request magic but got: 0x5d
2022-04-20 20:17:20,208 Kamstrup skipping byte, expected kamstrup_meter request magic but got: 0x59
2022-04-20 20:17:20,208 Kamstrup skipping byte, expected kamstrup_meter request magic but got: 0xa
2022-04-20 20:17:20,208 Kamstrup skipping byte, expected kamstrup_meter request magic but got: 0x20
2022-04-20 20:17:20,208 Kamstrup skipping byte, expected kamstrup_meter request magic but got: 0x85
2022-04-20 20:17:20,208 Kamstrup skipping byte, expected kamstrup_meter request magic but got: 0x87
2022-04-20 20:17:20,209 Kamstrup skipping byte, expected kamstrup_meter request magic but got: 0x6e
2022-04-20 20:17:20,209 Kamstrup skipping byte, expected kamstrup_meter request magic but got: 0xa2
2022-04-20 20:17:20,209 Kamstrup skipping byte, expected kamstrup_meter request magic but got: 0x50
2022-04-20 20:17:20,209 Kamstrup skipping byte, expected kamstrup_meter request magic but got: 0xdf
2022-04-20 20:17:20,209 Kamstrup skipping byte, expected kamstrup_meter request magic but got: 0x3
2022-04-20 20:17:20,209 Kamstrup skipping byte, expected kamstrup_meter request magic but got: 0xd0
2022-04-20 20:17:20,210 Kamstrup skipping byte, expected kamstrup_meter request magic but got: 0x69
2022-04-20 20:17:20,210 Kamstrup skipping byte, expected kamstrup_meter request magic but got: 0xa9
2022-04-20 20:17:20,210 Kamstrup skipping byte, expected kamstrup_meter request magic but got: 0xcf
2022-04-20 20:17:20,210 Kamstrup skipping byte, expected kamstrup_meter request magic but got: 0xc3
2022-04-20 20:17:20,210 Kamstrup skipping byte, expected kamstrup_meter request magic but got: 0x89
2022-04-20 20:17:20,210 Kamstrup skipping byte, expected kamstrup_meter request magic but got: 0x6d
2022-04-20 20:17:20,211 Kamstrup skipping byte, expected kamstrup_meter request magic but got: 0xa4
2022-04-20 20:17:20,211 Kamstrup skipping byte, expected kamstrup_meter request magic but got: 0x77
2022-04-20 20:17:20,211 Kamstrup skipping byte, expected kamstrup_meter request magic but got: 0xd2
2022-04-20 20:17:20,211 Kamstrup skipping byte, expected kamstrup_meter request magic but got: 0x69
2022-04-20 20:17:20,211 Kamstrup skipping byte, expected kamstrup_meter request magic but got: 0xa2
2022-04-20 20:17:20,212 Kamstrup skipping byte, expected kamstrup_meter request magic but got: 0x8
2022-04-20 20:17:20,212 Kamstrup skipping byte, expected kamstrup_meter request magic but got: 0xb3
2022-04-20 20:17:20,212 Kamstrup skipping byte, expected kamstrup_meter request magic but got: 0x95
2022-04-20 20:17:20,212 Kamstrup skipping byte, expected kamstrup_meter request magic but got: 0xeb
2022-04-20 20:17:20,212 Kamstrup skipping byte, expected kamstrup_meter request magic but got: 0x4d
2022-04-20 20:17:20,212 Kamstrup skipping byte, expected kamstrup_meter request magic but got: 0x7
2022-04-20 20:17:20,213 Kamstrup skipping byte, expected kamstrup_meter request magic but got: 0x8d
2022-04-20 20:17:20,213 Kamstrup skipping byte, expected kamstrup_meter request magic but got: 0xf2
2022-04-20 20:17:20,213 Kamstrup skipping byte, expected kamstrup_meter request magic but got: 0xc
2022-04-20 20:17:20,213 Kamstrup skipping byte, expected kamstrup_meter request magic but got: 0xd7
2022-04-20 20:17:20,213 Kamstrup skipping byte, expected kamstrup_meter request magic but got: 0x4b
2022-04-20 20:17:20,213 Kamstrup skipping byte, expected kamstrup_meter request magic but got: 0x31
2022-04-20 20:17:20,214 Kamstrup skipping byte, expected kamstrup_meter request magic but got: 0x97
2022-04-20 20:17:20,214 Kamstrup skipping byte, expected kamstrup_meter request magic but got: 0x0
2022-04-20 20:17:20,214 Kamstrup skipping byte, expected kamstrup_meter request magic but got: 0x26
2022-04-20 20:17:20,214 Kamstrup skipping byte, expected kamstrup_meter request magic but got: 0xcc
2022-04-20 20:17:20,214 Kamstrup skipping byte, expected kamstrup_meter request magic but got: 0xa8
2022-04-20 20:17:20,214 Kamstrup skipping byte, expected kamstrup_meter request magic but got: 0xcc
2022-04-20 20:17:20,215 Kamstrup skipping byte, expected kamstrup_meter request magic but got: 0xa9
2022-04-20 20:17:20,215 Kamstrup skipping byte, expected kamstrup_meter request magic but got: 0xc0
2022-04-20 20:17:20,215 Kamstrup skipping byte, expected kamstrup_meter request magic but got: 0x2f
2022-04-20 20:17:20,215 Kamstrup skipping byte, expected kamstrup_meter request magic but got: 0xc0
2022-04-20 20:17:20,215 Kamstrup skipping byte, expected kamstrup_meter request magic but got: 0x30
2022-04-20 20:17:20,216 Kamstrup skipping byte, expected kamstrup_meter request magic but got: 0xc0
2022-04-20 20:17:20,216 Kamstrup skipping byte, expected kamstrup_meter request magic but got: 0x2b
2022-04-20 20:17:20,216 Kamstrup skipping byte, expected kamstrup_meter request magic but got: 0xc0
2022-04-20 20:17:20,216 Kamstrup skipping byte, expected kamstrup_meter request magic but got: 0x2c
2022-04-20 20:17:20,216 Kamstrup skipping byte, expected kamstrup_meter request magic but got: 0xc0
2022-04-20 20:17:20,216 Kamstrup skipping byte, expected kamstrup_meter request magic but got: 0x13
2022-04-20 20:17:20,217 Kamstrup skipping byte, expected kamstrup_meter request magic but got: 0xc0
2022-04-20 20:17:20,217 Kamstrup skipping byte, expected kamstrup_meter request magic but got: 0x9
2022-04-20 20:17:20,217 Kamstrup skipping byte, expected kamstrup_meter request magic but got: 0xc0
2022-04-20 20:17:20,217 Kamstrup skipping byte, expected kamstrup_meter request magic but got: 0x14
2022-04-20 20:17:20,217 Kamstrup skipping byte, expected kamstrup_meter request magic but got: 0xc0
2022-04-20 20:17:20,217 Kamstrup skipping byte, expected kamstrup_meter request magic but got: 0xa
2022-04-20 20:17:20,218 Kamstrup skipping byte, expected kamstrup_meter request magic but got: 0x0
2022-04-20 20:17:20,218 Kamstrup skipping byte, expected kamstrup_meter request magic but got: 0x9c
2022-04-20 20:17:20,218 Kamstrup skipping byte, expected kamstrup_meter request magic but got: 0x0
2022-04-20 20:17:20,218 Kamstrup skipping byte, expected kamstrup_meter request magic but got: 0x9d
2022-04-20 20:17:20,218 Kamstrup skipping byte, expected kamstrup_meter request magic but got: 0x0
2022-04-20 20:17:20,219 Kamstrup skipping byte, expected kamstrup_meter request magic but got: 0x2f
2022-04-20 20:17:20,219 Kamstrup skipping byte, expected kamstrup_meter request magic but got: 0x0
2022-04-20 20:17:20,219 Kamstrup skipping byte, expected kamstrup_meter request magic but got: 0x35
2022-04-20 20:17:20,219 Kamstrup skipping byte, expected kamstrup_meter request magic but got: 0xc0
2022-04-20 20:17:20,219 Kamstrup skipping byte, expected kamstrup_meter request magic but got: 0x12
2022-04-20 20:17:20,219 Kamstrup skipping byte, expected kamstrup_meter request magic but got: 0x0
2022-04-20 20:17:20,219 Kamstrup skipping byte, expected kamstrup_meter request magic but got: 0xa
2022-04-20 20:17:20,220 Kamstrup skipping byte, expected kamstrup_meter request magic but got: 0x13
2022-04-20 20:17:20,220 Kamstrup skipping byte, expected kamstrup_meter request magic but got: 0x3
2022-04-20 20:17:20,220 Kamstrup skipping byte, expected kamstrup_meter request magic but got: 0x13
2022-04-20 20:17:20,220 Kamstrup skipping byte, expected kamstrup_meter request magic but got: 0x1
2022-04-20 20:17:20,220 Kamstrup skipping byte, expected kamstrup_meter request magic but got: 0x13
2022-04-20 20:17:20,220 Kamstrup skipping byte, expected kamstrup_meter request magic but got: 0x2
2022-04-20 20:17:20,220 Kamstrup skipping byte, expected kamstrup_meter request magic but got: 0x1
2022-04-20 20:17:20,221 Kamstrup skipping byte, expected kamstrup_meter request magic but got: 0x0
2022-04-20 20:17:20,221 Kamstrup skipping byte, expected kamstrup_meter request magic but got: 0x0
2022-04-20 20:17:20,221 Kamstrup skipping byte, expected kamstrup_meter request magic but got: 0x7b
2022-04-20 20:17:20,221 Kamstrup skipping byte, expected kamstrup_meter request magic but got: 0x0
2022-04-20 20:17:20,221 Kamstrup skipping byte, expected kamstrup_meter request magic but got: 0x5
2022-04-20 20:17:20,222 Kamstrup skipping byte, expected kamstrup_meter request magic but got: 0x0
2022-04-20 20:17:20,222 Kamstrup skipping byte, expected kamstrup_meter request magic but got: 0x5
2022-04-20 20:17:20,222 Kamstrup skipping byte, expected kamstrup_meter request magic but got: 0x1
2022-04-20 20:17:20,222 Kamstrup skipping byte, expected kamstrup_meter request magic but got: 0x0
2022-04-20 20:17:20,222 Kamstrup skipping byte, expected kamstrup_meter request magic but got: 0x0
2022-04-20 20:17:20,222 Kamstrup skipping byte, expected kamstrup_meter request magic but got: 0x0
2022-04-20 20:17:20,222 Kamstrup skipping byte, expected kamstrup_meter request magic but got: 0x0
2022-04-20 20:17:20,223 Kamstrup skipping byte, expected kamstrup_meter request magic but got: 0x0
2022-04-20 20:17:20,223 Kamstrup skipping byte, expected kamstrup_meter request magic but got: 0xa
2022-04-20 20:17:20,223 Kamstrup skipping byte, expected kamstrup_meter request magic but got: 0x0
2022-04-20 20:17:20,223 Kamstrup skipping byte, expected kamstrup_meter request magic but got: 0xa
2022-04-20 20:17:20,223 Kamstrup skipping byte, expected kamstrup_meter request magic but got: 0x0
2022-04-20 20:17:20,223 Kamstrup skipping byte, expected kamstrup_meter request magic but got: 0x8
2022-04-20 20:17:20,223 Kamstrup skipping byte, expected kamstrup_meter request magic but got: 0x0
2022-04-20 20:17:20,224 Kamstrup skipping byte, expected kamstrup_meter request magic but got: 0x1d
2022-04-20 20:17:20,224 Kamstrup skipping byte, expected kamstrup_meter request magic but got: 0x0
2022-04-20 20:17:20,224 Kamstrup skipping byte, expected kamstrup_meter request magic but got: 0x17
2022-04-20 20:17:20,224 Kamstrup skipping byte, expected kamstrup_meter request magic but got: 0x0
2022-04-20 20:17:20,224 Kamstrup skipping byte, expected kamstrup_meter request magic but got: 0x18
2022-04-20 20:17:20,225 Kamstrup skipping byte, expected kamstrup_meter request magic but got: 0x0
2022-04-20 20:17:20,225 Kamstrup skipping byte, expected kamstrup_meter request magic but got: 0x19
2022-04-20 20:17:20,225 Kamstrup skipping byte, expected kamstrup_meter request magic but got: 0x0
2022-04-20 20:17:20,225 Kamstrup skipping byte, expected kamstrup_meter request magic but got: 0xb
2022-04-20 20:17:20,225 Kamstrup skipping byte, expected kamstrup_meter request magic but got: 0x0
2022-04-20 20:17:20,226 Kamstrup skipping byte, expected kamstrup_meter request magic but got: 0x2
2022-04-20 20:17:20,226 Kamstrup skipping byte, expected kamstrup_meter request magic but got: 0x1
2022-04-20 20:17:20,226 Kamstrup skipping byte, expected kamstrup_meter request magic but got: 0x0
2022-04-20 20:17:20,226 Kamstrup skipping byte, expected kamstrup_meter request magic but got: 0x0
2022-04-20 20:17:20,226 Kamstrup skipping byte, expected kamstrup_meter request magic but got: 0xd
2022-04-20 20:17:20,227 Kamstrup skipping byte, expected kamstrup_meter request magic but got: 0x0
2022-04-20 20:17:20,227 Kamstrup skipping byte, expected kamstrup_meter request magic but got: 0x1a
2022-04-20 20:17:20,227 Kamstrup skipping byte, expected kamstrup_meter request magic but got: 0x0
2022-04-20 20:17:20,227 Kamstrup skipping byte, expected kamstrup_meter request magic but got: 0x18
2022-04-20 20:17:20,227 Kamstrup skipping byte, expected kamstrup_meter request magic but got: 0x8
2022-04-20 20:17:20,227 Kamstrup skipping byte, expected kamstrup_meter request magic but got: 0x4
2022-04-20 20:17:20,227 Kamstrup skipping byte, expected kamstrup_meter request magic but got: 0x4
2022-04-20 20:17:20,228 Kamstrup skipping byte, expected kamstrup_meter request magic but got: 0x3
2022-04-20 20:17:20,228 Kamstrup skipping byte, expected kamstrup_meter request magic but got: 0x8
2022-04-20 20:17:20,228 Kamstrup skipping byte, expected kamstrup_meter request magic but got: 0x7
2022-04-20 20:17:20,228 Kamstrup skipping byte, expected kamstrup_meter request magic but got: 0x8
2022-04-20 20:17:20,228 Kamstrup skipping byte, expected kamstrup_meter request magic but got: 0x5
2022-04-20 20:17:20,229 Kamstrup skipping byte, expected kamstrup_meter request magic but got: 0x8
2022-04-20 20:17:20,229 Kamstrup skipping byte, expected kamstrup_meter request magic but got: 0x6
2022-04-20 20:17:20,229 Kamstrup skipping byte, expected kamstrup_meter request magic but got: 0x4
2022-04-20 20:17:20,229 Kamstrup skipping byte, expected kamstrup_meter request magic but got: 0x1
2022-04-20 20:17:20,229 Kamstrup skipping byte, expected kamstrup_meter request magic but got: 0x5
2022-04-20 20:17:20,229 Kamstrup skipping byte, expected kamstrup_meter request magic but got: 0x1
2022-04-20 20:17:20,230 Kamstrup skipping byte, expected kamstrup_meter request magic but got: 0x6
2022-04-20 20:17:20,230 Kamstrup skipping byte, expected kamstrup_meter request magic but got: 0x1
2022-04-20 20:17:20,230 Kamstrup skipping byte, expected kamstrup_meter request magic but got: 0x5
2022-04-20 20:17:20,230 Kamstrup skipping byte, expected kamstrup_meter request magic but got: 0x3
2022-04-20 20:17:20,230 Kamstrup skipping byte, expected kamstrup_meter request magic but got: 0x6
2022-04-20 20:17:20,230 Kamstrup skipping byte, expected kamstrup_meter request magic but got: 0x3
2022-04-20 20:17:20,231 Kamstrup skipping byte, expected kamstrup_meter request magic but got: 0x2
2022-04-20 20:17:20,231 Kamstrup skipping byte, expected kamstrup_meter request magic but got: 0x1
2022-04-20 20:17:20,231 Kamstrup skipping byte, expected kamstrup_meter request magic but got: 0x2
2022-04-20 20:17:20,231 Kamstrup skipping byte, expected kamstrup_meter request magic but got: 0x3
2022-04-20 20:17:20,231 Kamstrup skipping byte, expected kamstrup_meter request magic but got: 0xff
2022-04-20 20:17:20,231 Kamstrup skipping byte, expected kamstrup_meter request magic but got: 0x1
2022-04-20 20:17:20,231 Kamstrup skipping byte, expected kamstrup_meter request magic but got: 0x0
2022-04-20 20:17:20,232 Kamstrup skipping byte, expected kamstrup_meter request magic but got: 0x1
2022-04-20 20:17:20,232 Kamstrup skipping byte, expected kamstrup_meter request magic but got: 0x0
2022-04-20 20:17:20,232 Kamstrup skipping byte, expected kamstrup_meter request magic but got: 0x0
2022-04-20 20:17:20,232 Kamstrup skipping byte, expected kamstrup_meter request magic but got: 0x12
2022-04-20 20:17:20,232 Kamstrup skipping byte, expected kamstrup_meter request magic but got: 0x0
2022-04-20 20:17:20,233 Kamstrup skipping byte, expected kamstrup_meter request magic but got: 0x0
2022-04-20 20:17:20,233 Kamstrup skipping byte, expected kamstrup_meter request magic but got: 0x0
2022-04-20 20:17:20,233 Kamstrup skipping byte, expected kamstrup_meter request magic but got: 0x2b
2022-04-20 20:17:20,233 Kamstrup skipping byte, expected kamstrup_meter request magic but got: 0x0
2022-04-20 20:17:20,233 Kamstrup skipping byte, expected kamstrup_meter request magic but got: 0x9
2022-04-20 20:17:20,233 Kamstrup skipping byte, expected kamstrup_meter request magic but got: 0x8
2022-04-20 20:17:20,234 Kamstrup skipping byte, expected kamstrup_meter request magic but got: 0x3
2022-04-20 20:17:20,234 Kamstrup skipping byte, expected kamstrup_meter request magic but got: 0x4
2022-04-20 20:17:20,234 Kamstrup skipping byte, expected kamstrup_meter request magic but got: 0x3
2022-04-20 20:17:20,234 Kamstrup skipping byte, expected kamstrup_meter request magic but got: 0x3
2022-04-20 20:17:20,234 Kamstrup skipping byte, expected kamstrup_meter request magic but got: 0x3
2022-04-20 20:17:20,234 Kamstrup skipping byte, expected kamstrup_meter request magic but got: 0x2
2022-04-20 20:17:20,235 Kamstrup skipping byte, expected kamstrup_meter request magic but got: 0x3
2022-04-20 20:17:20,235 Kamstrup skipping byte, expected kamstrup_meter request magic but got: 0x1
2022-04-20 20:17:20,235 Kamstrup skipping byte, expected kamstrup_meter request magic but got: 0x0
2022-04-20 20:17:20,235 Kamstrup skipping byte, expected kamstrup_meter request magic but got: 0x33
2022-04-20 20:17:20,235 Kamstrup skipping byte, expected kamstrup_meter request magic but got: 0x0
2022-04-20 20:17:20,236 Kamstrup skipping byte, expected kamstrup_meter request magic but got: 0x26
2022-04-20 20:17:20,236 Kamstrup skipping byte, expected kamstrup_meter request magic but got: 0x0
2022-04-20 20:17:20,236 Kamstrup skipping byte, expected kamstrup_meter request magic but got: 0x24
2022-04-20 20:17:20,236 Kamstrup skipping byte, expected kamstrup_meter request magic but got: 0x0
2022-04-20 20:17:20,236 Kamstrup skipping byte, expected kamstrup_meter request magic but got: 0x1d
2022-04-20 20:17:20,236 Kamstrup skipping byte, expected kamstrup_meter request magic but got: 0x0
2022-04-20 20:17:20,237 Kamstrup skipping byte, expected kamstrup_meter request magic but got: 0x20
2022-04-20 20:17:20,237 Kamstrup skipping byte, expected kamstrup_meter request magic but got: 0xb3
2022-04-20 20:17:20,237 Kamstrup skipping byte, expected kamstrup_meter request magic but got: 0xf9
2022-04-20 20:17:20,237 Kamstrup skipping byte, expected kamstrup_meter request magic but got: 0x15
2022-04-20 20:17:20,237 Kamstrup skipping byte, expected kamstrup_meter request magic but got: 0xd4
2022-04-20 20:17:20,237 Kamstrup skipping byte, expected kamstrup_meter request magic but got: 0xea
2022-04-20 20:17:20,238 Kamstrup skipping byte, expected kamstrup_meter request magic but got: 0x39
2022-04-20 20:17:20,238 Kamstrup skipping byte, expected kamstrup_meter request magic but got: 0x88
2022-04-20 20:17:20,238 Kamstrup skipping byte, expected kamstrup_meter request magic but got: 0xea
2022-04-20 20:17:20,238 Kamstrup skipping byte, expected kamstrup_meter request magic but got: 0xae
2022-04-20 20:17:20,238 Kamstrup skipping byte, expected kamstrup_meter request magic but got: 0x46
2022-04-20 20:17:20,238 Kamstrup skipping byte, expected kamstrup_meter request magic but got: 0x81
2022-04-20 20:17:20,239 Kamstrup skipping byte, expected kamstrup_meter request magic but got: 0xe0
2022-04-20 20:17:20,239 Kamstrup skipping byte, expected kamstrup_meter request magic but got: 0x9f
2022-04-20 20:17:20,239 Kamstrup skipping byte, expected kamstrup_meter request magic but got: 0x4d
2022-04-20 20:17:20,239 Kamstrup skipping byte, expected kamstrup_meter request magic but got: 0x1c
2022-04-20 20:17:20,239 Kamstrup skipping byte, expected kamstrup_meter request magic but got: 0x83
2022-04-20 20:17:20,239 Kamstrup skipping byte, expected kamstrup_meter request magic but got: 0xc8
2022-04-20 20:17:20,240 Kamstrup skipping byte, expected kamstrup_meter request magic but got: 0x1b
2022-04-20 20:17:20,240 Kamstrup skipping byte, expected kamstrup_meter request magic but got: 0x16
2022-04-20 20:17:20,240 Kamstrup skipping byte, expected kamstrup_meter request magic but got: 0x9f
2022-04-20 20:17:20,240 Kamstrup skipping byte, expected kamstrup_meter request magic but got: 0x3
2022-04-20 20:17:20,240 Kamstrup skipping byte, expected kamstrup_meter request magic but got: 0xa1
2022-04-20 20:17:20,240 Kamstrup skipping byte, expected kamstrup_meter request magic but got: 0xca
2022-04-20 20:17:20,241 Kamstrup skipping byte, expected kamstrup_meter request magic but got: 0x7b
2022-04-20 20:17:20,241 Kamstrup skipping byte, expected kamstrup_meter request magic but got: 0x81
2022-04-20 20:17:20,241 Kamstrup skipping byte, expected kamstrup_meter request magic but got: 0x41
2022-04-20 20:17:20,241 Kamstrup skipping byte, expected kamstrup_meter request magic but got: 0xf9
2022-04-20 20:17:20,241 Kamstrup skipping byte, expected kamstrup_meter request magic but got: 0xcf
2022-04-20 20:17:20,241 Kamstrup skipping byte, expected kamstrup_meter request magic but got: 0x1a
2022-04-20 20:17:20,242 Kamstrup skipping byte, expected kamstrup_meter request magic but got: 0xb6
2022-04-20 20:17:20,242 Kamstrup skipping byte, expected kamstrup_meter request magic but got: 0x9e
2022-04-20 20:17:20,242 Kamstrup skipping byte, expected kamstrup_meter request magic but got: 0xc
2022-04-20 20:17:20,243 New Kamstrup connection from 162.142.125.10:53920. (62a9a867-216f-4598-ac43-9e2ada16a5da)
2022-04-20 20:17:20,244 Kamstrup skipping byte, expected kamstrup_meter request magic but got: 0x47
2022-04-20 20:17:20,244 Kamstrup skipping byte, expected kamstrup_meter request magic but got: 0x45
2022-04-20 20:17:20,244 Kamstrup skipping byte, expected kamstrup_meter request magic but got: 0x54
2022-04-20 20:17:20,244 Kamstrup skipping byte, expected kamstrup_meter request magic but got: 0x20
2022-04-20 20:17:20,245 Kamstrup skipping byte, expected kamstrup_meter request magic but got: 0x2f
2022-04-20 20:17:20,245 Kamstrup skipping byte, expected kamstrup_meter request magic but got: 0x20
2022-04-20 20:17:20,245 Kamstrup skipping byte, expected kamstrup_meter request magic but got: 0x48
2022-04-20 20:17:20,245 Kamstrup skipping byte, expected kamstrup_meter request magic but got: 0x54
2022-04-20 20:17:20,245 Kamstrup skipping byte, expected kamstrup_meter request magic but got: 0x54
2022-04-20 20:17:20,245 Kamstrup skipping byte, expected kamstrup_meter request magic but got: 0x50
2022-04-20 20:17:20,246 Kamstrup skipping byte, expected kamstrup_meter request magic but got: 0x2f
2022-04-20 20:17:20,246 Kamstrup skipping byte, expected kamstrup_meter request magic but got: 0x31
2022-04-20 20:17:20,246 Kamstrup skipping byte, expected kamstrup_meter request magic but got: 0x2e
2022-04-20 20:17:20,246 Kamstrup skipping byte, expected kamstrup_meter request magic but got: 0x31
2022-04-20 20:17:20,246 Kamstrup skipping byte, expected kamstrup_meter request magic but got: 0xd
2022-04-20 20:17:20,247 Kamstrup skipping byte, expected kamstrup_meter request magic but got: 0xa
2022-04-20 20:17:20,247 Kamstrup skipping byte, expected kamstrup_meter request magic but got: 0x48
2022-04-20 20:17:20,247 Kamstrup skipping byte, expected kamstrup_meter request magic but got: 0x6f
2022-04-20 20:17:20,247 Kamstrup skipping byte, expected kamstrup_meter request magic but got: 0x73
2022-04-20 20:17:20,247 Kamstrup skipping byte, expected kamstrup_meter request magic but got: 0x74
2022-04-20 20:17:20,247 Kamstrup skipping byte, expected kamstrup_meter request magic but got: 0x3a
2022-04-20 20:17:20,248 Kamstrup skipping byte, expected kamstrup_meter request magic but got: 0x20
2022-04-20 20:17:20,248 Kamstrup skipping byte, expected kamstrup_meter request magic but got: 0x33
2022-04-20 20:17:20,248 Kamstrup skipping byte, expected kamstrup_meter request magic but got: 0x34
2022-04-20 20:17:20,248 Kamstrup skipping byte, expected kamstrup_meter request magic but got: 0x2e
2022-04-20 20:17:20,248 Kamstrup skipping byte, expected kamstrup_meter request magic but got: 0x31
2022-04-20 20:17:20,248 Kamstrup skipping byte, expected kamstrup_meter request magic but got: 0x32
2022-04-20 20:17:20,249 Kamstrup skipping byte, expected kamstrup_meter request magic but got: 0x31
2022-04-20 20:17:20,249 Kamstrup skipping byte, expected kamstrup_meter request magic but got: 0x2e
2022-04-20 20:17:20,249 Kamstrup skipping byte, expected kamstrup_meter request magic but got: 0x31
2022-04-20 20:17:20,249 Kamstrup skipping byte, expected kamstrup_meter request magic but got: 0x38
2022-04-20 20:17:20,249 Kamstrup skipping byte, expected kamstrup_meter request magic but got: 0x30
2022-04-20 20:17:20,250 Kamstrup skipping byte, expected kamstrup_meter request magic but got: 0x2e
2022-04-20 20:17:20,250 Kamstrup skipping byte, expected kamstrup_meter request magic but got: 0x38
2022-04-20 20:17:20,250 Kamstrup skipping byte, expected kamstrup_meter request magic but got: 0x35
2022-04-20 20:17:20,250 Kamstrup skipping byte, expected kamstrup_meter request magic but got: 0x3a
2022-04-20 20:17:20,250 Kamstrup skipping byte, expected kamstrup_meter request magic but got: 0x31
2022-04-20 20:17:20,251 Kamstrup skipping byte, expected kamstrup_meter request magic but got: 0x30
2022-04-20 20:17:20,251 Kamstrup skipping byte, expected kamstrup_meter request magic but got: 0x32
2022-04-20 20:17:20,251 Kamstrup skipping byte, expected kamstrup_meter request magic but got: 0x35
2022-04-20 20:17:20,251 Kamstrup skipping byte, expected kamstrup_meter request magic but got: 0xd
2022-04-20 20:17:20,251 Kamstrup skipping byte, expected kamstrup_meter request magic but got: 0xa
2022-04-20 20:17:20,251 Kamstrup skipping byte, expected kamstrup_meter request magic but got: 0xd
2022-04-20 20:17:20,252 Kamstrup skipping byte, expected kamstrup_meter request magic but got: 0xa
2022-04-20 20:17:20,253 New Kamstrup connection from 162.142.125.10:37854. (62a9a867-216f-4598-ac43-9e2ada16a5da)
2022-04-20 20:17:20,254 New kamstrup_protocol session from 183.136.225.42 (46277283-f7b4-470f-85ea-7776f8a6616a)
2022-04-20 20:17:20,254 New Kamstrup connection from 183.136.225.42:32682. (46277283-f7b4-470f-85ea-7776f8a6616a)
2022-04-20 20:17:20,255 Kamstrup skipping byte, expected kamstrup_meter request magic but got: 0x4f
2022-04-20 20:17:20,255 Kamstrup skipping byte, expected kamstrup_meter request magic but got: 0x50
2022-04-20 20:17:20,255 Kamstrup skipping byte, expected kamstrup_meter request magic but got: 0x54
2022-04-20 20:17:20,255 Kamstrup skipping byte, expected kamstrup_meter request magic but got: 0x49
2022-04-20 20:17:20,255 Kamstrup skipping byte, expected kamstrup_meter request magic but got: 0x4f
2022-04-20 20:17:20,255 Kamstrup skipping byte, expected kamstrup_meter request magic but got: 0x4e
2022-04-20 20:17:20,255 Kamstrup skipping byte, expected kamstrup_meter request magic but got: 0x53
2022-04-20 20:17:20,255 Kamstrup skipping byte, expected kamstrup_meter request magic but got: 0x20
2022-04-20 20:17:20,255 Kamstrup skipping byte, expected kamstrup_meter request magic but got: 0x52
2022-04-20 20:17:20,256 Kamstrup skipping byte, expected kamstrup_meter request magic but got: 0x54
2022-04-20 20:17:20,256 Kamstrup skipping byte, expected kamstrup_meter request magic but got: 0x53
2022-04-20 20:17:20,256 Kamstrup skipping byte, expected kamstrup_meter request magic but got: 0x50
2022-04-20 20:17:20,256 Kamstrup skipping byte, expected kamstrup_meter request magic but got: 0x3a
2022-04-20 20:17:20,256 Kamstrup skipping byte, expected kamstrup_meter request magic but got: 0x2f
2022-04-20 20:17:20,256 Kamstrup skipping byte, expected kamstrup_meter request magic but got: 0x2f
2022-04-20 20:17:20,256 Kamstrup skipping byte, expected kamstrup_meter request magic but got: 0x33
2022-04-20 20:17:20,257 Kamstrup skipping byte, expected kamstrup_meter request magic but got: 0x34
2022-04-20 20:17:20,257 Kamstrup skipping byte, expected kamstrup_meter request magic but got: 0x2e
2022-04-20 20:17:20,257 Kamstrup skipping byte, expected kamstrup_meter request magic but got: 0x31
2022-04-20 20:17:20,257 Kamstrup skipping byte, expected kamstrup_meter request magic but got: 0x32
2022-04-20 20:17:20,257 Kamstrup skipping byte, expected kamstrup_meter request magic but got: 0x31
2022-04-20 20:17:20,257 Kamstrup skipping byte, expected kamstrup_meter request magic but got: 0x2e
2022-04-20 20:17:20,258 Kamstrup skipping byte, expected kamstrup_meter request magic but got: 0x31
2022-04-20 20:17:20,258 Kamstrup skipping byte, expected kamstrup_meter request magic but got: 0x38
2022-04-20 20:17:20,258 Kamstrup skipping byte, expected kamstrup_meter request magic but got: 0x30
2022-04-20 20:17:20,258 Kamstrup skipping byte, expected kamstrup_meter request magic but got: 0x2e
2022-04-20 20:17:20,258 Kamstrup skipping byte, expected kamstrup_meter request magic but got: 0x38
2022-04-20 20:17:20,258 Kamstrup skipping byte, expected kamstrup_meter request magic but got: 0x35
2022-04-20 20:17:20,258 Kamstrup skipping byte, expected kamstrup_meter request magic but got: 0x3a
2022-04-20 20:17:20,258 Kamstrup skipping byte, expected kamstrup_meter request magic but got: 0x31
2022-04-20 20:17:20,259 Kamstrup skipping byte, expected kamstrup_meter request magic but got: 0x30
2022-04-20 20:17:20,259 Kamstrup skipping byte, expected kamstrup_meter request magic but got: 0x32
2022-04-20 20:17:20,259 Kamstrup skipping byte, expected kamstrup_meter request magic but got: 0x35
2022-04-20 20:17:20,259 Kamstrup skipping byte, expected kamstrup_meter request magic but got: 0x2f
2022-04-20 20:17:20,259 Kamstrup skipping byte, expected kamstrup_meter request magic but got: 0x20
2022-04-20 20:17:20,259 Kamstrup skipping byte, expected kamstrup_meter request magic but got: 0x52
2022-04-20 20:17:20,260 Kamstrup skipping byte, expected kamstrup_meter request magic but got: 0x54
2022-04-20 20:17:20,260 Kamstrup skipping byte, expected kamstrup_meter request magic but got: 0x53
2022-04-20 20:17:20,260 Kamstrup skipping byte, expected kamstrup_meter request magic but got: 0x50
2022-04-20 20:17:20,260 Kamstrup skipping byte, expected kamstrup_meter request magic but got: 0x2f
2022-04-20 20:17:20,260 Kamstrup skipping byte, expected kamstrup_meter request magic but got: 0x31
2022-04-20 20:17:20,260 Kamstrup skipping byte, expected kamstrup_meter request magic but got: 0x2e
2022-04-20 20:17:20,261 Kamstrup skipping byte, expected kamstrup_meter request magic but got: 0x30
2022-04-20 20:17:20,261 Kamstrup skipping byte, expected kamstrup_meter request magic but got: 0xd
2022-04-20 20:17:20,261 Kamstrup skipping byte, expected kamstrup_meter request magic but got: 0xa
2022-04-20 20:17:20,261 Kamstrup skipping byte, expected kamstrup_meter request magic but got: 0x43
2022-04-20 20:17:20,261 Kamstrup skipping byte, expected kamstrup_meter request magic but got: 0x53
2022-04-20 20:17:20,261 Kamstrup skipping byte, expected kamstrup_meter request magic but got: 0x65
2022-04-20 20:17:20,262 Kamstrup skipping byte, expected kamstrup_meter request magic but got: 0x71
2022-04-20 20:17:20,262 Kamstrup skipping byte, expected kamstrup_meter request magic but got: 0x3a
2022-04-20 20:17:20,262 Kamstrup skipping byte, expected kamstrup_meter request magic but got: 0x20
2022-04-20 20:17:20,262 Kamstrup skipping byte, expected kamstrup_meter request magic but got: 0x31
2022-04-20 20:17:20,262 Kamstrup skipping byte, expected kamstrup_meter request magic but got: 0xd
2022-04-20 20:17:20,262 Kamstrup skipping byte, expected kamstrup_meter request magic but got: 0xa
2022-04-20 20:17:20,262 Kamstrup skipping byte, expected kamstrup_meter request magic but got: 0xd
2022-04-20 20:17:20,262 Kamstrup skipping byte, expected kamstrup_meter request magic but got: 0xa
2022-04-20 20:17:20,263 Kamstrup client disconnected. (46277283-f7b4-470f-85ea-7776f8a6616a)
2022-04-20 20:17:20,263 New Kamstrup connection from 183.136.225.42:42371. (46277283-f7b4-470f-85ea-7776f8a6616a)
2022-04-20 20:17:20,264 Kamstrup skipping byte, expected kamstrup_meter request magic but got: 0x16
2022-04-20 20:17:20,264 Kamstrup skipping byte, expected kamstrup_meter request magic but got: 0x3
2022-04-20 20:17:20,265 Kamstrup skipping byte, expected kamstrup_meter request magic but got: 0x1
2022-04-20 20:17:20,265 Kamstrup skipping byte, expected kamstrup_meter request magic but got: 0x2
2022-04-20 20:17:20,265 Kamstrup skipping byte, expected kamstrup_meter request magic but got: 0x0
2022-04-20 20:17:20,265 Kamstrup skipping byte, expected kamstrup_meter request magic but got: 0x1
2022-04-20 20:17:20,265 Kamstrup skipping byte, expected kamstrup_meter request magic but got: 0x0
2022-04-20 20:17:20,266 Kamstrup skipping byte, expected kamstrup_meter request magic but got: 0x1
2022-04-20 20:17:20,266 Kamstrup skipping byte, expected kamstrup_meter request magic but got: 0xfc
2022-04-20 20:17:20,266 Kamstrup skipping byte, expected kamstrup_meter request magic but got: 0x3
2022-04-20 20:17:20,266 Kamstrup skipping byte, expected kamstrup_meter request magic but got: 0x3
2022-04-20 20:17:20,266 Kamstrup skipping byte, expected kamstrup_meter request magic but got: 0x98
2022-04-20 20:17:20,266 Kamstrup skipping byte, expected kamstrup_meter request magic but got: 0xf2
2022-04-20 20:17:20,266 Kamstrup skipping byte, expected kamstrup_meter request magic but got: 0xde
2022-04-20 20:17:20,267 Kamstrup skipping byte, expected kamstrup_meter request magic but got: 0x5
2022-04-20 20:17:20,267 Kamstrup skipping byte, expected kamstrup_meter request magic but got: 0x5f
2022-04-20 20:17:20,267 Kamstrup skipping byte, expected kamstrup_meter request magic but got: 0xa5
2022-04-20 20:17:20,267 Kamstrup skipping byte, expected kamstrup_meter request magic but got: 0x8f
2022-04-20 20:17:20,267 Kamstrup skipping byte, expected kamstrup_meter request magic but got: 0x12
2022-04-20 20:17:20,267 Kamstrup skipping byte, expected kamstrup_meter request magic but got: 0x4a
2022-04-20 20:17:20,268 Kamstrup skipping byte, expected kamstrup_meter request magic but got: 0xe5
2022-04-20 20:17:20,268 Kamstrup skipping byte, expected kamstrup_meter request magic but got: 0xba
2022-04-20 20:17:20,268 Kamstrup skipping byte, expected kamstrup_meter request magic but got: 0xae
2022-04-20 20:17:20,268 Kamstrup skipping byte, expected kamstrup_meter request magic but got: 0xdd
2022-04-20 20:17:20,268 Kamstrup skipping byte, expected kamstrup_meter request magic but got: 0x38
2022-04-20 20:17:20,268 Kamstrup skipping byte, expected kamstrup_meter request magic but got: 0xc8
2022-04-20 20:17:20,269 Kamstrup skipping byte, expected kamstrup_meter request magic but got: 0x6e
2022-04-20 20:17:20,269 Kamstrup skipping byte, expected kamstrup_meter request magic but got: 0x3e
2022-04-20 20:17:20,269 Kamstrup skipping byte, expected kamstrup_meter request magic but got: 0xb2
2022-04-20 20:17:20,269 Kamstrup skipping byte, expected kamstrup_meter request magic but got: 0x23
2022-04-20 20:17:20,269 Kamstrup skipping byte, expected kamstrup_meter request magic but got: 0x3e
2022-04-20 20:17:20,269 Kamstrup skipping byte, expected kamstrup_meter request magic but got: 0x40
2022-04-20 20:17:20,269 Kamstrup skipping byte, expected kamstrup_meter request magic but got: 0x39
2022-04-20 20:17:20,270 Kamstrup skipping byte, expected kamstrup_meter request magic but got: 0x19
2022-04-20 20:17:20,270 Kamstrup skipping byte, expected kamstrup_meter request magic but got: 0xae
2022-04-20 20:17:20,270 Kamstrup skipping byte, expected kamstrup_meter request magic but got: 0x5f
2022-04-20 20:17:20,270 Kamstrup skipping byte, expected kamstrup_meter request magic but got: 0xc3
2022-04-20 20:17:20,270 Kamstrup skipping byte, expected kamstrup_meter request magic but got: 0x7a
2022-04-20 20:17:20,270 Kamstrup skipping byte, expected kamstrup_meter request magic but got: 0xe1
2022-04-20 20:17:20,271 Kamstrup skipping byte, expected kamstrup_meter request magic but got: 0x7c
2022-04-20 20:17:20,271 Kamstrup skipping byte, expected kamstrup_meter request magic but got: 0x5a
2022-04-20 20:17:20,271 Kamstrup skipping byte, expected kamstrup_meter request magic but got: 0x32
2022-04-20 20:17:20,271 Kamstrup skipping byte, expected kamstrup_meter request magic but got: 0x14
2022-04-20 20:17:20,271 Kamstrup skipping byte, expected kamstrup_meter request magic but got: 0x0
2022-04-20 20:17:20,272 Kamstrup skipping byte, expected kamstrup_meter request magic but got: 0x0
2022-04-20 20:17:20,272 Kamstrup skipping byte, expected kamstrup_meter request magic but got: 0xda
2022-04-20 20:17:20,272 Kamstrup skipping byte, expected kamstrup_meter request magic but got: 0x0
2022-04-20 20:17:20,272 Kamstrup skipping byte, expected kamstrup_meter request magic but got: 0x5
2022-04-20 20:17:20,272 Kamstrup skipping byte, expected kamstrup_meter request magic but got: 0x0
2022-04-20 20:17:20,272 Kamstrup skipping byte, expected kamstrup_meter request magic but got: 0x4
2022-04-20 20:17:20,273 Kamstrup skipping byte, expected kamstrup_meter request magic but got: 0x0
2022-04-20 20:17:20,273 Kamstrup skipping byte, expected kamstrup_meter request magic but got: 0x2
2022-04-20 20:17:20,273 Kamstrup skipping byte, expected kamstrup_meter request magic but got: 0x0
2022-04-20 20:17:20,273 Kamstrup skipping byte, expected kamstrup_meter request magic but got: 0x1
2022-04-20 20:17:20,273 Kamstrup skipping byte, expected kamstrup_meter request magic but got: 0x0
2022-04-20 20:17:20,273 Kamstrup skipping byte, expected kamstrup_meter request magic but got: 0x16
2022-04-20 20:17:20,273 Kamstrup skipping byte, expected kamstrup_meter request magic but got: 0x0
2022-04-20 20:17:20,274 Kamstrup skipping byte, expected kamstrup_meter request magic but got: 0x33
2022-04-20 20:17:20,274 Kamstrup skipping byte, expected kamstrup_meter request magic but got: 0x0
2022-04-20 20:17:20,274 Kamstrup skipping byte, expected kamstrup_meter request magic but got: 0x39
2022-04-20 20:17:20,274 Kamstrup skipping byte, expected kamstrup_meter request magic but got: 0x0
2022-04-20 20:17:20,274 Kamstrup skipping byte, expected kamstrup_meter request magic but got: 0x3a
2022-04-20 20:17:20,275 Kamstrup skipping byte, expected kamstrup_meter request magic but got: 0x0
2022-04-20 20:17:20,275 Kamstrup skipping byte, expected kamstrup_meter request magic but got: 0x18
2022-04-20 20:17:20,275 Kamstrup skipping byte, expected kamstrup_meter request magic but got: 0x0
2022-04-20 20:17:20,275 Kamstrup skipping byte, expected kamstrup_meter request magic but got: 0x35
2022-04-20 20:17:20,275 Kamstrup skipping byte, expected kamstrup_meter request magic but got: 0x0
2022-04-20 20:17:20,276 Kamstrup skipping byte, expected kamstrup_meter request magic but got: 0xa
2022-04-20 20:17:20,276 Kamstrup skipping byte, expected kamstrup_meter request magic but got: 0x0
2022-04-20 20:17:20,276 Kamstrup skipping byte, expected kamstrup_meter request magic but got: 0x1b
2022-04-20 20:17:20,276 Kamstrup skipping byte, expected kamstrup_meter request magic but got: 0x0
2022-04-20 20:17:20,276 Kamstrup skipping byte, expected kamstrup_meter request magic but got: 0x2f
2022-04-20 20:17:20,276 Kamstrup skipping byte, expected kamstrup_meter request magic but got: 0x0
2022-04-20 20:17:20,277 Kamstrup skipping byte, expected kamstrup_meter request magic but got: 0x34
2022-04-20 20:17:20,277 Kamstrup skipping byte, expected kamstrup_meter request magic but got: 0xc0
2022-04-20 20:17:20,277 Kamstrup skipping byte, expected kamstrup_meter request magic but got: 0x10
2022-04-20 20:17:20,277 Kamstrup skipping byte, expected kamstrup_meter request magic but got: 0xc0
2022-04-20 20:17:20,277 Kamstrup skipping byte, expected kamstrup_meter request magic but got: 0x6
2022-04-20 20:17:20,277 Kamstrup skipping byte, expected kamstrup_meter request magic but got: 0xc0
2022-04-20 20:17:20,277 Kamstrup skipping byte, expected kamstrup_meter request magic but got: 0x15
2022-04-20 20:17:20,278 Kamstrup skipping byte, expected kamstrup_meter request magic but got: 0xc0
2022-04-20 20:17:20,278 Kamstrup skipping byte, expected kamstrup_meter request magic but got: 0xb
2022-04-20 20:17:20,278 Kamstrup skipping byte, expected kamstrup_meter request magic but got: 0xc0
2022-04-20 20:17:20,278 Kamstrup skipping byte, expected kamstrup_meter request magic but got: 0x1
2022-04-20 20:17:20,278 Kamstrup skipping byte, expected kamstrup_meter request magic but got: 0x0
2022-04-20 20:17:20,279 Kamstrup skipping byte, expected kamstrup_meter request magic but got: 0x3b
2022-04-20 20:17:20,279 Kamstrup skipping byte, expected kamstrup_meter request magic but got: 0xc0
2022-04-20 20:17:20,279 Kamstrup skipping byte, expected kamstrup_meter request magic but got: 0x30
2022-04-20 20:17:20,279 Kamstrup skipping byte, expected kamstrup_meter request magic but got: 0xc0
2022-04-20 20:17:20,279 Kamstrup skipping byte, expected kamstrup_meter request magic but got: 0x2c
2022-04-20 20:17:20,280 Kamstrup skipping byte, expected kamstrup_meter request magic but got: 0xc0
2022-04-20 20:17:20,280 Kamstrup skipping byte, expected kamstrup_meter request magic but got: 0x28
2022-04-20 20:17:20,280 Kamstrup skipping byte, expected kamstrup_meter request magic but got: 0xc0
2022-04-20 20:17:20,280 Kamstrup skipping byte, expected kamstrup_meter request magic but got: 0x24
2022-04-20 20:17:20,280 Kamstrup skipping byte, expected kamstrup_meter request magic but got: 0xc0
2022-04-20 20:17:20,280 Kamstrup skipping byte, expected kamstrup_meter request magic but got: 0x14
2022-04-20 20:17:20,280 Kamstrup skipping byte, expected kamstrup_meter request magic but got: 0xc0
2022-04-20 20:17:20,281 Kamstrup skipping byte, expected kamstrup_meter request magic but got: 0xa
2022-04-20 20:17:20,281 Kamstrup skipping byte, expected kamstrup_meter request magic but got: 0x0
2022-04-20 20:17:20,281 Kamstrup skipping byte, expected kamstrup_meter request magic but got: 0xa5
2022-04-20 20:17:20,281 Kamstrup skipping byte, expected kamstrup_meter request magic but got: 0x0
2022-04-20 20:17:20,281 Kamstrup skipping byte, expected kamstrup_meter request magic but got: 0xa3
2022-04-20 20:17:20,282 Kamstrup skipping byte, expected kamstrup_meter request magic but got: 0x0
2022-04-20 20:17:20,282 Kamstrup skipping byte, expected kamstrup_meter request magic but got: 0xa1
2022-04-20 20:17:20,282 Kamstrup skipping byte, expected kamstrup_meter request magic but got: 0x0
2022-04-20 20:17:20,282 Kamstrup skipping byte, expected kamstrup_meter request magic but got: 0x9f
2022-04-20 20:17:20,282 Kamstrup skipping byte, expected kamstrup_meter request magic but got: 0x0
2022-04-20 20:17:20,282 Kamstrup skipping byte, expected kamstrup_meter request magic but got: 0x6b
2022-04-20 20:17:20,283 Kamstrup skipping byte, expected kamstrup_meter request magic but got: 0x0
2022-04-20 20:17:20,283 Kamstrup skipping byte, expected kamstrup_meter request magic but got: 0x6a
2022-04-20 20:17:20,283 Kamstrup skipping byte, expected kamstrup_meter request magic but got: 0x0
2022-04-20 20:17:20,283 Kamstrup skipping byte, expected kamstrup_meter request magic but got: 0x69
2022-04-20 20:17:20,283 Kamstrup skipping byte, expected kamstrup_meter request magic but got: 0x0
2022-04-20 20:17:20,283 Kamstrup skipping byte, expected kamstrup_meter request magic but got: 0x68
2022-04-20 20:17:20,284 Kamstrup skipping byte, expected kamstrup_meter request magic but got: 0x0
2022-04-20 20:17:20,284 Kamstrup skipping byte, expected kamstrup_meter request magic but got: 0x38
2022-04-20 20:17:20,284 Kamstrup skipping byte, expected kamstrup_meter request magic but got: 0x0
2022-04-20 20:17:20,284 Kamstrup skipping byte, expected kamstrup_meter request magic but got: 0x37
2022-04-20 20:17:20,284 Kamstrup skipping byte, expected kamstrup_meter request magic but got: 0x0
2022-04-20 20:17:20,284 Kamstrup skipping byte, expected kamstrup_meter request magic but got: 0x36
2022-04-20 20:17:20,284 Kamstrup skipping byte, expected kamstrup_meter request magic but got: 0x0
2022-04-20 20:17:20,285 Kamstrup skipping byte, expected kamstrup_meter request magic but got: 0x88
2022-04-20 20:17:20,285 Kamstrup skipping byte, expected kamstrup_meter request magic but got: 0x0
2022-04-20 20:17:20,285 Kamstrup skipping byte, expected kamstrup_meter request magic but got: 0x87
2022-04-20 20:17:20,285 Kamstrup skipping byte, expected kamstrup_meter request magic but got: 0x0
2022-04-20 20:17:20,285 Kamstrup skipping byte, expected kamstrup_meter request magic but got: 0x86
2022-04-20 20:17:20,285 Kamstrup skipping byte, expected kamstrup_meter request magic but got: 0x0
2022-04-20 20:17:20,286 Kamstrup skipping byte, expected kamstrup_meter request magic but got: 0x85
2022-04-20 20:17:20,286 Kamstrup skipping byte, expected kamstrup_meter request magic but got: 0xc0
2022-04-20 20:17:20,286 Kamstrup skipping byte, expected kamstrup_meter request magic but got: 0x19
2022-04-20 20:17:20,286 Kamstrup skipping byte, expected kamstrup_meter request magic but got: 0x0
2022-04-20 20:17:20,286 Kamstrup skipping byte, expected kamstrup_meter request magic but got: 0xa7
2022-04-20 20:17:20,286 Kamstrup skipping byte, expected kamstrup_meter request magic but got: 0x0
2022-04-20 20:17:20,287 Kamstrup skipping byte, expected kamstrup_meter request magic but got: 0x6d
2022-04-20 20:17:20,287 Kamstrup skipping byte, expected kamstrup_meter request magic but got: 0x0
2022-04-20 20:17:20,287 Kamstrup skipping byte, expected kamstrup_meter request magic but got: 0x89
2022-04-20 20:17:20,287 Kamstrup skipping byte, expected kamstrup_meter request magic but got: 0xc0
2022-04-20 20:17:20,287 Kamstrup skipping byte, expected kamstrup_meter request magic but got: 0x32
2022-04-20 20:17:20,287 Kamstrup skipping byte, expected kamstrup_meter request magic but got: 0xc0
2022-04-20 20:17:20,287 Kamstrup skipping byte, expected kamstrup_meter request magic but got: 0x2e
2022-04-20 20:17:20,288 Kamstrup skipping byte, expected kamstrup_meter request magic but got: 0xc0
2022-04-20 20:17:20,288 Kamstrup skipping byte, expected kamstrup_meter request magic but got: 0x2a
2022-04-20 20:17:20,288 Kamstrup skipping byte, expected kamstrup_meter request magic but got: 0xc0
2022-04-20 20:17:20,288 Kamstrup skipping byte, expected kamstrup_meter request magic but got: 0x26
2022-04-20 20:17:20,288 Kamstrup skipping byte, expected kamstrup_meter request magic but got: 0xc0
2022-04-20 20:17:20,288 Kamstrup skipping byte, expected kamstrup_meter request magic but got: 0xf
2022-04-20 20:17:20,289 Kamstrup skipping byte, expected kamstrup_meter request magic but got: 0xc0
2022-04-20 20:17:20,289 Kamstrup skipping byte, expected kamstrup_meter request magic but got: 0x5
2022-04-20 20:17:20,289 Kamstrup skipping byte, expected kamstrup_meter request magic but got: 0x0
2022-04-20 20:17:20,289 Kamstrup skipping byte, expected kamstrup_meter request magic but got: 0x9d
2022-04-20 20:17:20,289 Kamstrup skipping byte, expected kamstrup_meter request magic but got: 0x0
2022-04-20 20:17:20,289 Kamstrup skipping byte, expected kamstrup_meter request magic but got: 0x3d
2022-04-20 20:17:20,290 Kamstrup skipping byte, expected kamstrup_meter request magic but got: 0x0
2022-04-20 20:17:20,290 Kamstrup skipping byte, expected kamstrup_meter request magic but got: 0x84
2022-04-20 20:17:20,290 Kamstrup skipping byte, expected kamstrup_meter request magic but got: 0xc0
2022-04-20 20:17:20,290 Kamstrup skipping byte, expected kamstrup_meter request magic but got: 0x2f
2022-04-20 20:17:20,290 Kamstrup skipping byte, expected kamstrup_meter request magic but got: 0xc0
2022-04-20 20:17:20,290 Kamstrup skipping byte, expected kamstrup_meter request magic but got: 0x2b
2022-04-20 20:17:20,290 Kamstrup skipping byte, expected kamstrup_meter request magic but got: 0xc0
2022-04-20 20:17:20,291 Kamstrup skipping byte, expected kamstrup_meter request magic but got: 0x27
2022-04-20 20:17:20,291 Kamstrup skipping byte, expected kamstrup_meter request magic but got: 0xc0
2022-04-20 20:17:20,291 Kamstrup skipping byte, expected kamstrup_meter request magic but got: 0x23
2022-04-20 20:17:20,291 Kamstrup skipping byte, expected kamstrup_meter request magic but got: 0xc0
2022-04-20 20:17:20,291 Kamstrup skipping byte, expected kamstrup_meter request magic but got: 0x13
2022-04-20 20:17:20,291 Kamstrup skipping byte, expected kamstrup_meter request magic but got: 0xc0
2022-04-20 20:17:20,292 Kamstrup skipping byte, expected kamstrup_meter request magic but got: 0x9
2022-04-20 20:17:20,292 Kamstrup skipping byte, expected kamstrup_meter request magic but got: 0x0
2022-04-20 20:17:20,292 Kamstrup skipping byte, expected kamstrup_meter request magic but got: 0xa4
2022-04-20 20:17:20,292 Kamstrup skipping byte, expected kamstrup_meter request magic but got: 0x0
2022-04-20 20:17:20,292 Kamstrup skipping byte, expected kamstrup_meter request magic but got: 0xa2
2022-04-20 20:17:20,292 Kamstrup skipping byte, expected kamstrup_meter request magic but got: 0x0
2022-04-20 20:17:20,292 Kamstrup skipping byte, expected kamstrup_meter request magic but got: 0xa0
2022-04-20 20:17:20,293 Kamstrup skipping byte, expected kamstrup_meter request magic but got: 0x0
2022-04-20 20:17:20,293 Kamstrup skipping byte, expected kamstrup_meter request magic but got: 0x9e
2022-04-20 20:17:20,293 Kamstrup skipping byte, expected kamstrup_meter request magic but got: 0x0
2022-04-20 20:17:20,293 Kamstrup skipping byte, expected kamstrup_meter request magic but got: 0x67
2022-04-20 20:17:20,293 Kamstrup skipping byte, expected kamstrup_meter request magic but got: 0x0
2022-04-20 20:17:20,293 Kamstrup skipping byte, expected kamstrup_meter request magic but got: 0x40
2022-04-20 20:17:20,293 Kamstrup skipping byte, expected kamstrup_meter request magic but got: 0x0
2022-04-20 20:17:20,294 Kamstrup skipping byte, expected kamstrup_meter request magic but got: 0x3f
2022-04-20 20:17:20,294 Kamstrup skipping byte, expected kamstrup_meter request magic but got: 0x0
2022-04-20 20:17:20,294 Kamstrup skipping byte, expected kamstrup_meter request magic but got: 0x3e
2022-04-20 20:17:20,294 Kamstrup skipping byte, expected kamstrup_meter request magic but got: 0x0
2022-04-20 20:17:20,294 Kamstrup skipping byte, expected kamstrup_meter request magic but got: 0x32
2022-04-20 20:17:20,294 Kamstrup skipping byte, expected kamstrup_meter request magic but got: 0x0
2022-04-20 20:17:20,294 Kamstrup skipping byte, expected kamstrup_meter request magic but got: 0x31
2022-04-20 20:17:20,295 Kamstrup skipping byte, expected kamstrup_meter request magic but got: 0x0
2022-04-20 20:17:20,295 Kamstrup skipping byte, expected kamstrup_meter request magic but got: 0x30
2022-04-20 20:17:20,295 Kamstrup skipping byte, expected kamstrup_meter request magic but got: 0x0
2022-04-20 20:17:20,295 Kamstrup skipping byte, expected kamstrup_meter request magic but got: 0x9a
2022-04-20 20:17:20,295 Kamstrup skipping byte, expected kamstrup_meter request magic but got: 0x0
2022-04-20 20:17:20,295 Kamstrup skipping byte, expected kamstrup_meter request magic but got: 0x99
2022-04-20 20:17:20,296 Kamstrup skipping byte, expected kamstrup_meter request magic but got: 0x0
2022-04-20 20:17:20,296 Kamstrup skipping byte, expected kamstrup_meter request magic but got: 0x98
2022-04-20 20:17:20,296 Kamstrup skipping byte, expected kamstrup_meter request magic but got: 0x0
2022-04-20 20:17:20,296 Kamstrup skipping byte, expected kamstrup_meter request magic but got: 0x97
2022-04-20 20:17:20,296 Kamstrup skipping byte, expected kamstrup_meter request magic but got: 0x0
2022-04-20 20:17:20,296 Kamstrup skipping byte, expected kamstrup_meter request magic but got: 0x45
2022-04-20 20:17:20,297 Kamstrup skipping byte, expected kamstrup_meter request magic but got: 0x0
2022-04-20 20:17:20,297 Kamstrup skipping byte, expected kamstrup_meter request magic but got: 0x44
2022-04-20 20:17:20,297 Kamstrup skipping byte, expected kamstrup_meter request magic but got: 0x0
2022-04-20 20:17:20,297 Kamstrup skipping byte, expected kamstrup_meter request magic but got: 0x43
2022-04-20 20:17:20,297 Kamstrup skipping byte, expected kamstrup_meter request magic but got: 0x0
2022-04-20 20:17:20,297 Kamstrup skipping byte, expected kamstrup_meter request magic but got: 0x42
2022-04-20 20:17:20,297 Kamstrup skipping byte, expected kamstrup_meter request magic but got: 0xc0
2022-04-20 20:17:20,297 Kamstrup skipping byte, expected kamstrup_meter request magic but got: 0x18
2022-04-20 20:17:20,298 Kamstrup skipping byte, expected kamstrup_meter request magic but got: 0x0
2022-04-20 20:17:20,298 Kamstrup skipping byte, expected kamstrup_meter request magic but got: 0xa6
2022-04-20 20:17:20,298 Kamstrup skipping byte, expected kamstrup_meter request magic but got: 0x0
2022-04-20 20:17:20,298 Kamstrup skipping byte, expected kamstrup_meter request magic but got: 0x6c
2022-04-20 20:17:20,298 Kamstrup skipping byte, expected kamstrup_meter request magic but got: 0x0
2022-04-20 20:17:20,298 Kamstrup skipping byte, expected kamstrup_meter request magic but got: 0x9b
2022-04-20 20:17:20,298 Kamstrup skipping byte, expected kamstrup_meter request magic but got: 0x0
2022-04-20 20:17:20,299 Kamstrup skipping byte, expected kamstrup_meter request magic but got: 0x46
2022-04-20 20:17:20,299 Kamstrup skipping byte, expected kamstrup_meter request magic but got: 0xc0
2022-04-20 20:17:20,299 Kamstrup skipping byte, expected kamstrup_meter request magic but got: 0x31
2022-04-20 20:17:20,299 Kamstrup skipping byte, expected kamstrup_meter request magic but got: 0xc0
2022-04-20 20:17:20,299 Kamstrup skipping byte, expected kamstrup_meter request magic but got: 0x2d
2022-04-20 20:17:20,299 Kamstrup skipping byte, expected kamstrup_meter request magic but got: 0xc0
2022-04-20 20:17:20,299 Kamstrup skipping byte, expected kamstrup_meter request magic but got: 0x29
2022-04-20 20:17:20,300 Kamstrup skipping byte, expected kamstrup_meter request magic but got: 0xc0
2022-04-20 20:17:20,300 Kamstrup skipping byte, expected kamstrup_meter request magic but got: 0x25
2022-04-20 20:17:20,300 Kamstrup skipping byte, expected kamstrup_meter request magic but got: 0xc0
2022-04-20 20:17:20,300 Kamstrup skipping byte, expected kamstrup_meter request magic but got: 0xe
2022-04-20 20:17:20,300 Kamstrup skipping byte, expected kamstrup_meter request magic but got: 0xc0
2022-04-20 20:17:20,300 Kamstrup skipping byte, expected kamstrup_meter request magic but got: 0x4
2022-04-20 20:17:20,301 Kamstrup skipping byte, expected kamstrup_meter request magic but got: 0x0
2022-04-20 20:17:20,301 Kamstrup skipping byte, expected kamstrup_meter request magic but got: 0x9c
2022-04-20 20:17:20,301 Kamstrup skipping byte, expected kamstrup_meter request magic but got: 0x0
2022-04-20 20:17:20,301 Kamstrup skipping byte, expected kamstrup_meter request magic but got: 0x3c
2022-04-20 20:17:20,301 Kamstrup skipping byte, expected kamstrup_meter request magic but got: 0x0
2022-04-20 20:17:20,301 Kamstrup skipping byte, expected kamstrup_meter request magic but got: 0x96
2022-04-20 20:17:20,310 Kamstrup skipping byte, expected kamstrup_meter request magic but got: 0x0
2022-04-20 20:17:20,310 Kamstrup skipping byte, expected kamstrup_meter request magic but got: 0x41
2022-04-20 20:17:20,310 Kamstrup skipping byte, expected kamstrup_meter request magic but got: 0x0
2022-04-20 20:17:20,310 Kamstrup skipping byte, expected kamstrup_meter request magic but got: 0x7
2022-04-20 20:17:20,311 Kamstrup skipping byte, expected kamstrup_meter request magic but got: 0xc0
2022-04-20 20:17:20,311 Kamstrup skipping byte, expected kamstrup_meter request magic but got: 0x11
2022-04-20 20:17:20,311 Kamstrup skipping byte, expected kamstrup_meter request magic but got: 0xc0
2022-04-20 20:17:20,311 Kamstrup skipping byte, expected kamstrup_meter request magic but got: 0x7
2022-04-20 20:17:20,311 Kamstrup skipping byte, expected kamstrup_meter request magic but got: 0xc0
2022-04-20 20:17:20,311 Kamstrup skipping byte, expected kamstrup_meter request magic but got: 0x16
2022-04-20 20:17:20,311 Kamstrup skipping byte, expected kamstrup_meter request magic but got: 0xc0
2022-04-20 20:17:20,312 Kamstrup skipping byte, expected kamstrup_meter request magic but got: 0xc
2022-04-20 20:17:20,312 Kamstrup skipping byte, expected kamstrup_meter request magic but got: 0xc0
2022-04-20 20:17:20,312 Kamstrup skipping byte, expected kamstrup_meter request magic but got: 0x2
2022-04-20 20:17:20,312 Kamstrup skipping byte, expected kamstrup_meter request magic but got: 0xc0
2022-04-20 20:17:20,312 Kamstrup skipping byte, expected kamstrup_meter request magic but got: 0x12
2022-04-20 20:17:20,312 Kamstrup skipping byte, expected kamstrup_meter request magic but got: 0xc0
2022-04-20 20:17:20,313 Kamstrup skipping byte, expected kamstrup_meter request magic but got: 0x8
2022-04-20 20:17:20,313 Kamstrup skipping byte, expected kamstrup_meter request magic but got: 0x0
2022-04-20 20:17:20,313 Kamstrup skipping byte, expected kamstrup_meter request magic but got: 0x13
2022-04-20 20:17:20,313 Kamstrup skipping byte, expected kamstrup_meter request magic but got: 0x0
2022-04-20 20:17:20,313 Kamstrup skipping byte, expected kamstrup_meter request magic but got: 0x10
2022-04-20 20:17:20,313 Kamstrup skipping byte, expected kamstrup_meter request magic but got: 0x0
2022-04-20 20:17:20,314 Kamstrup skipping byte, expected kamstrup_meter request magic but got: 0xd
2022-04-20 20:17:20,314 Kamstrup skipping byte, expected kamstrup_meter request magic but got: 0xc0
2022-04-20 20:17:20,314 Kamstrup skipping byte, expected kamstrup_meter request magic but got: 0x17
2022-04-20 20:17:20,314 Kamstrup skipping byte, expected kamstrup_meter request magic but got: 0xc0
2022-04-20 20:17:20,314 Kamstrup skipping byte, expected kamstrup_meter request magic but got: 0xd
2022-04-20 20:17:20,314 Kamstrup skipping byte, expected kamstrup_meter request magic but got: 0xc0
2022-04-20 20:17:20,315 Kamstrup skipping byte, expected kamstrup_meter request magic but got: 0x3
2022-04-20 20:17:20,315 Kamstrup skipping byte, expected kamstrup_meter request magic but got: 0x0
2022-04-20 20:17:20,315 Kamstrup skipping byte, expected kamstrup_meter request magic but got: 0xff
2022-04-20 20:17:20,315 Kamstrup skipping byte, expected kamstrup_meter request magic but got: 0x1
2022-04-20 20:17:20,315 Kamstrup skipping byte, expected kamstrup_meter request magic but got: 0x0
2022-04-20 20:17:20,315 Kamstrup skipping byte, expected kamstrup_meter request magic but got: 0x0
2022-04-20 20:17:20,315 Kamstrup skipping byte, expected kamstrup_meter request magic but got: 0xf9
2022-04-20 20:17:20,315 Kamstrup skipping byte, expected kamstrup_meter request magic but got: 0x0
2022-04-20 20:17:20,316 Kamstrup skipping byte, expected kamstrup_meter request magic but got: 0xb
2022-04-20 20:17:20,316 Kamstrup skipping byte, expected kamstrup_meter request magic but got: 0x0
2022-04-20 20:17:20,316 Kamstrup skipping byte, expected kamstrup_meter request magic but got: 0x4
2022-04-20 20:17:20,316 Kamstrup skipping byte, expected kamstrup_meter request magic but got: 0x3
2022-04-20 20:17:20,316 Kamstrup skipping byte, expected kamstrup_meter request magic but got: 0x0
2022-04-20 20:17:20,316 Kamstrup skipping byte, expected kamstrup_meter request magic but got: 0x1
2022-04-20 20:17:20,317 Kamstrup skipping byte, expected kamstrup_meter request magic but got: 0x2
2022-04-20 20:17:20,317 Kamstrup skipping byte, expected kamstrup_meter request magic but got: 0x0
2022-04-20 20:17:20,317 Kamstrup skipping byte, expected kamstrup_meter request magic but got: 0xa
2022-04-20 20:17:20,317 Kamstrup skipping byte, expected kamstrup_meter request magic but got: 0x0
2022-04-20 20:17:20,317 Kamstrup skipping byte, expected kamstrup_meter request magic but got: 0x1c
2022-04-20 20:17:20,318 Kamstrup skipping byte, expected kamstrup_meter request magic but got: 0x0
2022-04-20 20:17:20,318 Kamstrup skipping byte, expected kamstrup_meter request magic but got: 0x1a
2022-04-20 20:17:20,318 Kamstrup skipping byte, expected kamstrup_meter request magic but got: 0x0
2022-04-20 20:17:20,318 Kamstrup skipping byte, expected kamstrup_meter request magic but got: 0x17
2022-04-20 20:17:20,318 Kamstrup skipping byte, expected kamstrup_meter request magic but got: 0x0
2022-04-20 20:17:20,318 Kamstrup skipping byte, expected kamstrup_meter request magic but got: 0x19
2022-04-20 20:17:20,319 Kamstrup skipping byte, expected kamstrup_meter request magic but got: 0x0
2022-04-20 20:17:20,319 Kamstrup skipping byte, expected kamstrup_meter request magic but got: 0x1c
2022-04-20 20:17:20,319 Kamstrup skipping byte, expected kamstrup_meter request magic but got: 0x0
2022-04-20 20:17:20,319 Kamstrup skipping byte, expected kamstrup_meter request magic but got: 0x1b
2022-04-20 20:17:20,319 Kamstrup skipping byte, expected kamstrup_meter request magic but got: 0x0
2022-04-20 20:17:20,319 Kamstrup skipping byte, expected kamstrup_meter request magic but got: 0x18
2022-04-20 20:17:20,319 Kamstrup skipping byte, expected kamstrup_meter request magic but got: 0x0
2022-04-20 20:17:20,320 Kamstrup skipping byte, expected kamstrup_meter request magic but got: 0x1a
2022-04-20 20:17:20,320 Kamstrup skipping byte, expected kamstrup_meter request magic but got: 0x0
2022-04-20 20:17:20,320 Kamstrup skipping byte, expected kamstrup_meter request magic but got: 0x16
2022-04-20 20:17:20,320 Kamstrup skipping byte, expected kamstrup_meter request magic but got: 0x0
2022-04-20 20:17:20,320 Kamstrup skipping byte, expected kamstrup_meter request magic but got: 0xe
2022-04-20 20:17:20,321 Kamstrup skipping byte, expected kamstrup_meter request magic but got: 0x0
2022-04-20 20:17:20,321 Kamstrup skipping byte, expected kamstrup_meter request magic but got: 0xd
2022-04-20 20:17:20,321 Kamstrup skipping byte, expected kamstrup_meter request magic but got: 0x0
2022-04-20 20:17:20,321 Kamstrup skipping byte, expected kamstrup_meter request magic but got: 0xb
2022-04-20 20:17:20,321 Kamstrup skipping byte, expected kamstrup_meter request magic but got: 0x0
2022-04-20 20:17:20,321 Kamstrup skipping byte, expected kamstrup_meter request magic but got: 0xc
2022-04-20 20:17:20,322 Kamstrup skipping byte, expected kamstrup_meter request magic but got: 0x0
2022-04-20 20:17:20,322 Kamstrup skipping byte, expected kamstrup_meter request magic but got: 0x9
2022-04-20 20:17:20,322 Kamstrup skipping byte, expected kamstrup_meter request magic but got: 0x0
2022-04-20 20:17:20,322 Kamstrup skipping byte, expected kamstrup_meter request magic but got: 0xa
2022-04-20 20:17:20,322 Kamstrup skipping byte, expected kamstrup_meter request magic but got: 0x0
2022-04-20 20:17:20,322 Kamstrup skipping byte, expected kamstrup_meter request magic but got: 0x23
2022-04-20 20:17:20,322 Kamstrup skipping byte, expected kamstrup_meter request magic but got: 0x0
2022-04-20 20:17:20,323 Kamstrup skipping byte, expected kamstrup_meter request magic but got: 0x0
2022-04-20 20:17:20,323 Kamstrup skipping byte, expected kamstrup_meter request magic but got: 0x0
2022-04-20 20:17:20,323 Kamstrup skipping byte, expected kamstrup_meter request magic but got: 0xd
2022-04-20 20:17:20,323 Kamstrup skipping byte, expected kamstrup_meter request magic but got: 0x0
2022-04-20 20:17:20,323 Kamstrup skipping byte, expected kamstrup_meter request magic but got: 0x20
2022-04-20 20:17:20,324 Kamstrup skipping byte, expected kamstrup_meter request magic but got: 0x0
2022-04-20 20:17:20,324 Kamstrup skipping byte, expected kamstrup_meter request magic but got: 0x1e
2022-04-20 20:17:20,324 Kamstrup skipping byte, expected kamstrup_meter request magic but got: 0x6
2022-04-20 20:17:20,324 Kamstrup skipping byte, expected kamstrup_meter request magic but got: 0x1
2022-04-20 20:17:20,324 Kamstrup skipping byte, expected kamstrup_meter request magic but got: 0x6
2022-04-20 20:17:20,324 Kamstrup skipping byte, expected kamstrup_meter request magic but got: 0x2
2022-04-20 20:17:20,325 Kamstrup skipping byte, expected kamstrup_meter request magic but got: 0x6
2022-04-20 20:17:20,325 Kamstrup skipping byte, expected kamstrup_meter request magic but got: 0x3
2022-04-20 20:17:20,325 Kamstrup skipping byte, expected kamstrup_meter request magic but got: 0x5
2022-04-20 20:17:20,325 Kamstrup skipping byte, expected kamstrup_meter request magic but got: 0x1
2022-04-20 20:17:20,325 Kamstrup skipping byte, expected kamstrup_meter request magic but got: 0x5
2022-04-20 20:17:20,325 Kamstrup skipping byte, expected kamstrup_meter request magic but got: 0x2
2022-04-20 20:17:20,326 Kamstrup skipping byte, expected kamstrup_meter request magic but got: 0x5
2022-04-20 20:17:20,326 Kamstrup skipping byte, expected kamstrup_meter request magic but got: 0x3
2022-04-20 20:17:20,326 Kamstrup skipping byte, expected kamstrup_meter request magic but got: 0x4
2022-04-20 20:17:20,326 Kamstrup skipping byte, expected kamstrup_meter request magic but got: 0x1
2022-04-20 20:17:20,326 Kamstrup skipping byte, expected kamstrup_meter request magic but got: 0x4
2022-04-20 20:17:20,326 Kamstrup skipping byte, expected kamstrup_meter request magic but got: 0x2
2022-04-20 20:17:20,327 Kamstrup skipping byte, expected kamstrup_meter request magic but got: 0x4
2022-04-20 20:17:20,327 Kamstrup skipping byte, expected kamstrup_meter request magic but got: 0x3
2022-04-20 20:17:20,327 Kamstrup skipping byte, expected kamstrup_meter request magic but got: 0x3
2022-04-20 20:17:20,327 Kamstrup skipping byte, expected kamstrup_meter request magic but got: 0x1
2022-04-20 20:17:20,327 Kamstrup skipping byte, expected kamstrup_meter request magic but got: 0x3
2022-04-20 20:17:20,328 Kamstrup skipping byte, expected kamstrup_meter request magic but got: 0x2
2022-04-20 20:17:20,328 Kamstrup skipping byte, expected kamstrup_meter request magic but got: 0x3
2022-04-20 20:17:20,328 Kamstrup skipping byte, expected kamstrup_meter request magic but got: 0x3
2022-04-20 20:17:20,328 Kamstrup skipping byte, expected kamstrup_meter request magic but got: 0x2
2022-04-20 20:17:20,328 Kamstrup skipping byte, expected kamstrup_meter request magic but got: 0x1
2022-04-20 20:17:20,329 Kamstrup skipping byte, expected kamstrup_meter request magic but got: 0x2
2022-04-20 20:17:20,329 Kamstrup skipping byte, expected kamstrup_meter request magic but got: 0x2
2022-04-20 20:17:20,329 Kamstrup skipping byte, expected kamstrup_meter request magic but got: 0x2
2022-04-20 20:17:20,329 Kamstrup skipping byte, expected kamstrup_meter request magic but got: 0x3
2022-04-20 20:17:20,329 Kamstrup skipping byte, expected kamstrup_meter request magic but got: 0x0
2022-04-20 20:17:20,329 Kamstrup skipping byte, expected kamstrup_meter request magic but got: 0xf
2022-04-20 20:17:20,330 Kamstrup skipping byte, expected kamstrup_meter request magic but got: 0x0
2022-04-20 20:17:20,330 Kamstrup skipping byte, expected kamstrup_meter request magic but got: 0x1
2022-04-20 20:17:20,330 Kamstrup skipping byte, expected kamstrup_meter request magic but got: 0x1
2022-04-20 20:17:20,330 Kamstrup skipping byte, expected kamstrup_meter request magic but got: 0x0
2022-04-20 20:17:20,330 Kamstrup skipping byte, expected kamstrup_meter request magic but got: 0x15
2022-04-20 20:17:20,331 Kamstrup skipping byte, expected kamstrup_meter request magic but got: 0x0
2022-04-20 20:17:20,331 Kamstrup skipping byte, expected kamstrup_meter request magic but got: 0xa0
2022-04-20 20:17:20,331 Kamstrup skipping byte, expected kamstrup_meter request magic but got: 0x0
2022-04-20 20:17:20,331 Kamstrup skipping byte, expected kamstrup_meter request magic but got: 0x0
2022-04-20 20:17:20,331 Kamstrup skipping byte, expected kamstrup_meter request magic but got: 0x0
2022-04-20 20:17:20,331 Kamstrup skipping byte, expected kamstrup_meter request magic but got: 0x0
2022-04-20 20:17:20,332 Kamstrup skipping byte, expected kamstrup_meter request magic but got: 0x0
2022-04-20 20:17:20,332 Kamstrup skipping byte, expected kamstrup_meter request magic but got: 0x0
2022-04-20 20:17:20,332 Kamstrup skipping byte, expected kamstrup_meter request magic but got: 0x0
2022-04-20 20:17:20,332 Kamstrup skipping byte, expected kamstrup_meter request magic but got: 0x0
2022-04-20 20:17:20,332 Kamstrup skipping byte, expected kamstrup_meter request magic but got: 0x0
2022-04-20 20:17:20,333 Kamstrup skipping byte, expected kamstrup_meter request magic but got: 0x0
2022-04-20 20:17:20,333 Kamstrup skipping byte, expected kamstrup_meter request magic but got: 0x0
2022-04-20 20:17:20,333 Kamstrup skipping byte, expected kamstrup_meter request magic but got: 0x0
2022-04-20 20:17:20,333 Kamstrup skipping byte, expected kamstrup_meter request magic but got: 0x0
2022-04-20 20:17:20,333 Kamstrup skipping byte, expected kamstrup_meter request magic but got: 0x0
2022-04-20 20:17:20,333 Kamstrup skipping byte, expected kamstrup_meter request magic but got: 0x0
2022-04-20 20:17:20,334 Kamstrup skipping byte, expected kamstrup_meter request magic but got: 0x0
2022-04-20 20:17:20,334 Kamstrup skipping byte, expected kamstrup_meter request magic but got: 0x0
2022-04-20 20:17:20,334 Kamstrup skipping byte, expected kamstrup_meter request magic but got: 0x0
2022-04-20 20:17:20,334 Kamstrup skipping byte, expected kamstrup_meter request magic but got: 0x0
2022-04-20 20:17:20,334 Kamstrup skipping byte, expected kamstrup_meter request magic but got: 0x0
2022-04-20 20:17:20,334 Kamstrup skipping byte, expected kamstrup_meter request magic but got: 0x0
2022-04-20 20:17:20,335 Kamstrup skipping byte, expected kamstrup_meter request magic but got: 0x0
2022-04-20 20:17:20,335 Kamstrup skipping byte, expected kamstrup_meter request magic but got: 0x0
2022-04-20 20:17:20,335 Kamstrup skipping byte, expected kamstrup_meter request magic but got: 0x0
2022-04-20 20:17:20,335 Kamstrup skipping byte, expected kamstrup_meter request magic but got: 0x0
2022-04-20 20:17:20,335 Kamstrup skipping byte, expected kamstrup_meter request magic but got: 0x0
2022-04-20 20:17:20,335 Kamstrup skipping byte, expected kamstrup_meter request magic but got: 0x0
2022-04-20 20:17:20,336 Kamstrup skipping byte, expected kamstrup_meter request magic but got: 0x0
2022-04-20 20:17:20,336 Kamstrup skipping byte, expected kamstrup_meter request magic but got: 0x0
2022-04-20 20:17:20,336 Kamstrup skipping byte, expected kamstrup_meter request magic but got: 0x0
2022-04-20 20:17:20,336 Kamstrup skipping byte, expected kamstrup_meter request magic but got: 0x0
2022-04-20 20:17:20,336 Kamstrup skipping byte, expected kamstrup_meter request magic but got: 0x0
2022-04-20 20:17:20,336 Kamstrup skipping byte, expected kamstrup_meter request magic but got: 0x0
2022-04-20 20:17:20,337 Kamstrup skipping byte, expected kamstrup_meter request magic but got: 0x0
2022-04-20 20:17:20,337 Kamstrup skipping byte, expected kamstrup_meter request magic but got: 0x0
2022-04-20 20:17:20,337 Kamstrup skipping byte, expected kamstrup_meter request magic but got: 0x0
2022-04-20 20:17:20,337 Kamstrup skipping byte, expected kamstrup_meter request magic but got: 0x0
2022-04-20 20:17:20,337 Kamstrup skipping byte, expected kamstrup_meter request magic but got: 0x0
2022-04-20 20:17:20,337 Kamstrup skipping byte, expected kamstrup_meter request magic but got: 0x0
2022-04-20 20:17:20,337 Kamstrup skipping byte, expected kamstrup_meter request magic but got: 0x0
2022-04-20 20:17:20,338 Kamstrup skipping byte, expected kamstrup_meter request magic but got: 0x0
2022-04-20 20:17:20,338 Kamstrup skipping byte, expected kamstrup_meter request magic but got: 0x0
2022-04-20 20:17:20,338 Kamstrup skipping byte, expected kamstrup_meter request magic but got: 0x0
2022-04-20 20:17:20,338 Kamstrup skipping byte, expected kamstrup_meter request magic but got: 0x0
2022-04-20 20:17:20,338 Kamstrup skipping byte, expected kamstrup_meter request magic but got: 0x0
2022-04-20 20:17:20,339 Kamstrup skipping byte, expected kamstrup_meter request magic but got: 0x0
2022-04-20 20:17:20,339 Kamstrup skipping byte, expected kamstrup_meter request magic but got: 0x0
2022-04-20 20:17:20,339 Kamstrup skipping byte, expected kamstrup_meter request magic but got: 0x0
2022-04-20 20:17:20,339 Kamstrup skipping byte, expected kamstrup_meter request magic but got: 0x0
2022-04-20 20:17:20,339 Kamstrup skipping byte, expected kamstrup_meter request magic but got: 0x0
2022-04-20 20:17:20,340 Kamstrup skipping byte, expected kamstrup_meter request magic but got: 0x0
2022-04-20 20:17:20,340 Kamstrup skipping byte, expected kamstrup_meter request magic but got: 0x0
2022-04-20 20:17:20,340 Kamstrup skipping byte, expected kamstrup_meter request magic but got: 0x0
2022-04-20 20:17:20,340 Kamstrup skipping byte, expected kamstrup_meter request magic but got: 0x0
2022-04-20 20:17:20,340 Kamstrup skipping byte, expected kamstrup_meter request magic but got: 0x0
2022-04-20 20:17:20,340 Kamstrup skipping byte, expected kamstrup_meter request magic but got: 0x0
2022-04-20 20:17:20,341 Kamstrup skipping byte, expected kamstrup_meter request magic but got: 0x0
2022-04-20 20:17:20,341 Kamstrup skipping byte, expected kamstrup_meter request magic but got: 0x0
2022-04-20 20:17:20,341 Kamstrup skipping byte, expected kamstrup_meter request magic but got: 0x0
2022-04-20 20:17:20,341 Kamstrup skipping byte, expected kamstrup_meter request magic but got: 0x0
2022-04-20 20:17:20,341 Kamstrup skipping byte, expected kamstrup_meter request magic but got: 0x0
2022-04-20 20:17:20,341 Kamstrup skipping byte, expected kamstrup_meter request magic but got: 0x0
2022-04-20 20:17:20,342 Kamstrup skipping byte, expected kamstrup_meter request magic but got: 0x0
2022-04-20 20:17:20,342 Kamstrup skipping byte, expected kamstrup_meter request magic but got: 0x0
2022-04-20 20:17:20,342 Kamstrup skipping byte, expected kamstrup_meter request magic but got: 0x0
2022-04-20 20:17:20,342 Kamstrup skipping byte, expected kamstrup_meter request magic but got: 0x0
2022-04-20 20:17:20,342 Kamstrup skipping byte, expected kamstrup_meter request magic but got: 0x0
2022-04-20 20:17:20,343 Kamstrup skipping byte, expected kamstrup_meter request magic but got: 0x0
2022-04-20 20:17:20,343 Kamstrup skipping byte, expected kamstrup_meter request magic but got: 0x0
2022-04-20 20:17:20,343 Kamstrup skipping byte, expected kamstrup_meter request magic but got: 0x0
2022-04-20 20:17:20,343 Kamstrup skipping byte, expected kamstrup_meter request magic but got: 0x0
2022-04-20 20:17:20,343 Kamstrup skipping byte, expected kamstrup_meter request magic but got: 0x0
2022-04-20 20:17:20,343 Kamstrup skipping byte, expected kamstrup_meter request magic but got: 0x0
2022-04-20 20:17:20,344 Kamstrup skipping byte, expected kamstrup_meter request magic but got: 0x0
2022-04-20 20:17:20,344 Kamstrup skipping byte, expected kamstrup_meter request magic but got: 0x0
2022-04-20 20:17:20,344 Kamstrup skipping byte, expected kamstrup_meter request magic but got: 0x0
2022-04-20 20:17:20,344 Kamstrup skipping byte, expected kamstrup_meter request magic but got: 0x0
2022-04-20 20:17:20,344 Kamstrup skipping byte, expected kamstrup_meter request magic but got: 0x0
2022-04-20 20:17:20,344 Kamstrup skipping byte, expected kamstrup_meter request magic but got: 0x0
2022-04-20 20:17:20,345 Kamstrup skipping byte, expected kamstrup_meter request magic but got: 0x0
2022-04-20 20:17:20,345 Kamstrup skipping byte, expected kamstrup_meter request magic but got: 0x0
2022-04-20 20:17:20,345 Kamstrup skipping byte, expected kamstrup_meter request magic but got: 0x0
2022-04-20 20:17:20,345 Kamstrup skipping byte, expected kamstrup_meter request magic but got: 0x0
2022-04-20 20:17:20,345 Kamstrup skipping byte, expected kamstrup_meter request magic but got: 0x0
2022-04-20 20:17:20,346 Kamstrup skipping byte, expected kamstrup_meter request magic but got: 0x0
2022-04-20 20:17:20,346 Kamstrup skipping byte, expected kamstrup_meter request magic but got: 0x0
2022-04-20 20:17:20,346 Kamstrup skipping byte, expected kamstrup_meter request magic but got: 0x0
2022-04-20 20:17:20,346 Kamstrup skipping byte, expected kamstrup_meter request magic but got: 0x0
2022-04-20 20:17:20,346 Kamstrup skipping byte, expected kamstrup_meter request magic but got: 0x0
2022-04-20 20:17:20,346 Kamstrup skipping byte, expected kamstrup_meter request magic but got: 0x0
2022-04-20 20:17:20,346 Kamstrup skipping byte, expected kamstrup_meter request magic but got: 0x0
2022-04-20 20:17:20,347 Kamstrup skipping byte, expected kamstrup_meter request magic but got: 0x0
2022-04-20 20:17:20,347 Kamstrup skipping byte, expected kamstrup_meter request magic but got: 0x0
2022-04-20 20:17:20,347 Kamstrup skipping byte, expected kamstrup_meter request magic but got: 0x0
2022-04-20 20:17:20,347 Kamstrup skipping byte, expected kamstrup_meter request magic but got: 0x0
2022-04-20 20:17:20,347 Kamstrup skipping byte, expected kamstrup_meter request magic but got: 0x0
2022-04-20 20:17:20,347 Kamstrup skipping byte, expected kamstrup_meter request magic but got: 0x0
2022-04-20 20:17:20,348 Kamstrup skipping byte, expected kamstrup_meter request magic but got: 0x0
2022-04-20 20:17:20,348 Kamstrup skipping byte, expected kamstrup_meter request magic but got: 0x0
2022-04-20 20:17:20,348 Kamstrup skipping byte, expected kamstrup_meter request magic but got: 0x0
2022-04-20 20:17:20,348 Kamstrup skipping byte, expected kamstrup_meter request magic but got: 0x0
2022-04-20 20:17:20,348 Kamstrup skipping byte, expected kamstrup_meter request magic but got: 0x0
2022-04-20 20:17:20,348 Kamstrup skipping byte, expected kamstrup_meter request magic but got: 0x0
2022-04-20 20:17:20,349 Kamstrup skipping byte, expected kamstrup_meter request magic but got: 0x0
2022-04-20 20:17:20,349 Kamstrup skipping byte, expected kamstrup_meter request magic but got: 0x0
2022-04-20 20:17:20,349 Kamstrup skipping byte, expected kamstrup_meter request magic but got: 0x0
2022-04-20 20:17:20,349 Kamstrup skipping byte, expected kamstrup_meter request magic but got: 0x0
2022-04-20 20:17:20,349 Kamstrup skipping byte, expected kamstrup_meter request magic but got: 0x0
2022-04-20 20:17:20,349 Kamstrup skipping byte, expected kamstrup_meter request magic but got: 0x0
2022-04-20 20:17:20,350 Kamstrup skipping byte, expected kamstrup_meter request magic but got: 0x0
2022-04-20 20:17:20,350 Kamstrup skipping byte, expected kamstrup_meter request magic but got: 0x0
2022-04-20 20:17:20,350 Kamstrup skipping byte, expected kamstrup_meter request magic but got: 0x0
2022-04-20 20:17:20,350 Kamstrup skipping byte, expected kamstrup_meter request magic but got: 0x0
2022-04-20 20:17:20,350 Kamstrup skipping byte, expected kamstrup_meter request magic but got: 0x0
2022-04-20 20:17:20,350 Kamstrup skipping byte, expected kamstrup_meter request magic but got: 0x0
2022-04-20 20:17:20,351 Kamstrup skipping byte, expected kamstrup_meter request magic but got: 0x0
2022-04-20 20:17:20,351 Kamstrup skipping byte, expected kamstrup_meter request magic but got: 0x0
2022-04-20 20:17:20,351 Kamstrup skipping byte, expected kamstrup_meter request magic but got: 0x0
2022-04-20 20:17:20,351 Kamstrup skipping byte, expected kamstrup_meter request magic but got: 0x0
2022-04-20 20:17:20,351 Kamstrup skipping byte, expected kamstrup_meter request magic but got: 0x0
2022-04-20 20:17:20,351 Kamstrup skipping byte, expected kamstrup_meter request magic but got: 0x0
2022-04-20 20:17:20,351 Kamstrup skipping byte, expected kamstrup_meter request magic but got: 0x0
2022-04-20 20:17:20,352 Kamstrup skipping byte, expected kamstrup_meter request magic but got: 0x0
2022-04-20 20:17:20,352 Kamstrup skipping byte, expected kamstrup_meter request magic but got: 0x0
2022-04-20 20:17:20,352 Kamstrup skipping byte, expected kamstrup_meter request magic but got: 0x0
2022-04-20 20:17:20,352 Kamstrup skipping byte, expected kamstrup_meter request magic but got: 0x0
2022-04-20 20:17:20,352 Kamstrup skipping byte, expected kamstrup_meter request magic but got: 0x0
2022-04-20 20:17:20,352 Kamstrup skipping byte, expected kamstrup_meter request magic but got: 0x0
2022-04-20 20:17:20,352 Kamstrup skipping byte, expected kamstrup_meter request magic but got: 0x0
2022-04-20 20:17:20,353 Kamstrup skipping byte, expected kamstrup_meter request magic but got: 0x0
2022-04-20 20:17:20,353 Kamstrup skipping byte, expected kamstrup_meter request magic but got: 0x0
2022-04-20 20:17:20,353 Kamstrup skipping byte, expected kamstrup_meter request magic but got: 0x0
2022-04-20 20:17:20,353 Kamstrup skipping byte, expected kamstrup_meter request magic but got: 0x0
2022-04-20 20:17:20,353 Kamstrup skipping byte, expected kamstrup_meter request magic but got: 0x0
2022-04-20 20:17:20,353 Kamstrup skipping byte, expected kamstrup_meter request magic but got: 0x0
2022-04-20 20:17:20,353 Kamstrup skipping byte, expected kamstrup_meter request magic but got: 0x0
2022-04-20 20:17:20,353 Kamstrup skipping byte, expected kamstrup_meter request magic but got: 0x0
2022-04-20 20:17:20,354 Kamstrup skipping byte, expected kamstrup_meter request magic but got: 0x0
2022-04-20 20:17:20,354 Kamstrup skipping byte, expected kamstrup_meter request magic but got: 0x0
2022-04-20 20:17:20,354 Kamstrup skipping byte, expected kamstrup_meter request magic but got: 0x0
2022-04-20 20:17:20,354 Kamstrup skipping byte, expected kamstrup_meter request magic but got: 0x0
2022-04-20 20:17:20,354 Kamstrup skipping byte, expected kamstrup_meter request magic but got: 0x0
2022-04-20 20:17:20,354 Kamstrup skipping byte, expected kamstrup_meter request magic but got: 0x0
2022-04-20 20:17:20,354 Kamstrup skipping byte, expected kamstrup_meter request magic but got: 0x0
2022-04-20 20:17:20,355 Kamstrup skipping byte, expected kamstrup_meter request magic but got: 0x0
2022-04-20 20:17:20,355 Kamstrup skipping byte, expected kamstrup_meter request magic but got: 0x0
2022-04-20 20:17:20,355 Kamstrup skipping byte, expected kamstrup_meter request magic but got: 0x0
2022-04-20 20:17:20,355 Kamstrup skipping byte, expected kamstrup_meter request magic but got: 0x0
2022-04-20 20:17:20,355 Kamstrup skipping byte, expected kamstrup_meter request magic but got: 0x0
2022-04-20 20:17:20,355 Kamstrup skipping byte, expected kamstrup_meter request magic but got: 0x0
2022-04-20 20:17:20,356 Kamstrup skipping byte, expected kamstrup_meter request magic but got: 0x0
2022-04-20 20:17:20,356 Kamstrup skipping byte, expected kamstrup_meter request magic but got: 0x0
2022-04-20 20:17:20,356 Kamstrup skipping byte, expected kamstrup_meter request magic but got: 0x0
2022-04-20 20:17:20,356 Kamstrup skipping byte, expected kamstrup_meter request magic but got: 0x0
2022-04-20 20:17:20,356 Kamstrup skipping byte, expected kamstrup_meter request magic but got: 0x0
2022-04-20 20:17:20,356 Kamstrup skipping byte, expected kamstrup_meter request magic but got: 0x0
2022-04-20 20:17:20,357 Kamstrup skipping byte, expected kamstrup_meter request magic but got: 0x0
2022-04-20 20:17:20,357 Kamstrup skipping byte, expected kamstrup_meter request magic but got: 0x0
2022-04-20 20:17:20,357 Kamstrup skipping byte, expected kamstrup_meter request magic but got: 0x0
2022-04-20 20:17:20,357 Kamstrup skipping byte, expected kamstrup_meter request magic but got: 0x0
2022-04-20 20:17:20,357 Kamstrup client disconnected. (46277283-f7b4-470f-85ea-7776f8a6616a)
2022-04-20 20:17:52,129 Session timed out: 62a9a867-216f-4598-ac43-9e2ada16a5da
2022-04-20 20:17:54,309 Session timed out: 46277283-f7b4-470f-85ea-7776f8a6616a
2022-04-21 12:48:38,528 New kamstrup_protocol session from 162.142.125.213 (7a0f48f9-d098-4b74-bcc5-f717ab678dc1)
2022-04-21 12:50:58,285 New Kamstrup connection from 162.142.125.213:45872. (7a0f48f9-d098-4b74-bcc5-f717ab678dc1)
2022-04-21 12:54:41,051 New Kamstrup connection from 162.142.125.213:54522. (7a0f48f9-d098-4b74-bcc5-f717ab678dc1)
2022-04-21 12:56:38,721 Kamstrup skipping byte, expected kamstrup_meter request magic but got: 0x16
2022-04-21 12:56:55,349 Kamstrup skipping byte, expected kamstrup_meter request magic but got: 0x3
2022-04-21 12:57:11,961 Kamstrup skipping byte, expected kamstrup_meter request magic but got: 0x1
2022-04-21 12:57:28,397 Kamstrup skipping byte, expected kamstrup_meter request magic but got: 0x0
2022-04-21 12:57:47,507 Kamstrup skipping byte, expected kamstrup_meter request magic but got: 0xee
2022-04-21 12:58:06,286 Kamstrup skipping byte, expected kamstrup_meter request magic but got: 0x1
2022-04-21 12:58:29,146 Kamstrup skipping byte, expected kamstrup_meter request magic but got: 0x0
2022-04-21 12:58:51,747 Kamstrup skipping byte, expected kamstrup_meter request magic but got: 0x0
2022-04-21 12:59:08,563 Kamstrup skipping byte, expected kamstrup_meter request magic but got: 0xea
2022-04-21 12:59:18,257 Kamstrup skipping byte, expected kamstrup_meter request magic but got: 0x3
2022-04-21 12:59:28,020 Kamstrup skipping byte, expected kamstrup_meter request magic but got: 0x3
2022-04-21 12:59:35,990 Kamstrup skipping byte, expected kamstrup_meter request magic but got: 0xa7
2022-04-21 12:59:43,756 Kamstrup skipping byte, expected kamstrup_meter request magic but got: 0x3b
2022-04-21 12:59:51,347 Kamstrup skipping byte, expected kamstrup_meter request magic but got: 0x40
2022-04-21 13:00:00,006 Kamstrup skipping byte, expected kamstrup_meter request magic but got: 0xa8
2022-04-21 13:00:08,146 Kamstrup skipping byte, expected kamstrup_meter request magic but got: 0x97
2022-04-21 13:00:21,964 Kamstrup skipping byte, expected kamstrup_meter request magic but got: 0xed
2022-04-21 13:00:29,711 Kamstrup skipping byte, expected kamstrup_meter request magic but got: 0x35
2022-04-21 13:00:37,222 Kamstrup skipping byte, expected kamstrup_meter request magic but got: 0x98
2022-04-21 13:00:45,953 Kamstrup skipping byte, expected kamstrup_meter request magic but got: 0xae
2022-04-21 13:01:03,927 Kamstrup skipping byte, expected kamstrup_meter request magic but got: 0x72
2022-04-21 13:01:35,901 Kamstrup skipping byte, expected kamstrup_meter request magic but got: 0xb
2022-04-21 13:02:14,658 Kamstrup CRC check failed for request.
2022-04-21 13:02:54,758 Kamstrup request package created with bytes: [88, 92, 57, 200, 163, 243, 12, 247, 74, 222, 32, 58, 48, 3, 167, 229, 24, 90, 135, 60, 160, 227, 177, 18, 239, 140, 73, 177, 72, 101, 15, 235, 60, 222, 249, 253, 120, 75, 91, 62, 54, 173, 207, 0, 38, 204, 168, 204, 169, 192, 47, 192, 48, 192, 43, 192, 44, 192, 19, 192, 9, 192, 20, 192, 10, 0, 156, 0, 157, 0, 47, 0, 53, 192, 18, 0, 10, 19, 3, 19, 1, 19, 2, 1, 0, 0, 123, 0, 5, 0, 5, 1, 0, 0, 0, 0, 0, 10, 0, 10, 0, 8, 0, 29, 0, 23, 0, 24, 0, 25, 0, 11, 0, 2, 1, 0, 0, 13, 0, 26, 0, 24, 8, 4, 4, 3, 8, 7, 8, 5, 8, 6, 4, 1, 5, 1, 6, 1, 5, 3, 6, 3, 2, 1, 2, 3, 255, 1, 0, 1, 0, 0, 18, 0, 0, 0, 43, 0, 9, 8, 3, 4, 3, 3, 3, 2, 3, 1, 0, 51, 0, 38, 0, 36, 0, 29, 0, 32, 101, 203, 110, 250, 151, 240, 16, 143, 47, 122, 191, 194, 63, 229, 151, 123, 17, 194, 190, 122, 10, 211, 124, 157, 40, 146, 111, 193, 16]
2022-04-21 13:03:34,662 Unknown Kamstrup request: Comm address: 0xc0, Command: 0xab, Message: b'585c39c8a3f30cf74ade203a3003a7e5185a873ca0e3b112ef8c49b148650feb3cdef9fd784b5b3e36adcf0026cca8cca9c02fc030c02bc02cc013c009c014c00a009c009d002f0035c012000a1303130113020100007b000500050100000000000a000a0008001d001700180019000b00020100000d001a0018080404030807080508060401050106010503060302010203ff0100010000120000002b0009080304030303020301003300260024001d002065cb6efa97f0108f2f7abfc23fe5977b11c2be7a0ad37c9d28926fc110'
2022-04-21 13:04:21,953 Kamstrup request received with wrong communication address, got 192 but expected 63.
2022-04-21 13:05:00,439 New Kamstrup connection from 162.142.125.213:57668. (7a0f48f9-d098-4b74-bcc5-f717ab678dc1)
2022-04-21 13:05:39,886 Kamstrup skipping byte, expected kamstrup_meter request magic but got: 0x47
2022-04-21 13:06:08,058 Kamstrup skipping byte, expected kamstrup_meter request magic but got: 0x45
2022-04-21 13:06:37,667 Kamstrup skipping byte, expected kamstrup_meter request magic but got: 0x54
2022-04-21 13:07:08,416 Kamstrup skipping byte, expected kamstrup_meter request magic but got: 0x20
2022-04-21 13:07:37,261 Kamstrup skipping byte, expected kamstrup_meter request magic but got: 0x2f
2022-04-21 13:08:10,564 Kamstrup skipping byte, expected kamstrup_meter request magic but got: 0x20
2022-04-21 13:08:41,039 Kamstrup skipping byte, expected kamstrup_meter request magic but got: 0x48
2022-04-21 13:09:07,555 Kamstrup skipping byte, expected kamstrup_meter request magic but got: 0x54
2022-04-21 13:09:28,721 Kamstrup skipping byte, expected kamstrup_meter request magic but got: 0x54
2022-04-21 13:09:43,916 Kamstrup skipping byte, expected kamstrup_meter request magic but got: 0x50
2022-04-21 13:09:57,432 Kamstrup skipping byte, expected kamstrup_meter request magic but got: 0x2f
2022-04-21 13:10:06,924 Kamstrup skipping byte, expected kamstrup_meter request magic but got: 0x31
2022-04-21 13:10:20,446 Kamstrup skipping byte, expected kamstrup_meter request magic but got: 0x2e
2022-04-21 13:10:32,235 Kamstrup skipping byte, expected kamstrup_meter request magic but got: 0x31
2022-04-21 13:10:44,556 Kamstrup skipping byte, expected kamstrup_meter request magic but got: 0xd
2022-04-21 13:10:54,964 Kamstrup skipping byte, expected kamstrup_meter request magic but got: 0xa
2022-04-21 13:11:03,634 Kamstrup skipping byte, expected kamstrup_meter request magic but got: 0x48
2022-04-21 13:11:10,417 Kamstrup skipping byte, expected kamstrup_meter request magic but got: 0x6f
2022-04-21 13:11:18,823 Kamstrup skipping byte, expected kamstrup_meter request magic but got: 0x73
2022-04-21 13:11:24,815 Kamstrup skipping byte, expected kamstrup_meter request magic but got: 0x74
2022-04-21 13:11:34,244 Kamstrup skipping byte, expected kamstrup_meter request magic but got: 0x3a
2022-04-21 13:11:43,488 Kamstrup skipping byte, expected kamstrup_meter request magic but got: 0x20
2022-04-21 13:11:54,060 Kamstrup skipping byte, expected kamstrup_meter request magic but got: 0x33
2022-04-21 13:12:03,497 Kamstrup skipping byte, expected kamstrup_meter request magic but got: 0x34
2022-04-21 13:12:10,683 Kamstrup skipping byte, expected kamstrup_meter request magic but got: 0x2e
2022-04-21 13:12:17,919 Kamstrup skipping byte, expected kamstrup_meter request magic but got: 0x31
2022-04-21 13:12:24,674 Kamstrup skipping byte, expected kamstrup_meter request magic but got: 0x32
2022-04-21 13:12:31,935 Kamstrup skipping byte, expected kamstrup_meter request magic but got: 0x31
2022-04-21 13:12:37,856 Kamstrup skipping byte, expected kamstrup_meter request magic but got: 0x2e
2022-04-21 13:12:45,258 Kamstrup skipping byte, expected kamstrup_meter request magic but got: 0x31
2022-04-21 13:12:58,612 Kamstrup skipping byte, expected kamstrup_meter request magic but got: 0x38
2022-04-21 13:13:15,553 Kamstrup skipping byte, expected kamstrup_meter request magic but got: 0x30
2022-04-21 13:13:33,639 Kamstrup skipping byte, expected kamstrup_meter request magic but got: 0x2e
2022-04-21 13:13:51,673 Kamstrup skipping byte, expected kamstrup_meter request magic but got: 0x38
2022-04-21 13:14:12,545 Kamstrup skipping byte, expected kamstrup_meter request magic but got: 0x35
2022-04-21 13:14:33,964 Kamstrup skipping byte, expected kamstrup_meter request magic but got: 0x3a
2022-04-21 13:14:48,651 Kamstrup skipping byte, expected kamstrup_meter request magic but got: 0x31
2022-04-21 13:15:06,450 Kamstrup skipping byte, expected kamstrup_meter request magic but got: 0x30
2022-04-21 13:15:22,265 Kamstrup skipping byte, expected kamstrup_meter request magic but got: 0x32
2022-04-21 13:15:40,829 Kamstrup skipping byte, expected kamstrup_meter request magic but got: 0x35
2022-04-21 13:16:01,128 Kamstrup skipping byte, expected kamstrup_meter request magic but got: 0xd
2022-04-21 13:16:21,970 Kamstrup skipping byte, expected kamstrup_meter request magic but got: 0xa
2022-04-21 13:16:42,060 Kamstrup skipping byte, expected kamstrup_meter request magic but got: 0xd
2022-04-21 13:17:02,683 Kamstrup skipping byte, expected kamstrup_meter request magic but got: 0xa
2022-04-21 13:18:10,117 New Kamstrup connection from 162.142.125.213:57572. (7a0f48f9-d098-4b74-bcc5-f717ab678dc1)
2022-04-21 13:20:38,436 Session timed out: 7a0f48f9-d098-4b74-bcc5-f717ab678dc1
